18 [46912597594880] INFO perfrun.launcher <> - Launcher main begin
25 [46912597594880] INFO perfrun.launcher <> - MessageCatalogInit finished
25 [46912597594880] INFO perfrun.launcher <> - Launcher instance created
25 [46912597594880] INFO perfrun.launcher <> - argc = 7; cmdline = /panfs/panasas01/cosc/an16228/intel/vtune_amplifier_2019.2.0.588069/bin64/amplxe-runss --ui-output-format xml --ui-output-fd 5 --option-file /panfs/panasas01/cosc/an16228/myfiles/HPC/openmp/s01-128/config/runss.options 
43 [46912597594880] INFO perfrun.launcher <> - plugin remoteplug has been added successfully
43 [46912597594880] INFO perfrun.launcher <> - plugin system has been added successfully
43 [46912597594880] INFO perfrun.launcher <> - plugin itt has been added successfully
43 [46912597594880] INFO perfrun.launcher <> - plugin ptracecollector has been added successfully
43 [46912597594880] INFO perfrun.launcher <> - plugin gpu has been added successfully
43 [46912597594880] INFO perfrun.launcher <> - plugin  has been added successfully
43 [46912597594880] INFO perfrun.launcher <> - plugin  has been added successfully
43 [46912597594880] INFO perfrun.launcher <> - plugin  has been added successfully
43 [46912597594880] INFO perfrun.launcher <> - plugin mrte has been added successfully
43 [46912597594880] INFO perfrun.launcher <> - plugin emon has been added successfully
43 [46912597594880] INFO perfrun.launcher <> - plugin cuscol has been added successfully
44 [46912597594880] INFO perfrun.launcher <> - plugin stdsrc has been added successfully
44 [46912597594880] INFO perfrun.launcher <> - plugin sep has been added successfully
44 [46912597594880] INFO perfrun.launcher <> - plugin vtsspp has been added successfully
44 [46912597594880] INFO perfrun.sdk <> - Reading value (1) from file: /proc/sys/kernel/perf_event_paranoid
45 [46912597594880] INFO perfrun.perfcollector <> - cpu: family = 6 model = 45
45 [46912597594880] INFO perfrun.perfcollector <> - dir found : /sys/bus/event_source/devices/uncore_pcu
46 [46912597594880] INFO perfrun.perfcollector <> - format: event config:0-7,21 mask:0-7,21
46 [46912597594880] INFO perfrun.perfcollector <> - format: occ_sel config:14-15 mask:14-15
46 [46912597594880] INFO perfrun.perfcollector <> - format: edge config:18 mask:18
46 [46912597594880] INFO perfrun.perfcollector <> - format: inv config:23 mask:23
46 [46912597594880] INFO perfrun.perfcollector <> - format: thresh config:24-28 mask:24-28
46 [46912597594880] INFO perfrun.perfcollector <> - format: occ_invert config:30 mask:30
46 [46912597594880] INFO perfrun.perfcollector <> - format: occ_edge config:14-51 mask:14-51
46 [46912597594880] INFO perfrun.perfcollector <> - format: filter_band0 config1:0-7 mask:0-7
46 [46912597594880] INFO perfrun.perfcollector <> - format: filter_band1 config1:8-15 mask:8-15
46 [46912597594880] INFO perfrun.perfcollector <> - format: filter_band2 config1:16-23 mask:16-23
46 [46912597594880] INFO perfrun.perfcollector <> - format: filter_band3 config1:24-31 mask:24-31
46 [46912597594880] WARN perfrun.perfcollector <> - pmu hwInfo is not set, at file: vcs/perfrun1/plugins/perfcollector/src/controller.cpp:672
46 [46912597594880] INFO perfrun.perfcollector <> - pmu added : family : uncore_pcu , id : 0
46 [46912597594880] INFO perfrun.perfcollector <> - dir found : /sys/bus/event_source/devices/uncore_cbox_7
46 [46912597594880] INFO perfrun.perfcollector <> - format: event config:0-7 mask:0-7
46 [46912597594880] INFO perfrun.perfcollector <> - format: umask config:8-15 mask:8-15
46 [46912597594880] INFO perfrun.perfcollector <> - format: edge config:18 mask:18
46 [46912597594880] INFO perfrun.perfcollector <> - format: tid_en config:19 mask:19
46 [46912597594880] INFO perfrun.perfcollector <> - format: inv config:23 mask:23
46 [46912597594880] INFO perfrun.perfcollector <> - format: thresh config:24-31 mask:24-31
46 [46912597594880] INFO perfrun.perfcollector <> - format: filter_tid config1:0-4 mask:0-4
46 [46912597594880] INFO perfrun.perfcollector <> - format: filter_nid config1:10-17 mask:10-17
47 [46912597594880] INFO perfrun.perfcollector <> - format: filter_state config1:18-22 mask:18-22
47 [46912597594880] INFO perfrun.perfcollector <> - format: filter_opc config1:23-31 mask:23-31
47 [46912597594880] WARN perfrun.perfcollector <> - pmu hwInfo is not set, at file: vcs/perfrun1/plugins/perfcollector/src/controller.cpp:672
47 [46912597594880] INFO perfrun.perfcollector <> - pmu added : family : uncore_cbox , id : 7
47 [46912597594880] INFO perfrun.perfcollector <> - dir found : /sys/bus/event_source/devices/uncore_cbox_6
47 [46912597594880] INFO perfrun.perfcollector <> - format: event config:0-7 mask:0-7
47 [46912597594880] INFO perfrun.perfcollector <> - format: umask config:8-15 mask:8-15
47 [46912597594880] INFO perfrun.perfcollector <> - format: edge config:18 mask:18
47 [46912597594880] INFO perfrun.perfcollector <> - format: tid_en config:19 mask:19
47 [46912597594880] INFO perfrun.perfcollector <> - format: inv config:23 mask:23
47 [46912597594880] INFO perfrun.perfcollector <> - format: thresh config:24-31 mask:24-31
47 [46912597594880] INFO perfrun.perfcollector <> - format: filter_tid config1:0-4 mask:0-4
47 [46912597594880] INFO perfrun.perfcollector <> - format: filter_nid config1:10-17 mask:10-17
47 [46912597594880] INFO perfrun.perfcollector <> - format: filter_state config1:18-22 mask:18-22
47 [46912597594880] INFO perfrun.perfcollector <> - format: filter_opc config1:23-31 mask:23-31
47 [46912597594880] WARN perfrun.perfcollector <> - pmu hwInfo is not set, at file: vcs/perfrun1/plugins/perfcollector/src/controller.cpp:672
47 [46912597594880] INFO perfrun.perfcollector <> - pmu added : family : uncore_cbox , id : 6
47 [46912597594880] INFO perfrun.perfcollector <> - dir found : /sys/bus/event_source/devices/uncore_cbox_5
47 [46912597594880] INFO perfrun.perfcollector <> - format: event config:0-7 mask:0-7
47 [46912597594880] INFO perfrun.perfcollector <> - format: umask config:8-15 mask:8-15
47 [46912597594880] INFO perfrun.perfcollector <> - format: edge config:18 mask:18
47 [46912597594880] INFO perfrun.perfcollector <> - format: tid_en config:19 mask:19
47 [46912597594880] INFO perfrun.perfcollector <> - format: inv config:23 mask:23
47 [46912597594880] INFO perfrun.perfcollector <> - format: thresh config:24-31 mask:24-31
47 [46912597594880] INFO perfrun.perfcollector <> - format: filter_tid config1:0-4 mask:0-4
47 [46912597594880] INFO perfrun.perfcollector <> - format: filter_nid config1:10-17 mask:10-17
47 [46912597594880] INFO perfrun.perfcollector <> - format: filter_state config1:18-22 mask:18-22
48 [46912597594880] INFO perfrun.perfcollector <> - format: filter_opc config1:23-31 mask:23-31
48 [46912597594880] WARN perfrun.perfcollector <> - pmu hwInfo is not set, at file: vcs/perfrun1/plugins/perfcollector/src/controller.cpp:672
48 [46912597594880] INFO perfrun.perfcollector <> - pmu added : family : uncore_cbox , id : 5
48 [46912597594880] INFO perfrun.perfcollector <> - dir found : /sys/bus/event_source/devices/uncore_cbox_4
48 [46912597594880] INFO perfrun.perfcollector <> - format: event config:0-7 mask:0-7
48 [46912597594880] INFO perfrun.perfcollector <> - format: umask config:8-15 mask:8-15
48 [46912597594880] INFO perfrun.perfcollector <> - format: edge config:18 mask:18
48 [46912597594880] INFO perfrun.perfcollector <> - format: tid_en config:19 mask:19
48 [46912597594880] INFO perfrun.perfcollector <> - format: inv config:23 mask:23
48 [46912597594880] INFO perfrun.perfcollector <> - format: thresh config:24-31 mask:24-31
48 [46912597594880] INFO perfrun.perfcollector <> - format: filter_tid config1:0-4 mask:0-4
48 [46912597594880] INFO perfrun.perfcollector <> - format: filter_nid config1:10-17 mask:10-17
48 [46912597594880] INFO perfrun.perfcollector <> - format: filter_state config1:18-22 mask:18-22
48 [46912597594880] INFO perfrun.perfcollector <> - format: filter_opc config1:23-31 mask:23-31
48 [46912597594880] WARN perfrun.perfcollector <> - pmu hwInfo is not set, at file: vcs/perfrun1/plugins/perfcollector/src/controller.cpp:672
48 [46912597594880] INFO perfrun.perfcollector <> - pmu added : family : uncore_cbox , id : 4
48 [46912597594880] INFO perfrun.perfcollector <> - dir found : /sys/bus/event_source/devices/uncore_cbox_3
48 [46912597594880] INFO perfrun.perfcollector <> - format: event config:0-7 mask:0-7
48 [46912597594880] INFO perfrun.perfcollector <> - format: umask config:8-15 mask:8-15
48 [46912597594880] INFO perfrun.perfcollector <> - format: edge config:18 mask:18
48 [46912597594880] INFO perfrun.perfcollector <> - format: tid_en config:19 mask:19
48 [46912597594880] INFO perfrun.perfcollector <> - format: inv config:23 mask:23
48 [46912597594880] INFO perfrun.perfcollector <> - format: thresh config:24-31 mask:24-31
48 [46912597594880] INFO perfrun.perfcollector <> - format: filter_tid config1:0-4 mask:0-4
48 [46912597594880] INFO perfrun.perfcollector <> - format: filter_nid config1:10-17 mask:10-17
48 [46912597594880] INFO perfrun.perfcollector <> - format: filter_state config1:18-22 mask:18-22
48 [46912597594880] INFO perfrun.perfcollector <> - format: filter_opc config1:23-31 mask:23-31
48 [46912597594880] WARN perfrun.perfcollector <> - pmu hwInfo is not set, at file: vcs/perfrun1/plugins/perfcollector/src/controller.cpp:672
48 [46912597594880] INFO perfrun.perfcollector <> - pmu added : family : uncore_cbox , id : 3
49 [46912597594880] INFO perfrun.perfcollector <> - dir found : /sys/bus/event_source/devices/uncore_cbox_2
49 [46912597594880] INFO perfrun.perfcollector <> - format: event config:0-7 mask:0-7
49 [46912597594880] INFO perfrun.perfcollector <> - format: umask config:8-15 mask:8-15
49 [46912597594880] INFO perfrun.perfcollector <> - format: edge config:18 mask:18
49 [46912597594880] INFO perfrun.perfcollector <> - format: tid_en config:19 mask:19
49 [46912597594880] INFO perfrun.perfcollector <> - format: inv config:23 mask:23
49 [46912597594880] INFO perfrun.perfcollector <> - format: thresh config:24-31 mask:24-31
49 [46912597594880] INFO perfrun.perfcollector <> - format: filter_tid config1:0-4 mask:0-4
49 [46912597594880] INFO perfrun.perfcollector <> - format: filter_nid config1:10-17 mask:10-17
49 [46912597594880] INFO perfrun.perfcollector <> - format: filter_state config1:18-22 mask:18-22
49 [46912597594880] INFO perfrun.perfcollector <> - format: filter_opc config1:23-31 mask:23-31
49 [46912597594880] WARN perfrun.perfcollector <> - pmu hwInfo is not set, at file: vcs/perfrun1/plugins/perfcollector/src/controller.cpp:672
49 [46912597594880] INFO perfrun.perfcollector <> - pmu added : family : uncore_cbox , id : 2
49 [46912597594880] INFO perfrun.perfcollector <> - dir found : /sys/bus/event_source/devices/uncore_cbox_1
49 [46912597594880] INFO perfrun.perfcollector <> - format: event config:0-7 mask:0-7
49 [46912597594880] INFO perfrun.perfcollector <> - format: umask config:8-15 mask:8-15
49 [46912597594880] INFO perfrun.perfcollector <> - format: edge config:18 mask:18
49 [46912597594880] INFO perfrun.perfcollector <> - format: tid_en config:19 mask:19
49 [46912597594880] INFO perfrun.perfcollector <> - format: inv config:23 mask:23
49 [46912597594880] INFO perfrun.perfcollector <> - format: thresh config:24-31 mask:24-31
49 [46912597594880] INFO perfrun.perfcollector <> - format: filter_tid config1:0-4 mask:0-4
49 [46912597594880] INFO perfrun.perfcollector <> - format: filter_nid config1:10-17 mask:10-17
49 [46912597594880] INFO perfrun.perfcollector <> - format: filter_state config1:18-22 mask:18-22
49 [46912597594880] INFO perfrun.perfcollector <> - format: filter_opc config1:23-31 mask:23-31
49 [46912597594880] WARN perfrun.perfcollector <> - pmu hwInfo is not set, at file: vcs/perfrun1/plugins/perfcollector/src/controller.cpp:672
49 [46912597594880] INFO perfrun.perfcollector <> - pmu added : family : uncore_cbox , id : 1
49 [46912597594880] INFO perfrun.perfcollector <> - dir found : /sys/bus/event_source/devices/uncore_cbox_0
49 [46912597594880] INFO perfrun.perfcollector <> - format: event config:0-7 mask:0-7
49 [46912597594880] INFO perfrun.perfcollector <> - format: umask config:8-15 mask:8-15
50 [46912597594880] INFO perfrun.perfcollector <> - format: edge config:18 mask:18
50 [46912597594880] INFO perfrun.perfcollector <> - format: tid_en config:19 mask:19
50 [46912597594880] INFO perfrun.perfcollector <> - format: inv config:23 mask:23
50 [46912597594880] INFO perfrun.perfcollector <> - format: thresh config:24-31 mask:24-31
50 [46912597594880] INFO perfrun.perfcollector <> - format: filter_tid config1:0-4 mask:0-4
50 [46912597594880] INFO perfrun.perfcollector <> - format: filter_nid config1:10-17 mask:10-17
50 [46912597594880] INFO perfrun.perfcollector <> - format: filter_state config1:18-22 mask:18-22
50 [46912597594880] INFO perfrun.perfcollector <> - format: filter_opc config1:23-31 mask:23-31
50 [46912597594880] WARN perfrun.perfcollector <> - pmu hwInfo is not set, at file: vcs/perfrun1/plugins/perfcollector/src/controller.cpp:672
50 [46912597594880] INFO perfrun.perfcollector <> - pmu added : family : uncore_cbox , id : 0
50 [46912597594880] INFO perfrun.perfcollector <> - dir found : /sys/bus/event_source/devices/uncore_ubox
50 [46912597594880] INFO perfrun.perfcollector <> - format: event config:0-7 mask:0-7
50 [46912597594880] INFO perfrun.perfcollector <> - format: umask config:8-15 mask:8-15
50 [46912597594880] INFO perfrun.perfcollector <> - format: edge config:18 mask:18
50 [46912597594880] INFO perfrun.perfcollector <> - format: inv config:23 mask:23
50 [46912597594880] INFO perfrun.perfcollector <> - format: thresh config:24-28 mask:24-28
50 [46912597594880] WARN perfrun.perfcollector <> - pmu hwInfo is not set, at file: vcs/perfrun1/plugins/perfcollector/src/controller.cpp:672
50 [46912597594880] INFO perfrun.perfcollector <> - pmu added : family : uncore_ubox , id : 0
50 [46912597594880] INFO perfrun.perfcollector <> - dir found : /sys/bus/event_source/devices/uncore_r3qpi_1
50 [46912597594880] INFO perfrun.perfcollector <> - format: event config:0-7 mask:0-7
50 [46912597594880] INFO perfrun.perfcollector <> - format: umask config:8-15 mask:8-15
50 [46912597594880] INFO perfrun.perfcollector <> - format: edge config:18 mask:18
50 [46912597594880] INFO perfrun.perfcollector <> - format: inv config:23 mask:23
50 [46912597594880] INFO perfrun.perfcollector <> - format: thresh config:24-31 mask:24-31
50 [46912597594880] WARN perfrun.perfcollector <> - pmu hwInfo is not set, at file: vcs/perfrun1/plugins/perfcollector/src/controller.cpp:672
50 [46912597594880] INFO perfrun.perfcollector <> - pmu added : family : uncore_r3qpi , id : 1
50 [46912597594880] INFO perfrun.perfcollector <> - dir found : /sys/bus/event_source/devices/uncore_r3qpi_0
50 [46912597594880] INFO perfrun.perfcollector <> - format: event config:0-7 mask:0-7
50 [46912597594880] INFO perfrun.perfcollector <> - format: umask config:8-15 mask:8-15
51 [46912597594880] INFO perfrun.perfcollector <> - format: edge config:18 mask:18
51 [46912597594880] INFO perfrun.perfcollector <> - format: inv config:23 mask:23
51 [46912597594880] INFO perfrun.perfcollector <> - format: thresh config:24-31 mask:24-31
51 [46912597594880] WARN perfrun.perfcollector <> - pmu hwInfo is not set, at file: vcs/perfrun1/plugins/perfcollector/src/controller.cpp:672
51 [46912597594880] INFO perfrun.perfcollector <> - pmu added : family : uncore_r3qpi , id : 0
51 [46912597594880] INFO perfrun.perfcollector <> - dir found : /sys/bus/event_source/devices/uncore_r2pcie
51 [46912597594880] INFO perfrun.perfcollector <> - format: event config:0-7 mask:0-7
51 [46912597594880] INFO perfrun.perfcollector <> - format: umask config:8-15 mask:8-15
51 [46912597594880] INFO perfrun.perfcollector <> - format: edge config:18 mask:18
51 [46912597594880] INFO perfrun.perfcollector <> - format: inv config:23 mask:23
51 [46912597594880] INFO perfrun.perfcollector <> - format: thresh config:24-31 mask:24-31
51 [46912597594880] WARN perfrun.perfcollector <> - pmu hwInfo is not set, at file: vcs/perfrun1/plugins/perfcollector/src/controller.cpp:672
51 [46912597594880] INFO perfrun.perfcollector <> - pmu added : family : uncore_r2pcie , id : 0
51 [46912597594880] INFO perfrun.perfcollector <> - dir found : /sys/bus/event_source/devices/uncore_imc_3
51 [46912597594880] INFO perfrun.perfcollector <> - format: event config:0-7 mask:0-7
51 [46912597594880] INFO perfrun.perfcollector <> - format: umask config:8-15 mask:8-15
51 [46912597594880] INFO perfrun.perfcollector <> - format: edge config:18 mask:18
51 [46912597594880] INFO perfrun.perfcollector <> - format: inv config:23 mask:23
51 [46912597594880] INFO perfrun.perfcollector <> - format: thresh config:24-31 mask:24-31
51 [46912597594880] INFO perfrun.perfcollector <> - hwInfo : PERF_IMC_PMU_DETAILS
51 [46912597594880] INFO perfrun.perfcollector <> - pmu added : family : uncore_imc , id : 3
51 [46912597594880] INFO perfrun.perfcollector <> - dir found : /sys/bus/event_source/devices/uncore_imc_2
51 [46912597594880] INFO perfrun.perfcollector <> - format: event config:0-7 mask:0-7
51 [46912597594880] INFO perfrun.perfcollector <> - format: umask config:8-15 mask:8-15
51 [46912597594880] INFO perfrun.perfcollector <> - format: edge config:18 mask:18
51 [46912597594880] INFO perfrun.perfcollector <> - format: inv config:23 mask:23
51 [46912597594880] INFO perfrun.perfcollector <> - format: thresh config:24-31 mask:24-31
51 [46912597594880] INFO perfrun.perfcollector <> - hwInfo : PERF_IMC_PMU_DETAILS
51 [46912597594880] INFO perfrun.perfcollector <> - pmu added : family : uncore_imc , id : 2
51 [46912597594880] INFO perfrun.perfcollector <> - dir found : /sys/bus/event_source/devices/uncore_imc_1
52 [46912597594880] INFO perfrun.perfcollector <> - format: event config:0-7 mask:0-7
52 [46912597594880] INFO perfrun.perfcollector <> - format: umask config:8-15 mask:8-15
52 [46912597594880] INFO perfrun.perfcollector <> - format: edge config:18 mask:18
52 [46912597594880] INFO perfrun.perfcollector <> - format: inv config:23 mask:23
52 [46912597594880] INFO perfrun.perfcollector <> - format: thresh config:24-31 mask:24-31
52 [46912597594880] INFO perfrun.perfcollector <> - hwInfo : PERF_IMC_PMU_DETAILS
52 [46912597594880] INFO perfrun.perfcollector <> - pmu added : family : uncore_imc , id : 1
52 [46912597594880] INFO perfrun.perfcollector <> - dir found : /sys/bus/event_source/devices/uncore_imc_0
52 [46912597594880] INFO perfrun.perfcollector <> - format: event config:0-7 mask:0-7
52 [46912597594880] INFO perfrun.perfcollector <> - format: umask config:8-15 mask:8-15
52 [46912597594880] INFO perfrun.perfcollector <> - format: edge config:18 mask:18
52 [46912597594880] INFO perfrun.perfcollector <> - format: inv config:23 mask:23
52 [46912597594880] INFO perfrun.perfcollector <> - format: thresh config:24-31 mask:24-31
52 [46912597594880] INFO perfrun.perfcollector <> - hwInfo : PERF_IMC_PMU_DETAILS
52 [46912597594880] INFO perfrun.perfcollector <> - pmu added : family : uncore_imc , id : 0
52 [46912597594880] INFO perfrun.perfcollector <> - dir found : /sys/bus/event_source/devices/uncore_ha
52 [46912597594880] INFO perfrun.perfcollector <> - format: event config:0-7 mask:0-7
52 [46912597594880] INFO perfrun.perfcollector <> - format: umask config:8-15 mask:8-15
52 [46912597594880] INFO perfrun.perfcollector <> - format: edge config:18 mask:18
52 [46912597594880] INFO perfrun.perfcollector <> - format: inv config:23 mask:23
52 [46912597594880] INFO perfrun.perfcollector <> - format: thresh config:24-31 mask:24-31
52 [46912597594880] WARN perfrun.perfcollector <> - pmu hwInfo is not set, at file: vcs/perfrun1/plugins/perfcollector/src/controller.cpp:672
52 [46912597594880] INFO perfrun.perfcollector <> - pmu added : family : uncore_ha , id : 0
52 [46912597594880] INFO perfrun.perfcollector <> - dir found : /sys/bus/event_source/devices/cpu
52 [46912597594880] INFO perfrun.perfcollector <> - format: event config:0-7 mask:0-7
52 [46912597594880] INFO perfrun.perfcollector <> - format: umask config:8-15 mask:8-15
52 [46912597594880] INFO perfrun.perfcollector <> - format: edge config:18 mask:18
52 [46912597594880] INFO perfrun.perfcollector <> - format: pc config:19 mask:19
52 [46912597594880] INFO perfrun.perfcollector <> - format: any config:21 mask:21
53 [46912597594880] INFO perfrun.perfcollector <> - format: inv config:23 mask:23
53 [46912597594880] INFO perfrun.perfcollector <> - format: cmask config:24-31 mask:24-31
53 [46912597594880] INFO perfrun.perfcollector <> - format: in_tx config:32 mask:32
53 [46912597594880] INFO perfrun.perfcollector <> - format: in_tx_cp config:33 mask:33
53 [46912597594880] INFO perfrun.perfcollector <> - format: offcore_rsp config1:0-63 mask:0-63
53 [46912597594880] INFO perfrun.perfcollector <> - format: ldlat config1:0-15 mask:0-15
53 [46912597594880] INFO perfrun.perfcollector <> - hwInfo : PERF_CPU_PMU_DETAILS
53 [46912597594880] INFO perfrun.perfcollector <> - pmu added : family : cpu , id : 0
53 [46912597594880] INFO perfrun.perfcollector <> - dir found : /sys/bus/event_source/devices/tracepoint
53 [46912597594880] WARN perfrun.perfcollector <> - format subdir doesn't exist, at file: vcs/perfrun1/plugins/perfcollector/src/controller.cpp:593
53 [46912597594880] WARN perfrun.perfcollector <> - pmu hwInfo is not set, at file: vcs/perfrun1/plugins/perfcollector/src/controller.cpp:672
53 [46912597594880] INFO perfrun.perfcollector <> - pmu added : family : tracepoint , id : 0
53 [46912597594880] INFO perfrun.perfcollector <> - dir found : /sys/bus/event_source/devices/software
53 [46912597594880] WARN perfrun.perfcollector <> - format subdir doesn't exist, at file: vcs/perfrun1/plugins/perfcollector/src/controller.cpp:593
53 [46912597594880] WARN perfrun.perfcollector <> - pmu hwInfo is not set, at file: vcs/perfrun1/plugins/perfcollector/src/controller.cpp:672
53 [46912597594880] INFO perfrun.perfcollector <> - pmu added : family : software , id : 0
53 [46912597594880] INFO perfrun.launcher <> - plugin perf has been added successfully
53 [46912597594880] INFO perfrun.launcher <> - plugin tpss has been added successfully
53 [46912597594880] INFO perfrun.launcher <> - plugin exprof has been added successfully
53 [46912597594880] INFO perfrun.launcher <> - plugin media has been added successfully
53 [46912597594880] INFO perfrun.launcher <> - plugin cve has been added successfully
53 [46912597594880] INFO perfrun.launcher <> - plugin  has been added successfully
53 [46912597594880] INFO perfrun.launcher <> - plugin  has been added successfully
53 [46912597594880] INFO perfrun.launcher <> - plugin parallelfs has been added successfully
53 [46912597594880] INFO perfrun.launcher <> - plugin power has been added successfully
54 [46912597594880] INFO perfrun.launcher <> - the option was added --interval: Specify an interval of data collection (for example, sampling) in milliseconds.
54 [46912597594880] INFO perfrun.launcher <> - the option was added --follow-child: Profile process with or without children.
54 [46912597594880] INFO perfrun.launcher <> - the option was added --gelding: BADMSG: perfrun1.launcher.plugin_manager::gelding
54 [46912597594880] INFO perfrun.launcher <> - the option was added --time-source: Specify time source for measurement. Possible values: sys - wall clock time; tsc - time stamp counter; ext - time from an external source; auto - auto select accurate time source.
54 [46912597594880] INFO perfrun.launcher <> - the option was added --stack: Enable or disable collection of stacks.
54 [46912597594880] INFO perfrun.launcher <> - the option was added --stack-stitching: Enable or disable the stack stitching algorithm for Intel TBB-based applications.
55 [46912597594880] INFO perfrun.launcher <> - the option was added --type: Specify type of data to be collected. For example, --type cpu:counters,waiting:nostack,io.
55 [46912597594880] INFO perfrun.launcher <> - the option was added --mrte-mode: Specify Java/.NET/other managed runtime collection mode. Possible values: native - collect information only for native code; managed - collect information only for managed code; mixed - collect information for both managed and native code; auto - choose the mode based on binary type.
55 [46912597594880] INFO perfrun.launcher <> - the option was added --mrte-mode-list: List supported Java/.NET/other managed runtime collection modes.
55 [46912597594880] INFO perfrun.launcher <> - the option was added --mrte-type: Specify which managed runtimes to collect. Possible values: java - collect information for Java; dotnet - collect information for .NET; python - collect information for CPython. You can specify several values separated by comma.
55 [46912597594880] INFO perfrun.launcher <> - the option was added --mrte-type-list: List supported Java/.NET/other managed runtime types.
55 [46912597594880] INFO perfrun.launcher <> - the option was added --trace-strategy: Specify how to profile a process tree. <string> can be "<process>:trace:notrace" - profile the process but do not profile its children. Shorthand parameters: t - trace, nt - notrace. For example, "vtunedemo.exe:t:t".
55 [46912597594880] INFO perfrun.launcher <> - the option was added --collector: BADMSG: perfrun1.launcher.plugin_manager::collector
55 [46912597594880] INFO perfrun.launcher <> - the option was added --system-wide: Enable system-wide profiling. This mode may require additional permissions.
55 [46912597594880] INFO perfrun.launcher <> - the option was added --kvm-guest: Enable KVM guest OS profiling.
55 [46912597594880] INFO perfrun.launcher <> - the option was added --kvm-guest-kallsyms: Specify a local path to the /proc/kallsyms file copied from the guest OS for proper symbol resolution.
55 [46912597594880] INFO perfrun.launcher <> - the option was added --kvm-guest-modules: Specify a local path to the /proc/modules file copied from the guest OS for proper symbol resolution.
55 [46912597594880] INFO perfrun.launcher <> - the option was added --dump-vdso: Dump [vdso] to result directory
55 [46912597594880] INFO perfrun.launcher <> - the option was added --bandwidth-limits: Measure bandwidth limits
55 [46912597594880] INFO perfrun.launcher <> - the option was added --acrn-map-info: Collect map info for ACRN
55 [46912597594880] INFO perfrun.launcher <> - the option was added --bandwidth-strategy: Bandwidth limits determination specific properties (example: --bandwidth-strategy array-size=0,duration=500).
55 [46912597594880] INFO perfrun.launcher <> - the option was added --bandwidth-config: List of benchmarks to run.
55 [46912597594880] INFO perfrun.launcher <> - the option was added --system-collector-config: Specify subcollectors. Possible values: all, vdso, container, device-info, none.
55 [46912597594880] INFO perfrun.launcher <> - the option was added --itt-config: Specify a sub-set of ITT API to collect.
55 [46912597594880] INFO perfrun.launcher <> - the option was added --itt-debug: Set pseudo-breakpoint at ITT API collector's start to enable the debugger to attach early.
55 [46912597594880] INFO perfrun.launcher <> - the option was added --ptrace: Ptrace collector.
56 [46912597594880] INFO perfrun.launcher <> - the option was added --target-pid: BADMSG: perfrun1.ptracecollector::target-pid
56 [46912597594880] INFO perfrun.launcher <> - the option was added --ptrace-server-pid: BADMSG: perfrun1.ptracecollector::ptrace-server-pid
56 [46912597594880] INFO perfrun.launcher <> - the option was added --ptrace-trace: BADMSG: perfrun1.ptracecollector::ptrace-trace
56 [46912597594880] INFO perfrun.launcher <> - the option was added --ptrace-time-source: BADMSG: perfrun1.ptracecollector::ptrace-time-source
56 [46912597594880] INFO perfrun.launcher <> - the option was added --ptrace-start-type: BADMSG: perfrun1.ptracecollector::ptrace-start-type
56 [46912597594880] INFO perfrun.launcher <> - the option was added --gpu-config: Specify types of GPU data to be collected. Possible values: preset1, preset2.
56 [46912597594880] INFO perfrun.launcher <> - the option was added --gpu-debug: Enable self-testing of the GPGPU profiling collector.
56 [46912597594880] INFO perfrun.launcher <> - the option was added --custom-collector: Allows to provide arbitrary command line to be run on collection steps.
56 [46912597594880] INFO perfrun.launcher <> - the option was added --stdsrc-config: Specify Standard Sources category tag(s).
56 [46912597594880] INFO perfrun.launcher <> - the option was added --ftrace-config-list: List Linux Ftrace category tag(s).
56 [46912597594880] INFO perfrun.launcher <> - the option was added --ftrace-config: Specify Linux Ftrace category tag(s).
56 [46912597594880] INFO perfrun.launcher <> - the option was added --ftrace-function-groups: Enable tracing of specific groups of functions.
56 [46912597594880] INFO perfrun.launcher <> - the option was added --event-info: BADMSG: perfrun1.stdsrc::event-info
56 [46912597594880] INFO perfrun.launcher <> - the option was added --cpu-list: List supported CPUs.
56 [46912597594880] INFO perfrun.launcher <> - the option was added --target-list: List available targets for performing sampling collection.
56 [46912597594880] INFO perfrun.launcher <> - the option was added --event-value-list: Display event information.
56 [46912597594880] INFO perfrun.launcher <> - the option was added --platform-value-list: Display details of supported platforms.
56 [46912597594880] INFO perfrun.launcher <> - the option was added --uncore-event-list: List uncore events for which a sampling data collection can be performed on this platform.
56 [46912597594880] INFO perfrun.launcher <> - the option was added --modifier-list: Specify the event name <string> for which the modifiers list is requested.
56 [46912597594880] INFO perfrun.launcher <> - the option was added --pmu-list: List supported PMUs.
56 [46912597594880] INFO perfrun.launcher <> - the option was added --os-mode-only: Enable sampling data collection for OS-mode processes only.
56 [46912597594880] INFO perfrun.launcher <> - the option was added --user-mode-only: Enable sampling data collection for user-mode processes only.
56 [46912597594880] INFO perfrun.launcher <> - the option was added --event-config: Perform data collection for the events with <string> configured using the format <event name1>":modifier1=val:modifier2=val/constraint1={:modifier3=val:modifier4=val}...,"<event name2>":... Specify the events(s) to monitor and embed the event names within double quotes("). [:modifier=val] specifies individual event modifiers along with the respective values for a given platform. Note that the modifiers can be generic to an event as well as specific to a constraint (or an event qualifier). The constraint specific special modifiers appear after [/constraint=]. The modifiers can be in decimal or hexadecimal format. Only specific modifiers accept the value as a string. Each event specification is delimited by a comma (,). For a list of supported modifiers and constraints, refer to the documentation.
56 [46912597594880] INFO perfrun.launcher <> - the option was added --chipset-event-config: Perform data collection for the chipset events with <string> configured using the format "<event name1>"...,"<event name2>":... Specify the events(s) to monitor and embed the event names within double quotes(").
56 [46912597594880] INFO perfrun.launcher <> - the option was added --uncore-event-config: Perform uncore data collection in ebc count mode for the events with <string> configured using the format "<event name1>"...,"<event name2>":... Specify the events(s) to monitor and embed the event names within double quotes(").
57 [46912597594880] INFO perfrun.launcher <> - the option was added --count-emon: Enable counting mode and output the data in EMON format.
57 [46912597594880] INFO perfrun.launcher <> - the option was added --event-based-counts: Enable event-based counting mode. During sampling data collection, event counts data is collected for the list of events specified in -event-config option.
57 [46912597594880] INFO perfrun.launcher <> - the option was added --event-mux-tfactor: Specify the event multiplexing tfactor as <integer> to set the length of the interval between interrupts. The larger the tfactor value, the larger the period between interrupts. Currently this option is only available on Intel platforms codenamed Knights Corner.
57 [46912597594880] INFO perfrun.launcher <> - the option was added --full-pebs-capture: Capture full pebs information.
57 [46912597594880] INFO perfrun.launcher <> - the option was added --last-branch-records: Capture Last Branch Records information.
57 [46912597594880] INFO perfrun.launcher <> - the option was added --pmu-type: Specify the targeted PMU name as <string>.
57 [46912597594880] INFO perfrun.launcher <> - the option was added --platform-type: Specify the targeted platform number as <number>.
57 [46912597594880] INFO perfrun.launcher <> - the option was added --p-state-trigger: Specify the name of the trigger event for P-state data as <string>. The default trigger is CPU_CLK_UNHALTED.REF_TSC.
57 [46912597594880] INFO perfrun.launcher <> - the option was added --bts-count: Specify the <integer> number of BTS records collected after each sample or context switch (VTSS++ only).
57 [46912597594880] INFO perfrun.launcher <> - the option was added --cpu-mask: Specify which CPU(s) <string> to collect data on. For example, specify "2-8,10,12-14" to sample only CPUs 2 through 8, 10, and 12 through 14.
57 [46912597594880] INFO perfrun.launcher <> - the option was added --event-mux-alg: Specify the event multiplexing algorithm. Possible values: sequence, timer, trigger.
57 [46912597594880] INFO perfrun.launcher <> - the option was added --event-mux-timeslice: Specify the event multiplexing time slice value as <integer>. The time slice specifies the duration between cycles for each event multiplexing group. The default value is 50 milliseconds. This option is valid only for timer-based event multiplexing. Specify the event multiplexing time slice value as <integer>. The time slice specifies the duration between cycles for each event multiplexing group. The default value is 1 millisecond. This option is valid only for timer-based event multiplexing.
57 [46912597594880] INFO perfrun.launcher <> - the option was added --event-mux-factor: Specify the event multiplexing factor as <integer>. It controls the switching of event multiplexing groups. The default factor is 50. This option is valid only for trigger-based event multiplexing. Specify the event multiplexing factor as <integer>. It controls the switching of event multiplexing groups. The default factor is 1. This option is valid only for trigger-based event multiplexing.
57 [46912597594880] INFO perfrun.launcher <> - the option was added --event-mux-trigger: Specify the name of the trigger event for event multiplexing as <string>. This option is valid only for trigger-based event multiplexing. The default trigger is CPU_CLK_UNHALTED.CORE (or CPU_CLK_UNHALTED.THREAD). BADMSG: perfrun1.vtsspp::event-mux-trigger
57 [46912597594880] INFO perfrun.launcher <> - the option was added --pt-mode: BADMSG: perfrun1.vtsspp::pt-mode
57 [46912597594880] INFO perfrun.launcher <> - the option was added --sample-after-multiplier: Specify the sample after multiplier as <double>. This multiplier modifies the sample after value for all the events specified in -event-config option. The values can range from 0.1 to 100.0. SAV multiplier value
57 [46912597594880] INFO perfrun.launcher <> - the option was added --uncore-sampling-interval: Specify the uncore sampling interval as <integer>. This value set the uncore sampling interval for all the uncore events specified in -event-config option.
57 [46912597594880] INFO perfrun.launcher <> - the option was added --count: Enable counting mode. Enable counting mode
57 [46912597594880] INFO perfrun.launcher <> - the option was added --trace-mpi: Configure collector to trace MPI code.
57 [46912597594880] INFO perfrun.launcher <> - the option was added --raw-perf-config: Specify a verified configuration for the Perf collector in the format: <describer>,<content>. For example: map-events-file,<path_to_map_events_file>.
57 [46912597594880] INFO perfrun.launcher <> - the option was added --sys-config: BADMSG: perfrun1.vtsspp::sys-config Specify types of system data to be collected. Supported value: cswitch - collect context switch information.
57 [46912597594880] INFO perfrun.launcher <> - the option was added --perf-event-config: Specify events for Perf collector in Perf format. For example: perf-event-config=cpu-clock.
57 [46912597594880] INFO perfrun.launcher <> - the option was added --perf-aio: Number of control blocks in asynchronous trace writing mode.
57 [46912597594880] INFO perfrun.launcher <> - the option was added --perf-compression: Specify compression of Perf collector output data. Possible levels: 0 - without compression, 1..3 - best speed, 4..22 - best compression that incurs big overhead.
57 [46912597594880] INFO perfrun.launcher <> - the option was added --perf-min-mmap-read: Minimum data size read from the kernel mapped region.
57 [46912597594880] INFO perfrun.launcher <> - the option was added --perf-affinity: Adjust an affinity mask of the Perf thread to a node with an allocated memory trace buffer.
58 [46912597594880] INFO perfrun.launcher <> - the option was added --stackwalk: Specify stack unwinding method. Possible values: online - unwind stacks during collection; offline - unwind stacks after collection is finished. Specify stack unwinding method. Possible value: lbr - unwind stacks during collection. Specify stack unwinding method. Possible values: online - unwind stacks during collection; offline - unwind stacks after collection is finished; lbr - enable LBR-based call stack collection. Specify stack unwinding method. Possible values: online - unwind stacks during collection; offline - unwind stacks after collection is finished. Specify stack unwinding method. Possible values: online - unwind stacks during collection; offline - unwind stacks after collection is finished.
58 [46912597594880] INFO perfrun.launcher <> - the option was added --filter-include: Filter data during collection. Possible values: contended=<on|off> - filter out uncontended events; contended_nostack=<time> - filter out stacks for contended events that take less than <time> microseconds; wait=<time> - ignore transitions and blocks with wait time less than <time> microseconds; wait_nostack=<time> - filter out stacks for waits that take less than <time> microseconds.
58 [46912597594880] INFO perfrun.launcher <> - the option was added --debug-pin: Debug PIN tool and runtime.
58 [46912597594880] INFO perfrun.launcher <> - the option was added --debug-exception: Disallow the application to set own abnormal termination handler.
58 [46912597594880] INFO perfrun.launcher <> - the option was added --trace-type: Specify the trace file granularity. Possible values: per-thread - per-thread trace file generation; per-process - per-process trace file generation.
58 [46912597594880] INFO perfrun.launcher <> - the option was added --instrumentation-type: Specify type of instrumentation.
58 [46912597594880] INFO perfrun.launcher <> - the option was added --altstack: Enable or disable usage of altstacks for profiling signal handlers.
58 [46912597594880] INFO perfrun.launcher <> - the option was added --profiling-signal: BADMSG: perfrun1.ptracecollector::profiling-signal Alternate profiling signal.
58 [46912597594880] INFO perfrun.launcher <> - the option was added --memory-strategy: Specify a minimal memory object size to be traced and a hash table size for faster objects search; for example: --memory-strategy obj-size-min=1024,hash-table-size=4096.
58 [46912597594880] INFO perfrun.launcher <> - the option was added --gpu-profiling-config: Specify a type of deep GPU profiling applied for all kernels and a comma-separated list of GPU kernel names and invocations in the following format: profiling_type[@kernel_name[:start_idx:step:stop_idx]], where profiling_type is one of following: none, bblatency, memlatency; kernel_name is the name of GPU kernel; start_idx is the number of the first invocation; and stop_idx is the number of the last invocation to be profiled.
58 [46912597594880] INFO perfrun.launcher <> - the option was added --opencl-trace-mode: Specify OpenCL kernel tracing modes: 'default' to trace OpenCL kernels for Intel Graphics Driver only; 'epoch' for any non-Intel graphics, where OpenCL kernels will be traced and OpenCL profiling API timestamps will be interpreted as Unux Epoch time in nanoseconds; 'completion' to trace OpenCL kernels for any Graphics Driver and bind OpenCL profiling API timestamps to the timestamp of OpenCL completion callback.
58 [46912597594880] INFO perfrun.launcher <> - the option was added --exprof-com-list: List available COM ports.
58 [46912597594880] INFO perfrun.launcher <> - the option was added --exprof-dvc-list: List available DvC IDs.
58 [46912597594880] INFO perfrun.launcher <> - the option was added --exprof-trace-channel: BADMSG: perfrun1.exprof::exprof-trace-channel
58 [46912597594880] INFO perfrun.launcher <> - the option was added --exprof-event-config: Specify ExactProfiling Event Classes.
58 [46912597594880] INFO perfrun.launcher <> - the option was added --parallel-fs-config: Specify parallel fs counters to collect.
58 [46912597594880] INFO perfrun.launcher <> - the option was added --pwr-config: BADMSG: perfrun1.vtsspp::pwr-config Specify power metrics configuration.
58 [46912597594880] INFO perfrun.launcher <> - the option was added --socwatch-dir: Specify a directory where Intel SoC Watch collector is installed.
62 [46912597594880] INFO perfrun.launcher <> - create msngr2::ICliToolContext
62 [46912597594880] INFO perfrun.launcher <> - create file finder object
62 [46912597594880] INFO perfrun.launcher <> - create a result directory: pattern = /panfs/panasas01/cosc/an16228/myfiles/HPC/openmp/s01-128 pid = 4294967295
67 [46912597594880] INFO perfrun.sdk <> - checked that the directory /panfs/panasas01/cosc/an16228/myfiles/HPC/openmp/s01-128 is a local directory
70 [46912597594880] INFO perfrun.sdk <> - the directory /panfs/panasas01/cosc/an16228/myfiles/HPC/openmp/s01-128 is located on a share or its FS ID is unknown 2866260714
70 [46912597594880] INFO perfrun.sdk <> - checked that the directory /tmp/amplxe-tmp-an16228 is a local directory
70 [46912597594880] INFO perfrun.sdk <> - the directory /tmp/amplxe-tmp-an16228 is a local directory with FS type ID 61267
71 [46912597594880] INFO perfrun.launcher <> - Create a local result directory /tmp/amplxe-tmp-an16228/amplxe-res-86428-127213272158522532 due to the user result path /panfs/panasas01/cosc/an16228/myfiles/HPC/openmp/s01-128 is located on a share
72 [46912597594880] INFO perfrun.launcher <> - create data directory = /tmp/amplxe-tmp-an16228/amplxe-res-86428-127213272158522532/data.0
76 [46912597594880] INFO perfrun.launcher <> - create data directory = /panfs/panasas01/cosc/an16228/myfiles/HPC/openmp/s01-128/data.0
80 [46912597594880] INFO perfrun.launcher <> - Creating the master collection flag
94 [46912597594880] INFO perfrun.launcher <> - Done creating the master collection flag
95 [46912606627584] INFO perfrun.launcher <> - plugin [remoteplug] was disabled because it doesn't support the given collection type.
97 [46912606627584] INFO perfrun.sdk <> - Allocating TMU :/tmp/amplxe-tmp-an16228/amplxe-res-86428-127213272158522532/data.0/systemcollector-86428-node31-030.sc
97 [46912606627584] INFO perfrun.system <> - Tpss based collection
97 [46912606627584] INFO perfrun.launcher <> - plugin [ptracecollector] was disabled because it doesn't support the given collection type.
97 [46912606627584] INFO perfrun.launcher <> - plugin [gpu] was disabled because it doesn't support the given collection type.
97 [46912606627584] INFO perfrun.launcher <> - plugin [] was disabled because it doesn't support the given collection type.
97 [46912606627584] INFO perfrun.launcher <> - plugin [] was disabled because it doesn't support the given collection type.
97 [46912606627584] INFO perfrun.launcher <> - plugin [] was disabled because it doesn't support the given collection type.
98 [46912606627584] INFO perfrun.launcher <> - plugin [mrte] was disabled because it doesn't support the given collection type.
98 [46912606627584] INFO perfrun.launcher <> - plugin [emon] was disabled because it doesn't support the given collection type.
98 [46912606627584] INFO perfrun.launcher <> - plugin [cuscol] was disabled because it doesn't support the given collection type.
98 [46912606627584] INFO perfrun.launcher <> - plugin [stdsrc] was disabled because it doesn't support the given collection type.
98 [46912606627584] INFO perfrun.launcher <> - plugin [sep] was disabled because it doesn't support the given collection type.
98 [46912606627584] INFO perfrun.launcher <> - plugin [vtsspp] was disabled because it doesn't support the given collection type.
99 [46912606627584] INFO perfrun.perfcollector <> - SepDryRunCmd: /panfs/panasas01/cosc/an16228/intel/vtune_amplifier_2019.2.0.588069/bin64/sep -dry-run -sam 1 -ec "CPU_CLK_UNHALTED.THREAD:sa=2600000,CPU_CLK_UNHALTED.REF_TSC:sa=2600000,INST_RETIRED.ANY:sa=2600000,CPU_CLK_UNHALTED.REF_XCLK:sa=100003,CPU_CLK_UNHALTED.ONE_THREAD_ACTIVE:sa=100003,UOPS_RETIRED.RETIRE_SLOTS:sa=2000003" -experimental
140 [46912606627584] INFO perfrun.perfcollector <> - SepDryRun RC = true
141 [46912606627584] INFO perfrun.perfcollector <> - DRY_RUN : "PMU type: Core"
142 [46912606627584] INFO perfrun.perfcollector <> - pmu type : cpu
142 [46912606627584] INFO perfrun.perfcollector <> - DRY_RUN : "Group 0:"
142 [46912606627584] INFO perfrun.perfcollector <> - id : 0
142 [46912606627584] INFO perfrun.perfcollector <> - DRY_RUN : "INST_RETIRED.ANY: event id 2"
142 [46912606627584] INFO perfrun.perfcollector <> - eventName : INST_RETIRED.ANY , eventId : 2
142 [46912606627584] INFO perfrun.perfcollector <> - DRY_RUN : "CPU_CLK_UNHALTED.THREAD: event id 0"
142 [46912606627584] INFO perfrun.perfcollector <> - eventName : CPU_CLK_UNHALTED.THREAD , eventId : 0
142 [46912606627584] INFO perfrun.perfcollector <> - DRY_RUN : "CPU_CLK_UNHALTED.REF_TSC: event id 1"
142 [46912606627584] INFO perfrun.perfcollector <> - eventName : CPU_CLK_UNHALTED.REF_TSC , eventId : 1
142 [46912606627584] INFO perfrun.perfcollector <> - DRY_RUN : "CPU_CLK_UNHALTED.REF_XCLK: event id 3"
142 [46912606627584] INFO perfrun.perfcollector <> - eventName : CPU_CLK_UNHALTED.REF_XCLK , eventId : 3
142 [46912606627584] INFO perfrun.perfcollector <> - DRY_RUN : "CPU_CLK_UNHALTED.ONE_THREAD_ACTIVE: event id 4"
142 [46912606627584] INFO perfrun.perfcollector <> - eventName : CPU_CLK_UNHALTED.ONE_THREAD_ACTIVE , eventId : 4
142 [46912606627584] INFO perfrun.perfcollector <> - DRY_RUN : "UOPS_RETIRED.RETIRE_SLOTS: event id 5"
142 [46912606627584] INFO perfrun.perfcollector <> - eventName : UOPS_RETIRED.RETIRE_SLOTS , eventId : 5
142 [46912606627584] INFO perfrun.perfcollector <> - DRY_RUN : "CCCR"
142 [46912606627584] INFO perfrun.perfcollector <> - DRY_RUN : "reg_type       = 1	event_id       = g	reg_id         = 38f	reg_value      = 700000007"
142 [46912606627584] INFO perfrun.perfcollector <> - eventId : g , ignored
142 [46912606627584] INFO perfrun.perfcollector <> - DRY_RUN : "reg_type       = 1	event_id       = g	reg_id         = 390	reg_value      = 700000007"
142 [46912606627584] INFO perfrun.perfcollector <> - eventId : g , ignored
142 [46912606627584] INFO perfrun.perfcollector <> - DRY_RUN : "reg_type       = 1	event_id       = g	reg_id         = 3f1	reg_value      = 0"
142 [46912606627584] INFO perfrun.perfcollector <> - eventId : g , ignored
142 [46912606627584] INFO perfrun.perfcollector <> - DRY_RUN : "reg_type       = 1	event_id       = g	reg_id         = 1d9	reg_value      = 1800"
142 [46912606627584] INFO perfrun.perfcollector <> - eventId : g , ignored
142 [46912606627584] INFO perfrun.perfcollector <> - DRY_RUN : "reg_type       = 1	event_id       = g	reg_id         = 38d	reg_value      = bbb"
142 [46912606627584] INFO perfrun.perfcollector <> - eventId : g , ignored
142 [46912606627584] INFO perfrun.perfcollector <> - DRY_RUN : "reg_type       = 1	event_id       = 3	reg_id         = 186	reg_value      = 53013c"
142 [46912606627584] INFO perfrun.perfcollector <> - eventId : 3 , cccrAddr : 186 , cccrVal : 53013c
142 [46912606627584] INFO perfrun.perfcollector <> - DRY_RUN : "reg_type       = 1	event_id       = 4	reg_id         = 187	reg_value      = 53023c"
142 [46912606627584] INFO perfrun.perfcollector <> - eventId : 4 , cccrAddr : 187 , cccrVal : 53023c
142 [46912606627584] INFO perfrun.perfcollector <> - DRY_RUN : "reg_type       = 1	event_id       = 5	reg_id         = 188	reg_value      = 5302c2"
142 [46912606627584] INFO perfrun.perfcollector <> - eventId : 5 , cccrAddr : 188 , cccrVal : 5302c2
143 [46912606627584] INFO perfrun.perfcollector <> - DRY_RUN : "ESCR"
143 [46912606627584] INFO perfrun.perfcollector <> - DRY_RUN : "reg_type       = 2	event_id       = g	reg_id         = 1c8	reg_value      = 0"
143 [46912606627584] INFO perfrun.perfcollector <> - eventId : g , ignored
143 [46912606627584] INFO perfrun.perfcollector <> - DRY_RUN : "DATA"
143 [46912606627584] INFO perfrun.perfcollector <> - DRY_RUN : "reg_type       = 4	event_id       = 2	reg_id         = 309	reg_value      = ffffffd853c0"
143 [46912606627584] INFO perfrun.perfcollector <> - eventId : 2 , dataAddr : 309 , dataVal : ffffffd853c0
143 [46912606627584] INFO perfrun.perfcollector <> - DRY_RUN : "reg_type       = 4	event_id       = 0	reg_id         = 30a	reg_value      = ffffffd853c0"
143 [46912606627584] INFO perfrun.perfcollector <> - eventId : 0 , dataAddr : 30a , dataVal : ffffffd853c0
143 [46912606627584] INFO perfrun.perfcollector <> - DRY_RUN : "reg_type       = 4	event_id       = 1	reg_id         = 30b	reg_value      = ffffffd853c0"
143 [46912606627584] INFO perfrun.perfcollector <> - eventId : 1 , dataAddr : 30b , dataVal : ffffffd853c0
143 [46912606627584] INFO perfrun.perfcollector <> - DRY_RUN : "reg_type       = 4	event_id       = 3	reg_id         = c1	reg_value      = fffffffe795d"
143 [46912606627584] INFO perfrun.perfcollector <> - eventId : 3 , dataAddr : c1 , dataVal : fffffffe795d
143 [46912606627584] INFO perfrun.perfcollector <> - DRY_RUN : "reg_type       = 4	event_id       = 4	reg_id         = c2	reg_value      = fffffffe795d"
143 [46912606627584] INFO perfrun.perfcollector <> - eventId : 4 , dataAddr : c2 , dataVal : fffffffe795d
143 [46912606627584] INFO perfrun.perfcollector <> - DRY_RUN : "reg_type       = 4	event_id       = 5	reg_id         = c3	reg_value      = ffffffe17b7d"
143 [46912606627584] INFO perfrun.perfcollector <> - eventId : 5 , dataAddr : c3 , dataVal : ffffffe17b7d
143 [46912606627584] INFO perfrun.perfcollector <> - pmu config : cpu , m_cccrAddr : ffffffff , m_cccrVal : 0 , m_escrAddr : ffffffff , m_escrVal : 0 , m_dataAddr : 30a , m_dataVal : ffffffffffd853c0
143 [46912606627584] INFO perfrun.perfcollector <> - config : event : 3c
143 [46912606627584] INFO perfrun.perfcollector <> - config : umask : 0
143 [46912606627584] INFO perfrun.perfcollector <> - config : edge : 0
143 [46912606627584] INFO perfrun.perfcollector <> - config : pc : 0
143 [46912606627584] INFO perfrun.perfcollector <> - config : any : 0
143 [46912606627584] INFO perfrun.perfcollector <> - config : inv : 0
143 [46912606627584] INFO perfrun.perfcollector <> - config : cmask : 0
143 [46912606627584] INFO perfrun.perfcollector <> - config : in_tx : 0
143 [46912606627584] INFO perfrun.perfcollector <> - config : in_tx_cp : 0
143 [46912606627584] INFO perfrun.perfcollector <> - config1 : offcore_rsp : 0
143 [46912606627584] INFO perfrun.perfcollector <> - config1 : ldlat : 0
143 [46912606627584] INFO perfrun.perfcollector <> - format : cpu/event=0x3c,name='CPU_CLK_UNHALTED.THREAD'/D
143 [46912606627584] INFO perfrun.perfcollector <> - pmu config : cpu , m_cccrAddr : ffffffff , m_cccrVal : 0 , m_escrAddr : ffffffff , m_escrVal : 0 , m_dataAddr : 30b , m_dataVal : ffffffffffd853c0
143 [46912606627584] INFO perfrun.perfcollector <> - config : event : 0
143 [46912606627584] INFO perfrun.perfcollector <> - config : umask : 3
143 [46912606627584] INFO perfrun.perfcollector <> - config : edge : 0
143 [46912606627584] INFO perfrun.perfcollector <> - config : pc : 0
143 [46912606627584] INFO perfrun.perfcollector <> - config : any : 0
143 [46912606627584] INFO perfrun.perfcollector <> - config : inv : 0
143 [46912606627584] INFO perfrun.perfcollector <> - config : cmask : 0
143 [46912606627584] INFO perfrun.perfcollector <> - config : in_tx : 0
143 [46912606627584] INFO perfrun.perfcollector <> - config : in_tx_cp : 0
143 [46912606627584] INFO perfrun.perfcollector <> - config1 : offcore_rsp : 0
143 [46912606627584] INFO perfrun.perfcollector <> - config1 : ldlat : 0
143 [46912606627584] INFO perfrun.perfcollector <> - format : cpu/umask=0x3,name='CPU_CLK_UNHALTED.REF_TSC'/D
143 [46912606627584] INFO perfrun.perfcollector <> - pmu config : cpu , m_cccrAddr : ffffffff , m_cccrVal : 0 , m_escrAddr : ffffffff , m_escrVal : 0 , m_dataAddr : 309 , m_dataVal : ffffffffffd853c0
143 [46912606627584] INFO perfrun.perfcollector <> - config : event : c0
143 [46912606627584] INFO perfrun.perfcollector <> - config : umask : 0
143 [46912606627584] INFO perfrun.perfcollector <> - config : edge : 0
143 [46912606627584] INFO perfrun.perfcollector <> - config : pc : 0
143 [46912606627584] INFO perfrun.perfcollector <> - config : any : 0
143 [46912606627584] INFO perfrun.perfcollector <> - config : inv : 0
143 [46912606627584] INFO perfrun.perfcollector <> - config : cmask : 0
143 [46912606627584] INFO perfrun.perfcollector <> - config : in_tx : 0
143 [46912606627584] INFO perfrun.perfcollector <> - config : in_tx_cp : 0
143 [46912606627584] INFO perfrun.perfcollector <> - config1 : offcore_rsp : 0
143 [46912606627584] INFO perfrun.perfcollector <> - config1 : ldlat : 0
143 [46912606627584] INFO perfrun.perfcollector <> - format : cpu/event=0xc0,name='INST_RETIRED.ANY'/D
143 [46912606627584] INFO perfrun.perfcollector <> - pmu config : cpu , m_cccrAddr : 186 , m_cccrVal : 53013c , m_escrAddr : ffffffff , m_escrVal : 0 , m_dataAddr : c1 , m_dataVal : fffffffffffe795d
143 [46912606627584] INFO perfrun.perfcollector <> - config : event : 3c
143 [46912606627584] INFO perfrun.perfcollector <> - config : umask : 1
143 [46912606627584] INFO perfrun.perfcollector <> - config : edge : 0
143 [46912606627584] INFO perfrun.perfcollector <> - config : pc : 0
143 [46912606627584] INFO perfrun.perfcollector <> - config : any : 0
143 [46912606627584] INFO perfrun.perfcollector <> - config : inv : 0
143 [46912606627584] INFO perfrun.perfcollector <> - config : cmask : 0
143 [46912606627584] INFO perfrun.perfcollector <> - config : in_tx : 0
143 [46912606627584] INFO perfrun.perfcollector <> - config : in_tx_cp : 0
143 [46912606627584] INFO perfrun.perfcollector <> - config1 : offcore_rsp : 0
143 [46912606627584] INFO perfrun.perfcollector <> - config1 : ldlat : 0
143 [46912606627584] INFO perfrun.perfcollector <> - format : cpu/event=0x3c,umask=0x1,name='CPU_CLK_UNHALTED.REF_XCLK'/
143 [46912606627584] INFO perfrun.perfcollector <> - pmu config : cpu , m_cccrAddr : 187 , m_cccrVal : 53023c , m_escrAddr : ffffffff , m_escrVal : 0 , m_dataAddr : c2 , m_dataVal : fffffffffffe795d
143 [46912606627584] INFO perfrun.perfcollector <> - config : event : 3c
143 [46912606627584] INFO perfrun.perfcollector <> - config : umask : 2
143 [46912606627584] INFO perfrun.perfcollector <> - config : edge : 0
143 [46912606627584] INFO perfrun.perfcollector <> - config : pc : 0
143 [46912606627584] INFO perfrun.perfcollector <> - config : any : 0
143 [46912606627584] INFO perfrun.perfcollector <> - config : inv : 0
143 [46912606627584] INFO perfrun.perfcollector <> - config : cmask : 0
143 [46912606627584] INFO perfrun.perfcollector <> - config : in_tx : 0
143 [46912606627584] INFO perfrun.perfcollector <> - config : in_tx_cp : 0
143 [46912606627584] INFO perfrun.perfcollector <> - config1 : offcore_rsp : 0
143 [46912606627584] INFO perfrun.perfcollector <> - config1 : ldlat : 0
143 [46912606627584] INFO perfrun.perfcollector <> - format : cpu/event=0x3c,umask=0x2,name='CPU_CLK_UNHALTED.ONE_THREAD_ACTIVE'/
143 [46912606627584] INFO perfrun.perfcollector <> - pmu config : cpu , m_cccrAddr : 188 , m_cccrVal : 5302c2 , m_escrAddr : ffffffff , m_escrVal : 0 , m_dataAddr : c3 , m_dataVal : ffffffffffe17b7d
143 [46912606627584] INFO perfrun.perfcollector <> - config : event : c2
143 [46912606627584] INFO perfrun.perfcollector <> - config : umask : 2
143 [46912606627584] INFO perfrun.perfcollector <> - config : edge : 0
143 [46912606627584] INFO perfrun.perfcollector <> - config : pc : 0
143 [46912606627584] INFO perfrun.perfcollector <> - config : any : 0
143 [46912606627584] INFO perfrun.perfcollector <> - config : inv : 0
143 [46912606627584] INFO perfrun.perfcollector <> - config : cmask : 0
143 [46912606627584] INFO perfrun.perfcollector <> - config : in_tx : 0
143 [46912606627584] INFO perfrun.perfcollector <> - config : in_tx_cp : 0
143 [46912606627584] INFO perfrun.perfcollector <> - config1 : offcore_rsp : 0
143 [46912606627584] INFO perfrun.perfcollector <> - config1 : ldlat : 0
143 [46912606627584] INFO perfrun.perfcollector <> - format : cpu/event=0xc2,umask=0x2,name='UOPS_RETIRED.RETIRE_SLOTS'/
143 [46912606627584] INFO perfrun.perfcollector <> - event: cpu/event=0x3c,name='CPU_CLK_UNHALTED.THREAD'/Duk , added for counting
143 [46912606627584] INFO perfrun.perfcollector <> - event: cpu/umask=0x3,name='CPU_CLK_UNHALTED.REF_TSC'/Duk , added for counting
143 [46912606627584] INFO perfrun.perfcollector <> - event: cpu/event=0xc0,name='INST_RETIRED.ANY'/Duk , added for counting
143 [46912606627584] INFO perfrun.perfcollector <> - event: cpu/event=0x3c,umask=0x1,name='CPU_CLK_UNHALTED.REF_XCLK'/uk , added for counting
143 [46912606627584] INFO perfrun.perfcollector <> - event: cpu/event=0x3c,umask=0x2,name='CPU_CLK_UNHALTED.ONE_THREAD_ACTIVE'/uk , added for counting
143 [46912606627584] INFO perfrun.perfcollector <> - event: cpu/event=0xc2,umask=0x2,name='UOPS_RETIRED.RETIRE_SLOTS'/uk , added for counting
144 [46912630228736] INFO perfrun.perfcollector <> - Monitor: runCmd: "/panfs/panasas01/cosc/an16228/intel/vtune_amplifier_2019.2.0.588069/bin64/amplxe-perf" stat --log-fd 12 --resume-fd 13 --resume-ack-fd 17 -c -x ; -e cpu/event=0x3c,name='CPU_CLK_UNHALTED.THREAD'/Duk,cpu/umask=0x3,name='CPU_CLK_UNHALTED.REF_TSC'/Duk,cpu/event=0xc0,name='INST_RETIRED.ANY'/Duk,cpu/event=0x3c,umask=0x1,name='CPU_CLK_UNHALTED.REF_XCLK'/uk,cpu/event=0x3c,umask=0x2,name='CPU_CLK_UNHALTED.ONE_THREAD_ACTIVE'/uk,cpu/event=0xc2,umask=0x2,name='UOPS_RETIRED.RETIRE_SLOTS'/uk "/panfs/panasas01/cosc/an16228/intel/vtune_amplifier_2019.2.0.588069/bin64/amplxe-perf-sync" dryrun sys
242 [46912789022464] INFO perfrun.perfcollector <> - PERF_STAT : "7197549;;CPU_CLK_UNHALTED.THREAD;2265765;100.00"
242 [46912789022464] INFO perfrun.perfcollector <> - PERF_STAT : "5696964;;CPU_CLK_UNHALTED.REF_TSC;2265765;100.00"
242 [46912789022464] INFO perfrun.perfcollector <> - PERF_STAT : "6428246;;INST_RETIRED.ANY;2265765;100.00"
242 [46912789022464] INFO perfrun.perfcollector <> - PERF_STAT : "219112;;CPU_CLK_UNHALTED.REF_XCLK;2265765;100.00"
242 [46912789022464] INFO perfrun.perfcollector <> - PERF_STAT : "219112;;CPU_CLK_UNHALTED.ONE_THREAD_ACTIVE;2265765;100.00"
242 [46912789022464] INFO perfrun.perfcollector <> - PERF_STAT : "7638320;;UOPS_RETIRED.RETIRE_SLOTS;2265765;100.00"
242 [46912630228736] INFO perfrun.perfcollector <> - Monitor: runCmd RC = true
243 [46912606627584] INFO perfrun.tpss <> - initialize tpss controller
243 [46912606627584] INFO perfrun.tpss <> - configure collection mode: value = cpu:counters:nostack
243 [46912606627584] INFO perfrun.tpss <> - configure collection mode: value = cpu:stack
243 [46912606627584] INFO perfrun.tpss <> - default obj-size-min=1024
243 [46912606627584] INFO perfrun.tpss <> - default hash-table-size=0
291 [46912606627584] INFO perfrun.launcher <> - plugin [exprof] was disabled because it doesn't support the given collection type.
291 [46912606627584] INFO perfrun.launcher <> - plugin [cve] was disabled because it doesn't support the given collection type.
291 [46912606627584] INFO perfrun.launcher <> - plugin [] was disabled because it doesn't support the given collection type.
291 [46912606627584] INFO perfrun.launcher <> - plugin [] was disabled because it doesn't support the given collection type.
291 [46912606627584] INFO perfrun.launcher <> - plugin [parallelfs] was disabled because it doesn't support the given collection type.
291 [46912606627584] INFO perfrun.launcher <> - plugin [power] was disabled because it doesn't support the given collection type.
291 [46912597594880] INFO perfrun.launcher <> - set environment variable: LD_LIBRARY_PATH = /panfs/panasas01/cosc/an16228/intel/vtune_amplifier_2019.2.0.588069/lib32/runtime:/panfs/panasas01/cosc/an16228/intel/vtune_amplifier_2019.2.0.588069/lib64/runtime:/cm/shared/languages/Python-2.7.6/lib:/cm/shared/languages/GCC-4.8.4/lib64:/cm/shared/languages/GCC-4.8.4/lib:/cm/shared/apps/moab/7.2.9/lib:/cm/shared/apps/torque/4.2.4.1/lib:/cm/shared/languages/Intel-Compiler-XE-16-U2/compilers_and_libraries_2016.2.181/linux/ipp/lib/intel64:/cm/shared/languages/Intel-Compiler-XE-16-U2/compilers_and_libraries_2016.2.181/linux/compiler/lib/intel64:/cm/shared/languages/Intel-Compiler-XE-16-U2/compilers_and_libraries_2016.2.181/linux/mkl/lib/intel64:/cm/shared/languages/Intel-Compiler-XE-16-U2/compilers_and_libraries_2016.2.181/linux/tbb/lib/intel64/gcc4.4:/cm/shared/languages/Intel-Compiler-XE-16-U2/compilers_and_libraries_2016.2.181/linux/daal/lib/intel64_lin:/cm/shared/languages/Intel-Compiler-XE-16-U2/compilers_and_libraries_2016.2.181/linux/daal/../tbb/lib/intel64_lin/gcc4.4:/cm/shared/languages/Intel-Compiler-XE-16-U2/compilers_and_libraries_2016.2.181/linux/daal/../compiler/lib/intel64_lin:/cm/shared/languages/Intel-Compiler-XE-16-U2/debugger_2016/libipt/intel64/lib:/cm/shared/languages/Intel-Compiler-XE-16-U2/compilers_and_libraries_2016.2.181/linux/mpi/intel64/lib:/cm/shared/libraries/gnu_builds/gsl-1.16/lib:/cm/shared/libraries/gnu_builds/msgpack/lib
291 [46912597594880] INFO perfrun.launcher <> - set environment variable: INTEL_LIBITTNOTIFY32 = /panfs/panasas01/cosc/an16228/intel/vtune_amplifier_2019.2.0.588069/lib32/runtime/libittnotify_collector.so
291 [46912597594880] INFO perfrun.launcher <> - set environment variable: INTEL_LIBITTNOTIFY64 = /panfs/panasas01/cosc/an16228/intel/vtune_amplifier_2019.2.0.588069/lib64/runtime/libittnotify_collector.so
292 [46912597594880] INFO perfrun.launcher <> - set environment variable: INTEL_ITTNOTIFY_GROUPS = 
292 [46912597594880] INFO perfrun.launcher <> - set environment variable: INTEL_JIT_PROFILER32 = /panfs/panasas01/cosc/an16228/intel/vtune_amplifier_2019.2.0.588069/lib32/runtime/libittnotify_collector.so
292 [46912597594880] INFO perfrun.launcher <> - set environment variable: INTEL_JIT_PROFILER64 = /panfs/panasas01/cosc/an16228/intel/vtune_amplifier_2019.2.0.588069/lib64/runtime/libittnotify_collector.so
292 [46912597594880] INFO perfrun.launcher <> - set environment variable: VS_PROFILER = libittnotify_collector.so
292 [46912597594880] INFO perfrun.launcher <> - set environment variable: ENABLE_JITPROFILING = 1
292 [46912597594880] INFO perfrun.launcher <> - set environment variable: CL_CONFIG_USE_VTUNE = True
292 [46912597594880] INFO perfrun.launcher <> - set environment variable: __OCL_MIC_INTEL_LIBITTNOTIFY64 = /amplxe/results/libittnotify_collector.so
292 [46912597594880] INFO perfrun.launcher <> - set environment variable: __OCL_MIC_INTEL_JIT_PROFILER64 = /amplxe/results/libittnotify_collector.so
292 [46912597594880] INFO perfrun.launcher <> - set environment variable: KMP_FORKJOIN_FRAMES = 0
292 [46912597594880] INFO perfrun.launcher <> - set environment variable: KMP_FORKJOIN_FRAMES_MODE = 0
292 [46912597594880] INFO perfrun.launcher <> - RpcServer: run RPC server to handle requests
299 [46912597594880] INFO perfrun.launcher <> - Launcher: command line to start before modification = ./lbm input_128x128.params obstacles_128x128.dat
304 [46912597594880] INFO perfrun.launcher <> - Launcher: command line to start after modification = /panfs/panasas01/cosc/an16228/intel/vtune_amplifier_2019.2.0.588069/bin64/pin -error_file /tmp/amplxe-tmp-an16228/amplxe-res-86428-127213272158522532/data.0/pinerr.tpsslog -detach_reattach -follow_execv -tool_load_option deepbind -t64 /panfs/panasas01/cosc/an16228/intel/vtune_amplifier_2019.2.0.588069/lib64/libtpsstool.so -t /panfs/panasas01/cosc/an16228/intel/vtune_amplifier_2019.2.0.588069/lib32/libtpsstool.so -server_name tpss_ipc.86428 -prd_dir /panfs/panasas01/cosc/an16228/intel/vtune_amplifier_2019.2.0.588069 -- ./lbm input_128x128.params obstacles_128x128.dat
304 [46912597594880] INFO perfrun.launcher <> - ProcessCreator object was created
305 [46912597594880] INFO perfrun.launcher <> - Launcher: the process was started in suspend mode
1362 [46912606627584] INFO perfrun.system <> - Helper runtool '/panfs/panasas01/cosc/an16228/intel/vtune_amplifier_2019.2.0.588069/bin32/amplxe-runss -dump-vdso -r /tmp/amplxe-tmp-an16228/amplxe-res-86428-127213272158522532 --tmp-dir /tmp/amplxe-tmp-an16228' returned 0
1463 [46912606627584] INFO perfrun.system <> - Helper runtool '/panfs/panasas01/cosc/an16228/intel/vtune_amplifier_2019.2.0.588069/bin64/amplxe-runss -dump-vdso -r /tmp/amplxe-tmp-an16228/amplxe-res-86428-127213272158522532 --tmp-dir /tmp/amplxe-tmp-an16228' returned 0
1465 [46912606627584] INFO perfrun.system <> - OpenCL gpu adapter vendor Id 6659
1465 [46912606627584] WARN perfrun.system <> - Folder "/sys/kernel/debug/kvm"doesn't exist, at file: vcs/perfrun1/plugins/system/src/trace_writer.cpp:682
1465 [46912606627584] WARN perfrun.system <> - Folder "/var/run/libvirt/qemu/"doesn't exist, at file: vcs/perfrun1/plugins/system/src/trace_writer.cpp:762
1465 [46912606627584] WARN perfrun.sdk <> - Failed to find xl binary on any of the system paths: /bin, /sbin, /usr/bin, /usr/sbin., at file: vcs/perfrun1/sdk/src/utils.cpp:529
1465 [46912606627584] WARN perfrun.system <> - Could not start ContainerMapping collector, at file: vcs/perfrun1/plugins/system/src/controller.cpp:464
1471 [46912606627584] INFO perfrun.itt <> - start itt controller for pid #86438
1472 [46912793224960] INFO perfrun.perfcollector <> - Monitor: runCmd: "/panfs/panasas01/cosc/an16228/intel/vtune_amplifier_2019.2.0.588069/bin64/amplxe-perf" stat --log-fd 26 --resume-fd 27 --resume-ack-fd 30 -p 86438 -c -x ; -e cpu/event=0x3c,name='CPU_CLK_UNHALTED.THREAD'/Duk,cpu/umask=0x3,name='CPU_CLK_UNHALTED.REF_TSC'/Duk,cpu/event=0xc0,name='INST_RETIRED.ANY'/Duk,cpu/event=0x3c,umask=0x1,name='CPU_CLK_UNHALTED.REF_XCLK'/uk,cpu/event=0x3c,umask=0x2,name='CPU_CLK_UNHALTED.ONE_THREAD_ACTIVE'/uk,cpu/event=0xc2,umask=0x2,name='UOPS_RETIRED.RETIRE_SLOTS'/uk "/panfs/panasas01/cosc/an16228/intel/vtune_amplifier_2019.2.0.588069/bin64/amplxe-perf-sync" sync sys
1479 [46912606627584] INFO perfrun.tpss <> - start tpss controller for pid #86438
1529 [46912597594880] INFO perfrun.launcher <> - Launcher: all plugins were started
1529 [46912597594880] INFO perfrun.launcher <> - DirectoryMonitor object was created
1529 [46912597594880] INFO perfrun.launcher <> - DirectoryMonitor: a callback was added
1529 [46912597594880] INFO perfrun.launcher <> - DirectoryMonitor was started with pingTime = 1000
1529 [46912597594880] INFO perfrun.launcher <> - DeadlineTimer is going to be constructed
1529 [46912597594880] INFO perfrun.launcher <> - DeadlineTimer: a callback was added
1547 [46912597594880] INFO perfrun.launcher <> - Launcher: resume the profiled application and  wait its termination or stop command
27869 [46912597594880] INFO perfrun.launcher <> - Launcher: the profiled application was terminated  with exit code = 0
27872 [46912606627584] INFO perfrun.itt <> - stop itt controller
27872 [46912606627584] INFO perfrun.itt <> - detach itt controller
27876 [46912990349056] INFO perfrun.perfcollector <> - PERF_STAT : "84267481590;;CPU_CLK_UNHALTED.THREAD;25557603507;100.00"
27876 [46912990349056] INFO perfrun.perfcollector <> - PERF_STAT : "66400313278;;CPU_CLK_UNHALTED.REF_TSC;25557603507;100.00"
27888 [46912990349056] INFO perfrun.perfcollector <> - PERF_STAT : "140282571741;;INST_RETIRED.ANY;25557603507;100.00"
27888 [46912990349056] INFO perfrun.perfcollector <> - PERF_STAT : "2553857867;;CPU_CLK_UNHALTED.REF_XCLK;25557603507;100.00"
27888 [46912990349056] INFO perfrun.perfcollector <> - PERF_STAT : "2553857867;;CPU_CLK_UNHALTED.ONE_THREAD_ACTIVE;25557603507;100.00"
27888 [46912990349056] INFO perfrun.perfcollector <> - PERF_STAT : "163140774170;;UOPS_RETIRED.RETIRE_SLOTS;25557603507;100.00"
27888 [46912793224960] INFO perfrun.perfcollector <> - Monitor: runCmd RC = true
27888 [46912606627584] INFO perfrun.perfcollector <> - Monitor: state = 3, error = 1
27888 [46912606627584] INFO perfrun.tpss <> - stop tpss controller
27889 [46912606627584] INFO perfrun.sdk <> - De-allocating TMU: /tmp/amplxe-tmp-an16228/amplxe-res-86428-127213272158522532/data.0/systemcollector-86428-node31-030.sc
27889 [46912606627584] INFO perfrun.system <> - closed the system trace file: /tmp/amplxe-tmp-an16228/amplxe-res-86428-127213272158522532/data.0/systemcollector-86428-node31-030.sc
27889 [46912597594880] INFO perfrun.launcher <> - Launcher: all plugins were stopped.
27889 [46912597594880] INFO perfrun.launcher <> - DeadlineTimer is going to be destroyed
27889 [46912597594880] INFO perfrun.launcher <> - DirectoryMonitor object was destroyed
27889 [46912597594880] WARN perfrun.launcher <> - Stop command is ignored because it is received when collection is already stopped, at file: vcs/perfrun1/launcher/src/command_handler.cpp:212
27992 [46912597594880] INFO perfrun.launcher <> - Application exit code: 0
27992 [46912597594880] INFO perfrun.launcher <> - Exit code: 0
