16 [46912594636000] TRACE perfrun.launcher <> - ENTER: int main(int, char **)
17 [46912594636000] INFO perfrun.launcher <> - Launcher main begin
27 [46912594636000] INFO perfrun.launcher <> - MessageCatalogInit finished
27 [46912594636000] INFO perfrun.launcher <> - Launcher instance created
27 [46912594636000] TRACE perfrun.launcher <> - ENTER: Start the collection
27 [46912594636000] INFO perfrun.launcher <> - argc = 7; cmdline = /panfs/panasas01/cosc/an16228/intel/advisor_2019.2.0.588361/bin64/advixe-runss --ui-output-format xml --ui-output-fd 6 --option-file /panfs/panasas01/cosc/an16228/myfiles/HPC/openmp/roof-init-256/e000/hs000/config/runss.options 
27 [46912594636000] TRACE perfrun.launcher <> - ENTER: Initialize the launcher
40 [46912594636000] TRACE perfrun.launcher <> - ENTER: void runtool::CmdLineParser::declareOptions()
50 [46912594636000] TRACE perfrun.launcher <> - EXIT:  void runtool::CmdLineParser::declareOptions()
50 [46912594636000] INFO perfrun.launcher <> - plugin remoteplug has been added successfully
50 [46912594636000] TRACE perfrun.system <> - ENTER: static runtool::system::IController *runtool::system::IController::create()
50 [46912594636000] TRACE perfrun.system <> - ENTER: runtool::system::Controller::Controller()
50 [46912594636000] TRACE perfrun.system <> - EXIT:  runtool::system::Controller::Controller()
50 [46912594636000] TRACE perfrun.system <> - EXIT:  static runtool::system::IController *runtool::system::IController::create()
50 [46912594636000] INFO perfrun.launcher <> - plugin system has been added successfully
50 [46912594636000] INFO perfrun.launcher <> - plugin  has been added successfully
50 [46912594636000] INFO perfrun.launcher <> - plugin  has been added successfully
50 [46912594636000] INFO perfrun.launcher <> - plugin  has been added successfully
50 [46912594636000] INFO perfrun.launcher <> - plugin  has been added successfully
50 [46912594636000] INFO perfrun.launcher <> - plugin  has been added successfully
50 [46912594636000] INFO perfrun.launcher <> - plugin  has been added successfully
50 [46912594636000] INFO perfrun.launcher <> - plugin mrte has been added successfully
51 [46912594636000] INFO perfrun.launcher <> - plugin  has been added successfully
51 [46912594636000] INFO perfrun.launcher <> - plugin  has been added successfully
51 [46912594636000] INFO perfrun.launcher <> - plugin  has been added successfully
52 [46912594636000] INFO perfrun.launcher <> - plugin  has been added successfully
52 [46912594636000] INFO perfrun.launcher <> - plugin  has been added successfully
52 [46912594636000] INFO perfrun.launcher <> - plugin  has been added successfully
52 [46912594636000] TRACE perfrun.tpss <> - ENTER: static runtool::sdk::IController *runtool::tpss::IController::create()
52 [46912594636000] TRACE perfrun.tpss <> - ENTER: create tpss controller
52 [46912594636000] TRACE perfrun.tpss <> - EXIT:  create tpss controller
52 [46912594636000] TRACE perfrun.tpss <> - EXIT:  static runtool::sdk::IController *runtool::tpss::IController::create()
52 [46912594636000] INFO perfrun.launcher <> - plugin tpss has been added successfully
52 [46912594636000] INFO perfrun.launcher <> - plugin  has been added successfully
52 [46912594636000] INFO perfrun.launcher <> - plugin  has been added successfully
52 [46912594636000] INFO perfrun.launcher <> - plugin  has been added successfully
52 [46912594636000] INFO perfrun.launcher <> - plugin  has been added successfully
52 [46912594636000] INFO perfrun.launcher <> - plugin  has been added successfully
52 [46912594636000] INFO perfrun.launcher <> - the option was added --interval: Specify an interval of data collection (for example, sampling) in milliseconds.
52 [46912594636000] INFO perfrun.launcher <> - the option was added --follow-child: Profile process with or without children.
53 [46912594636000] INFO perfrun.launcher <> - the option was added --gelding: BADMSG: perfrun1.launcher.plugin_manager::gelding
53 [46912594636000] INFO perfrun.launcher <> - the option was added --time-source: Specify time source for measurement. Possible values: sys - wall clock time; tsc - time stamp counter; ext - time from an external source; auto - auto select accurate time source.
53 [46912594636000] INFO perfrun.launcher <> - the option was added --stack: Enable or disable collection of stacks.
53 [46912594636000] INFO perfrun.launcher <> - the option was added --stack-stitching: Enable or disable the stack stitching algorithm for Intel TBB-based applications.
53 [46912594636000] INFO perfrun.launcher <> - the option was added --type: Specify type of data to be collected. For example, --type cpu:counters,waiting:nostack,io.
53 [46912594636000] INFO perfrun.launcher <> - the option was added --mrte-mode: Specify Java/.NET/other managed runtime collection mode. Possible values: native - collect information only for native code; managed - collect information only for managed code; mixed - collect information for both managed and native code; auto - choose the mode based on binary type.
53 [46912594636000] INFO perfrun.launcher <> - the option was added --mrte-mode-list: List supported Java/.NET/other managed runtime collection modes.
53 [46912594636000] INFO perfrun.launcher <> - the option was added --mrte-type: Specify which managed runtimes to collect. Possible values: java - collect information for Java; dotnet - collect information for .NET; python - collect information for CPython. You can specify several values separated by comma.
53 [46912594636000] INFO perfrun.launcher <> - the option was added --mrte-type-list: List supported Java/.NET/other managed runtime types.
54 [46912594636000] INFO perfrun.launcher <> - the option was added --trace-strategy: Specify how to profile a process tree. <string> can be "<process>:trace:notrace" - profile the process but do not profile its children. Shorthand parameters: t - trace, nt - notrace. For example, "vtunedemo.exe:t:t".
54 [46912594636000] INFO perfrun.launcher <> - the option was added --collector: BADMSG: perfrun1.launcher.plugin_manager::collector
54 [46912594636000] INFO perfrun.launcher <> - the option was added --system-wide: Enable system-wide profiling. This mode may require additional permissions.
54 [46912594636000] INFO perfrun.launcher <> - the option was added --kvm-guest: Enable KVM guest OS profiling.
54 [46912594636000] INFO perfrun.launcher <> - the option was added --kvm-guest-kallsyms: Specify a local path to the /proc/kallsyms file copied from the guest OS for proper symbol resolution.
54 [46912594636000] INFO perfrun.launcher <> - the option was added --kvm-guest-modules: Specify a local path to the /proc/modules file copied from the guest OS for proper symbol resolution.
54 [46912594636000] INFO perfrun.launcher <> - the option was added --dump-vdso: Dump [vdso] to result directory
54 [46912594636000] INFO perfrun.launcher <> - the option was added --bandwidth-limits: Measure bandwidth limits
54 [46912594636000] INFO perfrun.launcher <> - the option was added --bandwidth-strategy: Bandwidth limits determination specific properties (example: --bandwidth-strategy array-size=0,duration=500).
54 [46912594636000] INFO perfrun.launcher <> - the option was added --bandwidth-config: List of benchmarks to run.
54 [46912594636000] INFO perfrun.launcher <> - the option was added --system-collector-config: Specify subcollectors. Possible values: all, vdso, container, device-info, none.
54 [46912594636000] INFO perfrun.launcher <> - the option was added --stackwalk: Specify stack unwinding method. Possible values: online - unwind stacks during collection; offline - unwind stacks after collection is finished.
54 [46912594636000] INFO perfrun.launcher <> - the option was added --filter-include: Filter data during collection. Possible values: contended=<on|off> - filter out uncontended events; contended_nostack=<time> - filter out stacks for contended events that take less than <time> microseconds; wait=<time> - ignore transitions and blocks with wait time less than <time> microseconds; wait_nostack=<time> - filter out stacks for waits that take less than <time> microseconds.
54 [46912594636000] INFO perfrun.launcher <> - the option was added --debug-pin: Debug PIN tool and runtime.
54 [46912594636000] INFO perfrun.launcher <> - the option was added --debug-exception: Disallow the application to set own abnormal termination handler.
54 [46912594636000] INFO perfrun.launcher <> - the option was added --trace-type: Specify the trace file granularity. Possible values: per-thread - per-thread trace file generation; per-process - per-process trace file generation.
54 [46912594636000] INFO perfrun.launcher <> - the option was added --instrumentation-type: Specify type of instrumentation.
54 [46912594636000] INFO perfrun.launcher <> - the option was added --altstack: Enable or disable usage of altstacks for profiling signal handlers.
54 [46912594636000] INFO perfrun.launcher <> - the option was added --profiling-signal: Alternate profiling signal.
55 [46912594636000] INFO perfrun.launcher <> - the option was added --memory-strategy: Specify a minimal memory object size to be traced and a hash table size for faster objects search; for example: --memory-strategy obj-size-min=1024,hash-table-size=4096.
55 [46912594636000] TRACE perfrun.launcher <> - Update configuration: tmp directory = /tmp/advixe-tmp-an16228
55 [46912594636000] TRACE perfrun.launcher <> - EXIT:  Initialize the launcher
55 [46912594636000] TRACE perfrun.launcher <> - ENTER: void runtool::CmdLineParser::parseOptionFile(const std::basic_string<char, std::char_traits<char>, std::allocator<char>> &)
56 [46912594636000] TRACE perfrun.launcher <> - EXIT:  void runtool::CmdLineParser::parseOptionFile(const std::basic_string<char, std::char_traits<char>, std::allocator<char>> &)
56 [46912594636000] INFO perfrun.launcher <> - create msngr2::ICliToolContext
56 [46912594636000] TRACE perfrun.launcher <> - ENTER: void runtool::CmdLineParser::validateParseResult() const
57 [46912594636000] TRACE perfrun.launcher <> - EXIT:  void runtool::CmdLineParser::validateParseResult() const
57 [46912594636000] TRACE perfrun.launcher <> - ENTER: void runtool::CmdLineParser::populate(runtool::IConfiguration *) const
57 [46912594636000] TRACE perfrun.launcher <> - Update configuration: action = start
57 [46912594636000] TRACE perfrun.launcher <> - Update configuration: collection type = launcher
57 [46912594636000] TRACE perfrun.launcher <> - Update configuration: quiet mode is enabled
57 [46912594636000] TRACE perfrun.launcher <> - Update configuration: compression level = 2
57 [46912594636000] TRACE perfrun.launcher <> - Update configuration: duration = 0 sec
57 [46912594636000] TRACE perfrun.launcher <> - Update configuration: host ports = 4000,
57 [46912594636000] TRACE perfrun.launcher <> - Update configuration: target ports = 4001,9321,
57 [46912594636000] TRACE perfrun.launcher <> - Update configuration: data limit = 524288000 bytes
57 [46912594636000] TRACE perfrun.launcher <> - Update configuration: disc space limit = 0 bytes
57 [46912594636000] TRACE perfrun.launcher <> - Update configuration: return-app-exitcode = false
57 [46912594636000] TRACE perfrun.launcher <> - Update configuration: result directory = /panfs/panasas01/cosc/an16228/myfiles/HPC/openmp/roof-init-256/e000/hs000
57 [46912594636000] TRACE perfrun.launcher <> - Update configuration: application = ./lbm
57 [46912594636000] TRACE perfrun.launcher <> - Update configuration: application argument = input_128x128.params
57 [46912594636000] TRACE perfrun.launcher <> - Update configuration: application argument = obstacles_128x128.dat
57 [46912594636000] TRACE perfrun.launcher <> - [IN] option = interval; value = 10 !u32_t
57 [46912594636000] TRACE perfrun.launcher <> - [IN] option = follow-child; value = true !bool
57 [46912594636000] TRACE perfrun.launcher <> - [IN] option = gelding; value = false !bool
57 [46912594636000] TRACE perfrun.launcher <> - [IN] option = time-source; value = auto !ustring
57 [46912594636000] TRACE perfrun.launcher <> - [IN] option = stack; value = true !bool
57 [46912594636000] TRACE perfrun.launcher <> - [IN] option = stack-stitching; value = true !bool
57 [46912594636000] TRACE perfrun.launcher <> - [IN] option = type; value = cpu:stack !ustring
57 [46912594636000] TRACE perfrun.launcher <> - [IN] option = mrte-mode; value = auto !ustring
57 [46912594636000] TRACE perfrun.launcher <> - [IN] option = mrte-type; value = java !ustring
57 [46912594636000] TRACE perfrun.launcher <> - [IN] option = mrte-type; value = python !ustring
57 [46912594636000] TRACE perfrun.launcher <> - [IN] option = trace-strategy; value = ld-linux.so.2:notrace:notrace !ustring
57 [46912594636000] TRACE perfrun.launcher <> - [IN] option = trace-strategy; value = ld-linux-x86-64.so.2:notrace:notrace !ustring
57 [46912594636000] TRACE perfrun.launcher <> - [IN] option = collector; value = sep !ustring
57 [46912594636000] TRACE perfrun.launcher <> - [IN] option = system-wide; value = false !bool
57 [46912594636000] TRACE perfrun.launcher <> - [IN] option = kvm-guest; value = false !bool
57 [46912594636000] TRACE perfrun.launcher <> - [IN] option = bandwidth-limits; value = false !bool
57 [46912594636000] TRACE perfrun.launcher <> - [IN] option = system-collector-config; value = all !ustring
57 [46912594636000] TRACE perfrun.launcher <> - [IN] option = stackwalk; value = offline !ustring
57 [46912594636000] TRACE perfrun.launcher <> - [IN] option = trace-type; value = per-thread !ustring
57 [46912594636000] TRACE perfrun.launcher <> - [IN] option = instrumentation-type; value = pin !ustring
57 [46912594636000] TRACE perfrun.launcher <> - [IN] option = altstack; value = true !bool
57 [46912594636000] TRACE perfrun.launcher <> - EXIT:  void runtool::CmdLineParser::populate(runtool::IConfiguration *) const
57 [46912603141888] TRACE perfrun.tpss <> - ENTER: void runtool::tpss::Controller::setMessageChannel(runtool::sdk::IMessageChannel *)
57 [46912603141888] TRACE perfrun.tpss <> - EXIT:  void runtool::tpss::Controller::setMessageChannel(runtool::sdk::IMessageChannel *)
57 [46912594636000] INFO perfrun.launcher <> - create file finder object
57 [46912603141888] TRACE perfrun.tpss <> - ENTER: void runtool::tpss::Controller::setRequestHandler(runtool::sdk::IRequestHandler *)
57 [46912603141888] TRACE perfrun.tpss <> - EXIT:  void runtool::tpss::Controller::setRequestHandler(runtool::sdk::IRequestHandler *)
57 [46912594636000] TRACE perfrun.launcher <> - Handle the user request: action = 0
57 [46912594636000] TRACE perfrun.launcher <> - ENTER: int runtool::Launcher::doStart()
57 [46912594636000] TRACE perfrun.launcher <> - ENTER: void runtool::Launcher::prepareLaunch()
57 [46912594636000] TRACE perfrun.launcher <> - ENTER: void runtool::Launcher::prepareResultDirectory()
57 [46912594636000] INFO perfrun.launcher <> - create a result directory: pattern = /panfs/panasas01/cosc/an16228/myfiles/HPC/openmp/roof-init-256/e000/hs000 pid = 4294967295
62 [46912594636000] TRACE perfrun.sdk <> - ENTER: bool runtool::sdk::DirectoryInfo::isLocal() const
62 [46912594636000] INFO perfrun.sdk <> - checked that the directory /panfs/panasas01/cosc/an16228/myfiles/HPC/openmp/roof-init-256/e000/hs000 is a local directory
65 [46912594636000] INFO perfrun.sdk <> - the directory /panfs/panasas01/cosc/an16228/myfiles/HPC/openmp/roof-init-256/e000/hs000 is located on a share or its FS ID is unknown 2866260714
65 [46912594636000] TRACE perfrun.sdk <> - EXIT:  bool runtool::sdk::DirectoryInfo::isLocal() const
65 [46912594636000] TRACE perfrun.sdk <> - ENTER: bool runtool::sdk::DirectoryInfo::isLocal() const
66 [46912594636000] INFO perfrun.sdk <> - checked that the directory /tmp/advixe-tmp-an16228 is a local directory
66 [46912594636000] INFO perfrun.sdk <> - the directory /tmp/advixe-tmp-an16228 is a local directory with FS type ID 61267
66 [46912594636000] TRACE perfrun.sdk <> - EXIT:  bool runtool::sdk::DirectoryInfo::isLocal() const
67 [46912594636000] INFO perfrun.launcher <> - Create a local result directory /tmp/advixe-tmp-an16228/advixe-res-87666-112336956719105864 due to the user result path /panfs/panasas01/cosc/an16228/myfiles/HPC/openmp/roof-init-256/e000/hs000 is located on a share
67 [46912594636000] TRACE perfrun.launcher <> - Update configuration: result directory = /tmp/advixe-tmp-an16228/advixe-res-87666-112336956719105864
67 [46912594636000] INFO perfrun.launcher <> - create data directory = /tmp/advixe-tmp-an16228/advixe-res-87666-112336956719105864/data.0
71 [46912594636000] INFO perfrun.launcher <> - create data directory = /panfs/panasas01/cosc/an16228/myfiles/HPC/openmp/roof-init-256/e000/hs000/data.0
75 [46912594636000] TRACE perfrun.launcher <> - Update configuration: data directory = /tmp/advixe-tmp-an16228/advixe-res-87666-112336956719105864/data.0
75 [46912594636000] TRACE perfrun.launcher <> - EXIT:  void runtool::Launcher::prepareResultDirectory()
75 [46912594636000] INFO perfrun.launcher <> - Creating the master collection flag
90 [46912594636000] INFO perfrun.launcher <> - Done creating the master collection flag
90 [46912594636000] TRACE perfrun.launcher <> - IMessenger: send collection state with state = 11
90 [46912603141888] TRACE perfrun.launcher <> - Update configuration: follow child = 1
92 [46912603141888] TRACE perfrun.launcher <> - Update configuration: time source = 0
92 [46912603141888] TRACE perfrun.launcher <> - Update configuration: stack = 1
92 [46912603141888] TRACE perfrun.launcher <> - Update configuration: gelding = 0
92 [46912603141888] TRACE perfrun.launcher <> - Update configuration: stack stitching = 1
92 [46912603141888] INFO perfrun.launcher <> - plugin [remoteplug] was disabled because it doesn't support the given collection type.
92 [46912603141888] TRACE perfrun.system <> - ENTER: int runtool::system::Controller::initialize(runtool::sdk::IConfiguration *)
92 [46912603141888] TRACE perfrun.system <> - ENTER: int runtool::system::TraceWriter::initialize(runtool::sdk::IConfiguration *, runtool::system::TraceWriter::Settings *)
92 [46912603141888] DEBUG perfrun.sdk <> - DataDirectory set: /tmp/advixe-tmp-an16228/advixe-res-87666-112336956719105864/data.0
92 [46912603141888] TRACE perfrun.sdk <> - 0x7e29602
93 [46912603141888] TRACE perfrun.sdk <> - ENTER: runtool::sdk::TraceFile::TraceFile(tpss_tmu_creator *, unsigned int, const std::basic_string<char, std::char_traits<char>, std::allocator<char>> &, bool)
93 [46912603141888] INFO perfrun.sdk <> - Allocating TMU :/tmp/advixe-tmp-an16228/advixe-res-87666-112336956719105864/data.0/systemcollector-87666-node44-010.sc
93 [46912603141888] TRACE perfrun.sdk <> - EXIT:  runtool::sdk::TraceFile::TraceFile(tpss_tmu_creator *, unsigned int, const std::basic_string<char, std::char_traits<char>, std::allocator<char>> &, bool)
93 [46912603141888] TRACE perfrun.system <> - EXIT:  int runtool::system::TraceWriter::initialize(runtool::sdk::IConfiguration *, runtool::system::TraceWriter::Settings *)
93 [46912603141888] TRACE perfrun.system <> - EXIT:  int runtool::system::Controller::initialize(runtool::sdk::IConfiguration *)
93 [46912603141888] INFO perfrun.launcher <> - plugin [] was disabled because it doesn't support the given collection type.
93 [46912603141888] INFO perfrun.launcher <> - plugin [] was disabled because it doesn't support the given collection type.
93 [46912603141888] INFO perfrun.launcher <> - plugin [] was disabled because it doesn't support the given collection type.
93 [46912603141888] INFO perfrun.launcher <> - plugin [] was disabled because it doesn't support the given collection type.
93 [46912603141888] INFO perfrun.launcher <> - plugin [] was disabled because it doesn't support the given collection type.
93 [46912603141888] INFO perfrun.launcher <> - plugin [] was disabled because it doesn't support the given collection type.
93 [46912603141888] TRACE perfrun.mrte <> - ENTER: int runtool::mrte::Controller::initialize(runtool::sdk::IConfiguration *)
93 [46912603141888] TRACE perfrun.mrte <> - EXIT:  int runtool::mrte::Controller::initialize(runtool::sdk::IConfiguration *)
93 [46912603141888] INFO perfrun.launcher <> - plugin [mrte] was disabled because it doesn't support the given collection type.
93 [46912603141888] INFO perfrun.launcher <> - plugin [] was disabled because it doesn't support the given collection type.
93 [46912603141888] INFO perfrun.launcher <> - plugin [] was disabled because it doesn't support the given collection type.
94 [46912603141888] INFO perfrun.launcher <> - plugin [] was disabled because it doesn't support the given collection type.
94 [46912603141888] INFO perfrun.launcher <> - plugin [] was disabled because it doesn't support the given collection type.
94 [46912603141888] INFO perfrun.launcher <> - plugin [] was disabled because it doesn't support the given collection type.
94 [46912603141888] INFO perfrun.launcher <> - plugin [] was disabled because it doesn't support the given collection type.
94 [46912603141888] TRACE perfrun.tpss <> - ENTER: int runtool::tpss::Controller::initialize(runtool::sdk::IConfiguration *)
94 [46912603141888] INFO perfrun.tpss <> - initialize tpss controller
94 [46912603141888] TRACE perfrun.tpss <> - ENTER: bool runtool::tpss::Controller::configureCollectionMode(const std::basic_string<char, std::char_traits<char>, std::allocator<char>> &)
94 [46912603141888] INFO perfrun.tpss <> - configure collection mode: value = cpu:stack
94 [46912603141888] TRACE perfrun.tpss <> - EXIT:  bool runtool::tpss::Controller::configureCollectionMode(const std::basic_string<char, std::char_traits<char>, std::allocator<char>> &)
94 [46912603141888] TRACE perfrun.tpss <> - ENTER: tpss::trace_file_t runtool::tpss::castTraceFileType(const gen_helpers2::variant_t &)
94 [46912603141888] TRACE perfrun.tpss <> - EXIT:  tpss::trace_file_t runtool::tpss::castTraceFileType(const gen_helpers2::variant_t &)
94 [46912603141888] INFO perfrun.tpss <> - default obj-size-min=1024
94 [46912603141888] INFO perfrun.tpss <> - default hash-table-size=0
94 [46912603141888] TRACE perfrun.tpss <> - EXIT:  int runtool::tpss::Controller::initialize(runtool::sdk::IConfiguration *)
94 [46912603141888] INFO perfrun.launcher <> - plugin [] was disabled because it doesn't support the given collection type.
94 [46912603141888] INFO perfrun.launcher <> - plugin [] was disabled because it doesn't support the given collection type.
94 [46912603141888] INFO perfrun.launcher <> - plugin [] was disabled because it doesn't support the given collection type.
94 [46912603141888] INFO perfrun.launcher <> - plugin [] was disabled because it doesn't support the given collection type.
94 [46912603141888] INFO perfrun.launcher <> - plugin [] was disabled because it doesn't support the given collection type.
94 [46912594636000] TRACE perfrun.launcher <> - RpcServer was created
94 [46912594636000] TRACE perfrun.launcher <> - RpcServer: setup all handlers at once
94 [46912594636000] TRACE perfrun.launcher <> - RpcServer: setup a handler for ICancelRequest
94 [46912594636000] TRACE perfrun.launcher <> - RpcServer: setup a handler for IPauseRequest
94 [46912594636000] TRACE perfrun.launcher <> - RpcServer: setup a handler for IResumeRequest
94 [46912594636000] TRACE perfrun.launcher <> - RpcServer: setup a handler for IStopRequest
94 [46912594636000] TRACE perfrun.launcher <> - RpcServer: setup a handler for IStatusRequest
94 [46912594636000] TRACE perfrun.launcher <> - RpcServer: setup a handler for IDetachRequest
94 [46912594636000] TRACE perfrun.launcher <> - RpcServer: setup a handler for IMarkRequest
94 [46912594636000] TRACE perfrun.launcher <> - RpcServer: setup a handler for IConfigureRequest
94 [46912594636000] TRACE perfrun.launcher <> - RpcServer: setup a handler for ICommunicateRequest
94 [46912594636000] TRACE perfrun.launcher <> - RpcServer: setup a handler for IPluginEventRequest
94 [46912594636000] INFO perfrun.launcher <> - RpcServer: run RPC server to handle requests
94 [46912626743040] TRACE perfrun.launcher <> - ENTER: RpcServer: the main loop handles RPC requests  from clients
97 [46912594636000] DEBUG perfrun.launcher <> - RpcServer: wrote information about the RPC server into the IPC file
99 [46912594636000] TRACE perfrun.launcher <> - EXIT:  void runtool::Launcher::prepareLaunch()
99 [46912594636000] INFO perfrun.launcher <> - Launcher: command line to start before modification = ./lbm input_128x128.params obstacles_128x128.dat
99 [46912603141888] TRACE perfrun.tpss <> - ENTER: void runtool::tpss::Controller::modifyCommandLine(std::basic_string<char, std::char_traits<char>, std::allocator<char>> &) const
99 [46912603141888] TRACE perfrun.tpss <> - EXIT:  void runtool::tpss::Controller::modifyCommandLine(std::basic_string<char, std::char_traits<char>, std::allocator<char>> &) const
99 [46912594636000] INFO perfrun.launcher <> - Launcher: command line to start after modification = /panfs/panasas01/cosc/an16228/intel/advisor_2019.2.0.588361/bin64/pin -error_file /tmp/advixe-tmp-an16228/advixe-res-87666-112336956719105864/data.0/pinerr.tpsslog -detach_reattach -follow_execv -tool_load_option deepbind -t64 /panfs/panasas01/cosc/an16228/intel/advisor_2019.2.0.588361/lib64/libtpsstool.so -t /panfs/panasas01/cosc/an16228/intel/advisor_2019.2.0.588361/lib32/libtpsstool.so -server_name tpss_ipc.87666 -prd_dir /panfs/panasas01/cosc/an16228/intel/advisor_2019.2.0.588361 -- ./lbm input_128x128.params obstacles_128x128.dat
99 [46912594636000] INFO perfrun.launcher <> - ProcessCreator object was created
99 [46912594636000] TRACE perfrun.launcher <> - ENTER: unsigned int runtool::ProcessCreator::start(bool)
100 [46912594636000] TRACE perfrun.launcher <> - EXIT:  unsigned int runtool::ProcessCreator::start(bool)
100 [46912594636000] INFO perfrun.launcher <> - Launcher: the process was started in suspend mode
100 [46912603141888] TRACE perfrun.system <> - ENTER: void runtool::system::Controller::onEvent(runtool::sdk::collection_state_t)
100 [46912603141888] TRACE perfrun.system <> - EXIT:  void runtool::system::Controller::onEvent(runtool::sdk::collection_state_t)
100 [46912603141888] TRACE perfrun.system <> - ENTER: bool runtool::system::Controller::start(unsigned int)
205 [46912603141888] INFO perfrun.system <> - Helper runtool '/panfs/panasas01/cosc/an16228/intel/advisor_2019.2.0.588361/bin32/advixe-runss -dump-vdso -r /tmp/advixe-tmp-an16228/advixe-res-87666-112336956719105864 --tmp-dir /tmp/advixe-tmp-an16228' returned 0
297 [46912603141888] INFO perfrun.system <> - Helper runtool '/panfs/panasas01/cosc/an16228/intel/advisor_2019.2.0.588361/bin64/advixe-runss -dump-vdso -r /tmp/advixe-tmp-an16228/advixe-res-87666-112336956719105864 --tmp-dir /tmp/advixe-tmp-an16228' returned 0
299 [46912603141888] TRACE perfrun.system <> - ENTER: bool runtool::system::getVideoAdapters(std::vector<runtool::system::gpu_adapter_t, std::allocator<runtool::system::gpu_adapter_t>> &)
349 [46912603141888] TRACE perfrun.system <> - EXIT:  bool runtool::system::getVideoAdapters(std::vector<runtool::system::gpu_adapter_t, std::allocator<runtool::system::gpu_adapter_t>> &)
349 [46912603141888] WARN perfrun.system <> - Folder "/sys/kernel/debug/kvm"doesn't exist, at file: vcs/perfrun1/plugins/system/src/trace_writer.cpp:681
349 [46912603141888] WARN perfrun.system <> - Folder "/var/run/libvirt/qemu/"doesn't exist, at file: vcs/perfrun1/plugins/system/src/trace_writer.cpp:761
349 [46912603141888] TRACE perfrun.sdk <> - ENTER: bool runtool::sdk::runSystemCmd(const std::basic_string<char, std::char_traits<char>, std::allocator<char>> &, std::basic_string<char, std::char_traits<char>, std::allocator<char>> *, bool, const std::basic_string<char, std::char_traits<char>, std::allocator<char>> &)
349 [46912603141888] WARN perfrun.sdk <> - Failed to find xl binary on any of the system paths: /bin, /sbin, /usr/bin, /usr/sbin., at file: vcs/perfrun1/sdk/src/utils.cpp:451
349 [46912603141888] TRACE perfrun.sdk <> - EXIT:  bool runtool::sdk::runSystemCmd(const std::basic_string<char, std::char_traits<char>, std::allocator<char>> &, std::basic_string<char, std::char_traits<char>, std::allocator<char>> *, bool, const std::basic_string<char, std::char_traits<char>, std::allocator<char>> &)
354 [46912603141888] TRACE perfrun.system <> - EXIT:  bool runtool::system::Controller::start(unsigned int)
354 [46912603141888] TRACE perfrun.tpss <> - ENTER: bool runtool::tpss::Controller::start(unsigned int)
354 [46912603141888] INFO perfrun.tpss <> - start tpss controller for pid #87671
405 [46912603141888] TRACE perfrun.tpss <> - EXIT:  bool runtool::tpss::Controller::start(unsigned int)
405 [46912603141888] TRACE perfrun.system <> - ENTER: void runtool::system::Controller::onEvent(runtool::sdk::collection_state_t)
405 [46912603141888] TRACE perfrun.system <> - EXIT:  void runtool::system::Controller::onEvent(runtool::sdk::collection_state_t)
405 [46912594636000] INFO perfrun.launcher <> - Launcher: all plugins were started
405 [46912594636000] TRACE perfrun.launcher <> - IMessenger: send collection state with state = 1
405 [46912594636000] TRACE perfrun.launcher <> - ENTER: void runtool::Launcher::setupResumeAfterCallback()
405 [46912594636000] TRACE perfrun.launcher <> - EXIT:  void runtool::Launcher::setupResumeAfterCallback()
405 [46912594636000] TRACE perfrun.launcher <> - ENTER: void runtool::Launcher::setupHardStopCallbacks()
405 [46912594636000] INFO perfrun.launcher <> - DirectoryMonitor object was created
405 [46912594636000] INFO perfrun.launcher <> - DirectoryMonitor: a callback was added
405 [46912594636000] INFO perfrun.launcher <> - DirectoryMonitor was started with pingTime = 1000
405 [46912594636000] INFO perfrun.launcher <> - DeadlineTimer is going to be constructed
405 [46912594636000] INFO perfrun.launcher <> - DeadlineTimer: a callback was added
405 [46912594636000] TRACE perfrun.launcher <> - EXIT:  void runtool::Launcher::setupHardStopCallbacks()
405 [46912594636000] TRACE perfrun.launcher <> - ENTER: void runtool::Launcher::setupDurationCallback(bool)
405 [46912594636000] TRACE perfrun.launcher <> - EXIT:  void runtool::Launcher::setupDurationCallback(bool)
437 [46912594636000] TRACE perfrun.launcher <> - ENTER: void runtool::ProcessCreator::resume()
437 [46912594636000] DEBUG perfrun.launcher <> - ProcessCreator: the process with pid = 87671 is resumed
438 [46912594636000] TRACE perfrun.launcher <> - EXIT:  void runtool::ProcessCreator::resume()
438 [46912594636000] INFO perfrun.launcher <> - Launcher: resume the profiled application and  wait its termination or stop command
438 [46912594636000] TRACE perfrun.launcher <> - ENTER: int runtool::ProcessCreator::wait()
438 [46912594636000] TRACE perfrun.launcher <> - ENTER: int runtool::ProcessCreator::waitPid()
1409 [46912791123712] TRACE perfrun.launcher <> - ENTER: void runtool::DeadlineTimer::notify(const boost::system::error_code &)
1409 [46912791123712] TRACE perfrun.launcher <> - ENTER: void runtool::DirectoryMonitor::notifyAll()
1409 [46912791123712] TRACE perfrun.sdk <> - ENTER: void runtool::sdk::getFilesFromDirectoryByExt(const std::basic_string<char, std::char_traits<char>, std::allocator<char>> &, const std::basic_string<char, std::char_traits<char>, std::allocator<char>> &, std::list<std::basic_string<char, std::char_traits<char>, std::allocator<char>>, std::allocator<std::basic_string<char, std::char_traits<char>, std::allocator<char>>>> &)
1411 [46912791123712] TRACE perfrun.sdk <> - EXIT:  void runtool::sdk::getFilesFromDirectoryByExt(const std::basic_string<char, std::char_traits<char>, std::allocator<char>> &, const std::basic_string<char, std::char_traits<char>, std::allocator<char>> &, std::list<std::basic_string<char, std::char_traits<char>, std::allocator<char>>, std::allocator<std::basic_string<char, std::char_traits<char>, std::allocator<char>>>> &)
1411 [46912791123712] DEBUG perfrun.launcher <> - DirectoryInfo: total size of monitored paths is 0 bytes
1411 [46912791123712] TRACE perfrun.launcher <> - EXIT:  void runtool::DirectoryMonitor::notifyAll()
1411 [46912791123712] TRACE perfrun.launcher <> - EXIT:  void runtool::DeadlineTimer::notify(const boost::system::error_code &)
2415 [46912791123712] TRACE perfrun.launcher <> - ENTER: void runtool::DeadlineTimer::notify(const boost::system::error_code &)
2415 [46912791123712] TRACE perfrun.launcher <> - ENTER: void runtool::DirectoryMonitor::notifyAll()
2415 [46912791123712] TRACE perfrun.sdk <> - ENTER: void runtool::sdk::getFilesFromDirectoryByExt(const std::basic_string<char, std::char_traits<char>, std::allocator<char>> &, const std::basic_string<char, std::char_traits<char>, std::allocator<char>> &, std::list<std::basic_string<char, std::char_traits<char>, std::allocator<char>>, std::allocator<std::basic_string<char, std::char_traits<char>, std::allocator<char>>>> &)
2416 [46912791123712] TRACE perfrun.sdk <> - EXIT:  void runtool::sdk::getFilesFromDirectoryByExt(const std::basic_string<char, std::char_traits<char>, std::allocator<char>> &, const std::basic_string<char, std::char_traits<char>, std::allocator<char>> &, std::list<std::basic_string<char, std::char_traits<char>, std::allocator<char>>, std::allocator<std::basic_string<char, std::char_traits<char>, std::allocator<char>>>> &)
2416 [46912791123712] DEBUG perfrun.launcher <> - DirectoryInfo: total size of monitored paths is 0 bytes
2416 [46912791123712] TRACE perfrun.launcher <> - EXIT:  void runtool::DirectoryMonitor::notifyAll()
2416 [46912791123712] TRACE perfrun.launcher <> - EXIT:  void runtool::DeadlineTimer::notify(const boost::system::error_code &)
3420 [46912791123712] TRACE perfrun.launcher <> - ENTER: void runtool::DeadlineTimer::notify(const boost::system::error_code &)
3420 [46912791123712] TRACE perfrun.launcher <> - ENTER: void runtool::DirectoryMonitor::notifyAll()
3420 [46912791123712] TRACE perfrun.sdk <> - ENTER: void runtool::sdk::getFilesFromDirectoryByExt(const std::basic_string<char, std::char_traits<char>, std::allocator<char>> &, const std::basic_string<char, std::char_traits<char>, std::allocator<char>> &, std::list<std::basic_string<char, std::char_traits<char>, std::allocator<char>>, std::allocator<std::basic_string<char, std::char_traits<char>, std::allocator<char>>>> &)
3420 [46912791123712] TRACE perfrun.sdk <> - EXIT:  void runtool::sdk::getFilesFromDirectoryByExt(const std::basic_string<char, std::char_traits<char>, std::allocator<char>> &, const std::basic_string<char, std::char_traits<char>, std::allocator<char>> &, std::list<std::basic_string<char, std::char_traits<char>, std::allocator<char>>, std::allocator<std::basic_string<char, std::char_traits<char>, std::allocator<char>>>> &)
3420 [46912791123712] DEBUG perfrun.launcher <> - DirectoryInfo: total size of monitored paths is 0 bytes
3420 [46912791123712] TRACE perfrun.launcher <> - EXIT:  void runtool::DirectoryMonitor::notifyAll()
3420 [46912791123712] TRACE perfrun.launcher <> - EXIT:  void runtool::DeadlineTimer::notify(const boost::system::error_code &)
4424 [46912791123712] TRACE perfrun.launcher <> - ENTER: void runtool::DeadlineTimer::notify(const boost::system::error_code &)
4425 [46912791123712] TRACE perfrun.launcher <> - ENTER: void runtool::DirectoryMonitor::notifyAll()
4425 [46912791123712] TRACE perfrun.sdk <> - ENTER: void runtool::sdk::getFilesFromDirectoryByExt(const std::basic_string<char, std::char_traits<char>, std::allocator<char>> &, const std::basic_string<char, std::char_traits<char>, std::allocator<char>> &, std::list<std::basic_string<char, std::char_traits<char>, std::allocator<char>>, std::allocator<std::basic_string<char, std::char_traits<char>, std::allocator<char>>>> &)
4425 [46912791123712] TRACE perfrun.sdk <> - EXIT:  void runtool::sdk::getFilesFromDirectoryByExt(const std::basic_string<char, std::char_traits<char>, std::allocator<char>> &, const std::basic_string<char, std::char_traits<char>, std::allocator<char>> &, std::list<std::basic_string<char, std::char_traits<char>, std::allocator<char>>, std::allocator<std::basic_string<char, std::char_traits<char>, std::allocator<char>>>> &)
4425 [46912791123712] DEBUG perfrun.launcher <> - DirectoryInfo: total size of monitored paths is 0 bytes
4425 [46912791123712] TRACE perfrun.launcher <> - EXIT:  void runtool::DirectoryMonitor::notifyAll()
4425 [46912791123712] TRACE perfrun.launcher <> - EXIT:  void runtool::DeadlineTimer::notify(const boost::system::error_code &)
5429 [46912791123712] TRACE perfrun.launcher <> - ENTER: void runtool::DeadlineTimer::notify(const boost::system::error_code &)
5429 [46912791123712] TRACE perfrun.launcher <> - ENTER: void runtool::DirectoryMonitor::notifyAll()
5429 [46912791123712] TRACE perfrun.sdk <> - ENTER: void runtool::sdk::getFilesFromDirectoryByExt(const std::basic_string<char, std::char_traits<char>, std::allocator<char>> &, const std::basic_string<char, std::char_traits<char>, std::allocator<char>> &, std::list<std::basic_string<char, std::char_traits<char>, std::allocator<char>>, std::allocator<std::basic_string<char, std::char_traits<char>, std::allocator<char>>>> &)
5430 [46912791123712] TRACE perfrun.sdk <> - EXIT:  void runtool::sdk::getFilesFromDirectoryByExt(const std::basic_string<char, std::char_traits<char>, std::allocator<char>> &, const std::basic_string<char, std::char_traits<char>, std::allocator<char>> &, std::list<std::basic_string<char, std::char_traits<char>, std::allocator<char>>, std::allocator<std::basic_string<char, std::char_traits<char>, std::allocator<char>>>> &)
5430 [46912791123712] DEBUG perfrun.launcher <> - DirectoryInfo: total size of monitored paths is 0 bytes
5430 [46912791123712] TRACE perfrun.launcher <> - EXIT:  void runtool::DirectoryMonitor::notifyAll()
5430 [46912791123712] TRACE perfrun.launcher <> - EXIT:  void runtool::DeadlineTimer::notify(const boost::system::error_code &)
6434 [46912791123712] TRACE perfrun.launcher <> - ENTER: void runtool::DeadlineTimer::notify(const boost::system::error_code &)
6434 [46912791123712] TRACE perfrun.launcher <> - ENTER: void runtool::DirectoryMonitor::notifyAll()
6434 [46912791123712] TRACE perfrun.sdk <> - ENTER: void runtool::sdk::getFilesFromDirectoryByExt(const std::basic_string<char, std::char_traits<char>, std::allocator<char>> &, const std::basic_string<char, std::char_traits<char>, std::allocator<char>> &, std::list<std::basic_string<char, std::char_traits<char>, std::allocator<char>>, std::allocator<std::basic_string<char, std::char_traits<char>, std::allocator<char>>>> &)
6435 [46912791123712] TRACE perfrun.sdk <> - EXIT:  void runtool::sdk::getFilesFromDirectoryByExt(const std::basic_string<char, std::char_traits<char>, std::allocator<char>> &, const std::basic_string<char, std::char_traits<char>, std::allocator<char>> &, std::list<std::basic_string<char, std::char_traits<char>, std::allocator<char>>, std::allocator<std::basic_string<char, std::char_traits<char>, std::allocator<char>>>> &)
6435 [46912791123712] DEBUG perfrun.launcher <> - DirectoryInfo: total size of monitored paths is 0 bytes
6435 [46912791123712] TRACE perfrun.launcher <> - EXIT:  void runtool::DirectoryMonitor::notifyAll()
6435 [46912791123712] TRACE perfrun.launcher <> - EXIT:  void runtool::DeadlineTimer::notify(const boost::system::error_code &)
7439 [46912791123712] TRACE perfrun.launcher <> - ENTER: void runtool::DeadlineTimer::notify(const boost::system::error_code &)
7439 [46912791123712] TRACE perfrun.launcher <> - ENTER: void runtool::DirectoryMonitor::notifyAll()
7439 [46912791123712] TRACE perfrun.sdk <> - ENTER: void runtool::sdk::getFilesFromDirectoryByExt(const std::basic_string<char, std::char_traits<char>, std::allocator<char>> &, const std::basic_string<char, std::char_traits<char>, std::allocator<char>> &, std::list<std::basic_string<char, std::char_traits<char>, std::allocator<char>>, std::allocator<std::basic_string<char, std::char_traits<char>, std::allocator<char>>>> &)
7440 [46912791123712] TRACE perfrun.sdk <> - EXIT:  void runtool::sdk::getFilesFromDirectoryByExt(const std::basic_string<char, std::char_traits<char>, std::allocator<char>> &, const std::basic_string<char, std::char_traits<char>, std::allocator<char>> &, std::list<std::basic_string<char, std::char_traits<char>, std::allocator<char>>, std::allocator<std::basic_string<char, std::char_traits<char>, std::allocator<char>>>> &)
7440 [46912791123712] DEBUG perfrun.launcher <> - DirectoryInfo: total size of monitored paths is 0 bytes
7440 [46912791123712] TRACE perfrun.launcher <> - EXIT:  void runtool::DirectoryMonitor::notifyAll()
7440 [46912791123712] TRACE perfrun.launcher <> - EXIT:  void runtool::DeadlineTimer::notify(const boost::system::error_code &)
8444 [46912791123712] TRACE perfrun.launcher <> - ENTER: void runtool::DeadlineTimer::notify(const boost::system::error_code &)
8444 [46912791123712] TRACE perfrun.launcher <> - ENTER: void runtool::DirectoryMonitor::notifyAll()
8444 [46912791123712] TRACE perfrun.sdk <> - ENTER: void runtool::sdk::getFilesFromDirectoryByExt(const std::basic_string<char, std::char_traits<char>, std::allocator<char>> &, const std::basic_string<char, std::char_traits<char>, std::allocator<char>> &, std::list<std::basic_string<char, std::char_traits<char>, std::allocator<char>>, std::allocator<std::basic_string<char, std::char_traits<char>, std::allocator<char>>>> &)
8445 [46912791123712] TRACE perfrun.sdk <> - EXIT:  void runtool::sdk::getFilesFromDirectoryByExt(const std::basic_string<char, std::char_traits<char>, std::allocator<char>> &, const std::basic_string<char, std::char_traits<char>, std::allocator<char>> &, std::list<std::basic_string<char, std::char_traits<char>, std::allocator<char>>, std::allocator<std::basic_string<char, std::char_traits<char>, std::allocator<char>>>> &)
8445 [46912791123712] DEBUG perfrun.launcher <> - DirectoryInfo: total size of monitored paths is 0 bytes
8445 [46912791123712] TRACE perfrun.launcher <> - EXIT:  void runtool::DirectoryMonitor::notifyAll()
8445 [46912791123712] TRACE perfrun.launcher <> - EXIT:  void runtool::DeadlineTimer::notify(const boost::system::error_code &)
9448 [46912791123712] TRACE perfrun.launcher <> - ENTER: void runtool::DeadlineTimer::notify(const boost::system::error_code &)
9448 [46912791123712] TRACE perfrun.launcher <> - ENTER: void runtool::DirectoryMonitor::notifyAll()
9448 [46912791123712] TRACE perfrun.sdk <> - ENTER: void runtool::sdk::getFilesFromDirectoryByExt(const std::basic_string<char, std::char_traits<char>, std::allocator<char>> &, const std::basic_string<char, std::char_traits<char>, std::allocator<char>> &, std::list<std::basic_string<char, std::char_traits<char>, std::allocator<char>>, std::allocator<std::basic_string<char, std::char_traits<char>, std::allocator<char>>>> &)
9449 [46912791123712] TRACE perfrun.sdk <> - EXIT:  void runtool::sdk::getFilesFromDirectoryByExt(const std::basic_string<char, std::char_traits<char>, std::allocator<char>> &, const std::basic_string<char, std::char_traits<char>, std::allocator<char>> &, std::list<std::basic_string<char, std::char_traits<char>, std::allocator<char>>, std::allocator<std::basic_string<char, std::char_traits<char>, std::allocator<char>>>> &)
9449 [46912791123712] DEBUG perfrun.launcher <> - DirectoryInfo: total size of monitored paths is 0 bytes
9449 [46912791123712] TRACE perfrun.launcher <> - EXIT:  void runtool::DirectoryMonitor::notifyAll()
9449 [46912791123712] TRACE perfrun.launcher <> - EXIT:  void runtool::DeadlineTimer::notify(const boost::system::error_code &)
10452 [46912791123712] TRACE perfrun.launcher <> - ENTER: void runtool::DeadlineTimer::notify(const boost::system::error_code &)
10452 [46912791123712] TRACE perfrun.launcher <> - ENTER: void runtool::DirectoryMonitor::notifyAll()
10452 [46912791123712] TRACE perfrun.sdk <> - ENTER: void runtool::sdk::getFilesFromDirectoryByExt(const std::basic_string<char, std::char_traits<char>, std::allocator<char>> &, const std::basic_string<char, std::char_traits<char>, std::allocator<char>> &, std::list<std::basic_string<char, std::char_traits<char>, std::allocator<char>>, std::allocator<std::basic_string<char, std::char_traits<char>, std::allocator<char>>>> &)
10453 [46912791123712] TRACE perfrun.sdk <> - EXIT:  void runtool::sdk::getFilesFromDirectoryByExt(const std::basic_string<char, std::char_traits<char>, std::allocator<char>> &, const std::basic_string<char, std::char_traits<char>, std::allocator<char>> &, std::list<std::basic_string<char, std::char_traits<char>, std::allocator<char>>, std::allocator<std::basic_string<char, std::char_traits<char>, std::allocator<char>>>> &)
10453 [46912791123712] DEBUG perfrun.launcher <> - DirectoryInfo: total size of monitored paths is 0 bytes
10453 [46912791123712] TRACE perfrun.launcher <> - EXIT:  void runtool::DirectoryMonitor::notifyAll()
10453 [46912791123712] TRACE perfrun.launcher <> - EXIT:  void runtool::DeadlineTimer::notify(const boost::system::error_code &)
11455 [46912791123712] TRACE perfrun.launcher <> - ENTER: void runtool::DeadlineTimer::notify(const boost::system::error_code &)
11455 [46912791123712] TRACE perfrun.launcher <> - ENTER: void runtool::DirectoryMonitor::notifyAll()
11455 [46912791123712] TRACE perfrun.sdk <> - ENTER: void runtool::sdk::getFilesFromDirectoryByExt(const std::basic_string<char, std::char_traits<char>, std::allocator<char>> &, const std::basic_string<char, std::char_traits<char>, std::allocator<char>> &, std::list<std::basic_string<char, std::char_traits<char>, std::allocator<char>>, std::allocator<std::basic_string<char, std::char_traits<char>, std::allocator<char>>>> &)
11456 [46912791123712] TRACE perfrun.sdk <> - EXIT:  void runtool::sdk::getFilesFromDirectoryByExt(const std::basic_string<char, std::char_traits<char>, std::allocator<char>> &, const std::basic_string<char, std::char_traits<char>, std::allocator<char>> &, std::list<std::basic_string<char, std::char_traits<char>, std::allocator<char>>, std::allocator<std::basic_string<char, std::char_traits<char>, std::allocator<char>>>> &)
11456 [46912791123712] DEBUG perfrun.launcher <> - DirectoryInfo: total size of monitored paths is 0 bytes
11456 [46912791123712] TRACE perfrun.launcher <> - EXIT:  void runtool::DirectoryMonitor::notifyAll()
11456 [46912791123712] TRACE perfrun.launcher <> - EXIT:  void runtool::DeadlineTimer::notify(const boost::system::error_code &)
12459 [46912791123712] TRACE perfrun.launcher <> - ENTER: void runtool::DeadlineTimer::notify(const boost::system::error_code &)
12459 [46912791123712] TRACE perfrun.launcher <> - ENTER: void runtool::DirectoryMonitor::notifyAll()
12459 [46912791123712] TRACE perfrun.sdk <> - ENTER: void runtool::sdk::getFilesFromDirectoryByExt(const std::basic_string<char, std::char_traits<char>, std::allocator<char>> &, const std::basic_string<char, std::char_traits<char>, std::allocator<char>> &, std::list<std::basic_string<char, std::char_traits<char>, std::allocator<char>>, std::allocator<std::basic_string<char, std::char_traits<char>, std::allocator<char>>>> &)
12460 [46912791123712] TRACE perfrun.sdk <> - EXIT:  void runtool::sdk::getFilesFromDirectoryByExt(const std::basic_string<char, std::char_traits<char>, std::allocator<char>> &, const std::basic_string<char, std::char_traits<char>, std::allocator<char>> &, std::list<std::basic_string<char, std::char_traits<char>, std::allocator<char>>, std::allocator<std::basic_string<char, std::char_traits<char>, std::allocator<char>>>> &)
12460 [46912791123712] DEBUG perfrun.launcher <> - DirectoryInfo: total size of monitored paths is 0 bytes
12460 [46912791123712] TRACE perfrun.launcher <> - EXIT:  void runtool::DirectoryMonitor::notifyAll()
12460 [46912791123712] TRACE perfrun.launcher <> - EXIT:  void runtool::DeadlineTimer::notify(const boost::system::error_code &)
13462 [46912791123712] TRACE perfrun.launcher <> - ENTER: void runtool::DeadlineTimer::notify(const boost::system::error_code &)
13462 [46912791123712] TRACE perfrun.launcher <> - ENTER: void runtool::DirectoryMonitor::notifyAll()
13462 [46912791123712] TRACE perfrun.sdk <> - ENTER: void runtool::sdk::getFilesFromDirectoryByExt(const std::basic_string<char, std::char_traits<char>, std::allocator<char>> &, const std::basic_string<char, std::char_traits<char>, std::allocator<char>> &, std::list<std::basic_string<char, std::char_traits<char>, std::allocator<char>>, std::allocator<std::basic_string<char, std::char_traits<char>, std::allocator<char>>>> &)
13463 [46912791123712] TRACE perfrun.sdk <> - EXIT:  void runtool::sdk::getFilesFromDirectoryByExt(const std::basic_string<char, std::char_traits<char>, std::allocator<char>> &, const std::basic_string<char, std::char_traits<char>, std::allocator<char>> &, std::list<std::basic_string<char, std::char_traits<char>, std::allocator<char>>, std::allocator<std::basic_string<char, std::char_traits<char>, std::allocator<char>>>> &)
13463 [46912791123712] DEBUG perfrun.launcher <> - DirectoryInfo: total size of monitored paths is 0 bytes
13463 [46912791123712] TRACE perfrun.launcher <> - EXIT:  void runtool::DirectoryMonitor::notifyAll()
13463 [46912791123712] TRACE perfrun.launcher <> - EXIT:  void runtool::DeadlineTimer::notify(const boost::system::error_code &)
14466 [46912791123712] TRACE perfrun.launcher <> - ENTER: void runtool::DeadlineTimer::notify(const boost::system::error_code &)
14466 [46912791123712] TRACE perfrun.launcher <> - ENTER: void runtool::DirectoryMonitor::notifyAll()
14466 [46912791123712] TRACE perfrun.sdk <> - ENTER: void runtool::sdk::getFilesFromDirectoryByExt(const std::basic_string<char, std::char_traits<char>, std::allocator<char>> &, const std::basic_string<char, std::char_traits<char>, std::allocator<char>> &, std::list<std::basic_string<char, std::char_traits<char>, std::allocator<char>>, std::allocator<std::basic_string<char, std::char_traits<char>, std::allocator<char>>>> &)
14467 [46912791123712] TRACE perfrun.sdk <> - EXIT:  void runtool::sdk::getFilesFromDirectoryByExt(const std::basic_string<char, std::char_traits<char>, std::allocator<char>> &, const std::basic_string<char, std::char_traits<char>, std::allocator<char>> &, std::list<std::basic_string<char, std::char_traits<char>, std::allocator<char>>, std::allocator<std::basic_string<char, std::char_traits<char>, std::allocator<char>>>> &)
14467 [46912791123712] DEBUG perfrun.launcher <> - DirectoryInfo: total size of monitored paths is 0 bytes
14467 [46912791123712] TRACE perfrun.launcher <> - EXIT:  void runtool::DirectoryMonitor::notifyAll()
14467 [46912791123712] TRACE perfrun.launcher <> - EXIT:  void runtool::DeadlineTimer::notify(const boost::system::error_code &)
15469 [46912791123712] TRACE perfrun.launcher <> - ENTER: void runtool::DeadlineTimer::notify(const boost::system::error_code &)
15469 [46912791123712] TRACE perfrun.launcher <> - ENTER: void runtool::DirectoryMonitor::notifyAll()
15469 [46912791123712] TRACE perfrun.sdk <> - ENTER: void runtool::sdk::getFilesFromDirectoryByExt(const std::basic_string<char, std::char_traits<char>, std::allocator<char>> &, const std::basic_string<char, std::char_traits<char>, std::allocator<char>> &, std::list<std::basic_string<char, std::char_traits<char>, std::allocator<char>>, std::allocator<std::basic_string<char, std::char_traits<char>, std::allocator<char>>>> &)
15470 [46912791123712] TRACE perfrun.sdk <> - EXIT:  void runtool::sdk::getFilesFromDirectoryByExt(const std::basic_string<char, std::char_traits<char>, std::allocator<char>> &, const std::basic_string<char, std::char_traits<char>, std::allocator<char>> &, std::list<std::basic_string<char, std::char_traits<char>, std::allocator<char>>, std::allocator<std::basic_string<char, std::char_traits<char>, std::allocator<char>>>> &)
15470 [46912791123712] DEBUG perfrun.launcher <> - DirectoryInfo: total size of monitored paths is 0 bytes
15470 [46912791123712] TRACE perfrun.launcher <> - EXIT:  void runtool::DirectoryMonitor::notifyAll()
15470 [46912791123712] TRACE perfrun.launcher <> - EXIT:  void runtool::DeadlineTimer::notify(const boost::system::error_code &)
16473 [46912791123712] TRACE perfrun.launcher <> - ENTER: void runtool::DeadlineTimer::notify(const boost::system::error_code &)
16473 [46912791123712] TRACE perfrun.launcher <> - ENTER: void runtool::DirectoryMonitor::notifyAll()
16473 [46912791123712] TRACE perfrun.sdk <> - ENTER: void runtool::sdk::getFilesFromDirectoryByExt(const std::basic_string<char, std::char_traits<char>, std::allocator<char>> &, const std::basic_string<char, std::char_traits<char>, std::allocator<char>> &, std::list<std::basic_string<char, std::char_traits<char>, std::allocator<char>>, std::allocator<std::basic_string<char, std::char_traits<char>, std::allocator<char>>>> &)
16474 [46912791123712] TRACE perfrun.sdk <> - EXIT:  void runtool::sdk::getFilesFromDirectoryByExt(const std::basic_string<char, std::char_traits<char>, std::allocator<char>> &, const std::basic_string<char, std::char_traits<char>, std::allocator<char>> &, std::list<std::basic_string<char, std::char_traits<char>, std::allocator<char>>, std::allocator<std::basic_string<char, std::char_traits<char>, std::allocator<char>>>> &)
16474 [46912791123712] DEBUG perfrun.launcher <> - DirectoryInfo: total size of monitored paths is 0 bytes
16474 [46912791123712] TRACE perfrun.launcher <> - EXIT:  void runtool::DirectoryMonitor::notifyAll()
16474 [46912791123712] TRACE perfrun.launcher <> - EXIT:  void runtool::DeadlineTimer::notify(const boost::system::error_code &)
17476 [46912791123712] TRACE perfrun.launcher <> - ENTER: void runtool::DeadlineTimer::notify(const boost::system::error_code &)
17477 [46912791123712] TRACE perfrun.launcher <> - ENTER: void runtool::DirectoryMonitor::notifyAll()
17477 [46912791123712] TRACE perfrun.sdk <> - ENTER: void runtool::sdk::getFilesFromDirectoryByExt(const std::basic_string<char, std::char_traits<char>, std::allocator<char>> &, const std::basic_string<char, std::char_traits<char>, std::allocator<char>> &, std::list<std::basic_string<char, std::char_traits<char>, std::allocator<char>>, std::allocator<std::basic_string<char, std::char_traits<char>, std::allocator<char>>>> &)
17477 [46912791123712] TRACE perfrun.sdk <> - EXIT:  void runtool::sdk::getFilesFromDirectoryByExt(const std::basic_string<char, std::char_traits<char>, std::allocator<char>> &, const std::basic_string<char, std::char_traits<char>, std::allocator<char>> &, std::list<std::basic_string<char, std::char_traits<char>, std::allocator<char>>, std::allocator<std::basic_string<char, std::char_traits<char>, std::allocator<char>>>> &)
17477 [46912791123712] DEBUG perfrun.launcher <> - DirectoryInfo: total size of monitored paths is 0 bytes
17477 [46912791123712] TRACE perfrun.launcher <> - EXIT:  void runtool::DirectoryMonitor::notifyAll()
17477 [46912791123712] TRACE perfrun.launcher <> - EXIT:  void runtool::DeadlineTimer::notify(const boost::system::error_code &)
18480 [46912791123712] TRACE perfrun.launcher <> - ENTER: void runtool::DeadlineTimer::notify(const boost::system::error_code &)
18481 [46912791123712] TRACE perfrun.launcher <> - ENTER: void runtool::DirectoryMonitor::notifyAll()
18481 [46912791123712] TRACE perfrun.sdk <> - ENTER: void runtool::sdk::getFilesFromDirectoryByExt(const std::basic_string<char, std::char_traits<char>, std::allocator<char>> &, const std::basic_string<char, std::char_traits<char>, std::allocator<char>> &, std::list<std::basic_string<char, std::char_traits<char>, std::allocator<char>>, std::allocator<std::basic_string<char, std::char_traits<char>, std::allocator<char>>>> &)
18481 [46912791123712] TRACE perfrun.sdk <> - EXIT:  void runtool::sdk::getFilesFromDirectoryByExt(const std::basic_string<char, std::char_traits<char>, std::allocator<char>> &, const std::basic_string<char, std::char_traits<char>, std::allocator<char>> &, std::list<std::basic_string<char, std::char_traits<char>, std::allocator<char>>, std::allocator<std::basic_string<char, std::char_traits<char>, std::allocator<char>>>> &)
18481 [46912791123712] DEBUG perfrun.launcher <> - DirectoryInfo: total size of monitored paths is 0 bytes
18481 [46912791123712] TRACE perfrun.launcher <> - EXIT:  void runtool::DirectoryMonitor::notifyAll()
18481 [46912791123712] TRACE perfrun.launcher <> - EXIT:  void runtool::DeadlineTimer::notify(const boost::system::error_code &)
19484 [46912791123712] TRACE perfrun.launcher <> - ENTER: void runtool::DeadlineTimer::notify(const boost::system::error_code &)
19484 [46912791123712] TRACE perfrun.launcher <> - ENTER: void runtool::DirectoryMonitor::notifyAll()
19484 [46912791123712] TRACE perfrun.sdk <> - ENTER: void runtool::sdk::getFilesFromDirectoryByExt(const std::basic_string<char, std::char_traits<char>, std::allocator<char>> &, const std::basic_string<char, std::char_traits<char>, std::allocator<char>> &, std::list<std::basic_string<char, std::char_traits<char>, std::allocator<char>>, std::allocator<std::basic_string<char, std::char_traits<char>, std::allocator<char>>>> &)
19484 [46912791123712] TRACE perfrun.sdk <> - EXIT:  void runtool::sdk::getFilesFromDirectoryByExt(const std::basic_string<char, std::char_traits<char>, std::allocator<char>> &, const std::basic_string<char, std::char_traits<char>, std::allocator<char>> &, std::list<std::basic_string<char, std::char_traits<char>, std::allocator<char>>, std::allocator<std::basic_string<char, std::char_traits<char>, std::allocator<char>>>> &)
19484 [46912791123712] DEBUG perfrun.launcher <> - DirectoryInfo: total size of monitored paths is 0 bytes
19484 [46912791123712] TRACE perfrun.launcher <> - EXIT:  void runtool::DirectoryMonitor::notifyAll()
19484 [46912791123712] TRACE perfrun.launcher <> - EXIT:  void runtool::DeadlineTimer::notify(const boost::system::error_code &)
20488 [46912791123712] TRACE perfrun.launcher <> - ENTER: void runtool::DeadlineTimer::notify(const boost::system::error_code &)
20488 [46912791123712] TRACE perfrun.launcher <> - ENTER: void runtool::DirectoryMonitor::notifyAll()
20488 [46912791123712] TRACE perfrun.sdk <> - ENTER: void runtool::sdk::getFilesFromDirectoryByExt(const std::basic_string<char, std::char_traits<char>, std::allocator<char>> &, const std::basic_string<char, std::char_traits<char>, std::allocator<char>> &, std::list<std::basic_string<char, std::char_traits<char>, std::allocator<char>>, std::allocator<std::basic_string<char, std::char_traits<char>, std::allocator<char>>>> &)
20488 [46912791123712] TRACE perfrun.sdk <> - EXIT:  void runtool::sdk::getFilesFromDirectoryByExt(const std::basic_string<char, std::char_traits<char>, std::allocator<char>> &, const std::basic_string<char, std::char_traits<char>, std::allocator<char>> &, std::list<std::basic_string<char, std::char_traits<char>, std::allocator<char>>, std::allocator<std::basic_string<char, std::char_traits<char>, std::allocator<char>>>> &)
20488 [46912791123712] DEBUG perfrun.launcher <> - DirectoryInfo: total size of monitored paths is 0 bytes
20488 [46912791123712] TRACE perfrun.launcher <> - EXIT:  void runtool::DirectoryMonitor::notifyAll()
20488 [46912791123712] TRACE perfrun.launcher <> - EXIT:  void runtool::DeadlineTimer::notify(const boost::system::error_code &)
21492 [46912791123712] TRACE perfrun.launcher <> - ENTER: void runtool::DeadlineTimer::notify(const boost::system::error_code &)
21493 [46912791123712] TRACE perfrun.launcher <> - ENTER: void runtool::DirectoryMonitor::notifyAll()
21493 [46912791123712] TRACE perfrun.sdk <> - ENTER: void runtool::sdk::getFilesFromDirectoryByExt(const std::basic_string<char, std::char_traits<char>, std::allocator<char>> &, const std::basic_string<char, std::char_traits<char>, std::allocator<char>> &, std::list<std::basic_string<char, std::char_traits<char>, std::allocator<char>>, std::allocator<std::basic_string<char, std::char_traits<char>, std::allocator<char>>>> &)
21493 [46912791123712] TRACE perfrun.sdk <> - EXIT:  void runtool::sdk::getFilesFromDirectoryByExt(const std::basic_string<char, std::char_traits<char>, std::allocator<char>> &, const std::basic_string<char, std::char_traits<char>, std::allocator<char>> &, std::list<std::basic_string<char, std::char_traits<char>, std::allocator<char>>, std::allocator<std::basic_string<char, std::char_traits<char>, std::allocator<char>>>> &)
21493 [46912791123712] DEBUG perfrun.launcher <> - DirectoryInfo: total size of monitored paths is 0 bytes
21493 [46912791123712] TRACE perfrun.launcher <> - EXIT:  void runtool::DirectoryMonitor::notifyAll()
21493 [46912791123712] TRACE perfrun.launcher <> - EXIT:  void runtool::DeadlineTimer::notify(const boost::system::error_code &)
22497 [46912791123712] TRACE perfrun.launcher <> - ENTER: void runtool::DeadlineTimer::notify(const boost::system::error_code &)
22497 [46912791123712] TRACE perfrun.launcher <> - ENTER: void runtool::DirectoryMonitor::notifyAll()
22497 [46912791123712] TRACE perfrun.sdk <> - ENTER: void runtool::sdk::getFilesFromDirectoryByExt(const std::basic_string<char, std::char_traits<char>, std::allocator<char>> &, const std::basic_string<char, std::char_traits<char>, std::allocator<char>> &, std::list<std::basic_string<char, std::char_traits<char>, std::allocator<char>>, std::allocator<std::basic_string<char, std::char_traits<char>, std::allocator<char>>>> &)
22498 [46912791123712] TRACE perfrun.sdk <> - EXIT:  void runtool::sdk::getFilesFromDirectoryByExt(const std::basic_string<char, std::char_traits<char>, std::allocator<char>> &, const std::basic_string<char, std::char_traits<char>, std::allocator<char>> &, std::list<std::basic_string<char, std::char_traits<char>, std::allocator<char>>, std::allocator<std::basic_string<char, std::char_traits<char>, std::allocator<char>>>> &)
22498 [46912791123712] DEBUG perfrun.launcher <> - DirectoryInfo: total size of monitored paths is 0 bytes
22498 [46912791123712] TRACE perfrun.launcher <> - EXIT:  void runtool::DirectoryMonitor::notifyAll()
22498 [46912791123712] TRACE perfrun.launcher <> - EXIT:  void runtool::DeadlineTimer::notify(const boost::system::error_code &)
23502 [46912791123712] TRACE perfrun.launcher <> - ENTER: void runtool::DeadlineTimer::notify(const boost::system::error_code &)
23502 [46912791123712] TRACE perfrun.launcher <> - ENTER: void runtool::DirectoryMonitor::notifyAll()
23502 [46912791123712] TRACE perfrun.sdk <> - ENTER: void runtool::sdk::getFilesFromDirectoryByExt(const std::basic_string<char, std::char_traits<char>, std::allocator<char>> &, const std::basic_string<char, std::char_traits<char>, std::allocator<char>> &, std::list<std::basic_string<char, std::char_traits<char>, std::allocator<char>>, std::allocator<std::basic_string<char, std::char_traits<char>, std::allocator<char>>>> &)
23503 [46912791123712] TRACE perfrun.sdk <> - EXIT:  void runtool::sdk::getFilesFromDirectoryByExt(const std::basic_string<char, std::char_traits<char>, std::allocator<char>> &, const std::basic_string<char, std::char_traits<char>, std::allocator<char>> &, std::list<std::basic_string<char, std::char_traits<char>, std::allocator<char>>, std::allocator<std::basic_string<char, std::char_traits<char>, std::allocator<char>>>> &)
23503 [46912791123712] DEBUG perfrun.launcher <> - DirectoryInfo: total size of monitored paths is 0 bytes
23503 [46912791123712] TRACE perfrun.launcher <> - EXIT:  void runtool::DirectoryMonitor::notifyAll()
23503 [46912791123712] TRACE perfrun.launcher <> - EXIT:  void runtool::DeadlineTimer::notify(const boost::system::error_code &)
24507 [46912791123712] TRACE perfrun.launcher <> - ENTER: void runtool::DeadlineTimer::notify(const boost::system::error_code &)
24507 [46912791123712] TRACE perfrun.launcher <> - ENTER: void runtool::DirectoryMonitor::notifyAll()
24507 [46912791123712] TRACE perfrun.sdk <> - ENTER: void runtool::sdk::getFilesFromDirectoryByExt(const std::basic_string<char, std::char_traits<char>, std::allocator<char>> &, const std::basic_string<char, std::char_traits<char>, std::allocator<char>> &, std::list<std::basic_string<char, std::char_traits<char>, std::allocator<char>>, std::allocator<std::basic_string<char, std::char_traits<char>, std::allocator<char>>>> &)
24508 [46912791123712] TRACE perfrun.sdk <> - EXIT:  void runtool::sdk::getFilesFromDirectoryByExt(const std::basic_string<char, std::char_traits<char>, std::allocator<char>> &, const std::basic_string<char, std::char_traits<char>, std::allocator<char>> &, std::list<std::basic_string<char, std::char_traits<char>, std::allocator<char>>, std::allocator<std::basic_string<char, std::char_traits<char>, std::allocator<char>>>> &)
24508 [46912791123712] DEBUG perfrun.launcher <> - DirectoryInfo: total size of monitored paths is 0 bytes
24508 [46912791123712] TRACE perfrun.launcher <> - EXIT:  void runtool::DirectoryMonitor::notifyAll()
24508 [46912791123712] TRACE perfrun.launcher <> - EXIT:  void runtool::DeadlineTimer::notify(const boost::system::error_code &)
25512 [46912791123712] TRACE perfrun.launcher <> - ENTER: void runtool::DeadlineTimer::notify(const boost::system::error_code &)
25512 [46912791123712] TRACE perfrun.launcher <> - ENTER: void runtool::DirectoryMonitor::notifyAll()
25512 [46912791123712] TRACE perfrun.sdk <> - ENTER: void runtool::sdk::getFilesFromDirectoryByExt(const std::basic_string<char, std::char_traits<char>, std::allocator<char>> &, const std::basic_string<char, std::char_traits<char>, std::allocator<char>> &, std::list<std::basic_string<char, std::char_traits<char>, std::allocator<char>>, std::allocator<std::basic_string<char, std::char_traits<char>, std::allocator<char>>>> &)
25516 [46912791123712] TRACE perfrun.sdk <> - EXIT:  void runtool::sdk::getFilesFromDirectoryByExt(const std::basic_string<char, std::char_traits<char>, std::allocator<char>> &, const std::basic_string<char, std::char_traits<char>, std::allocator<char>> &, std::list<std::basic_string<char, std::char_traits<char>, std::allocator<char>>, std::allocator<std::basic_string<char, std::char_traits<char>, std::allocator<char>>>> &)
25516 [46912791123712] DEBUG perfrun.launcher <> - DirectoryInfo: total size of monitored paths is 0 bytes
25516 [46912791123712] TRACE perfrun.launcher <> - EXIT:  void runtool::DirectoryMonitor::notifyAll()
25516 [46912791123712] TRACE perfrun.launcher <> - EXIT:  void runtool::DeadlineTimer::notify(const boost::system::error_code &)
25785 [46912594636000] TRACE perfrun.launcher <> - EXIT:  int runtool::ProcessCreator::waitPid()
25785 [46912594636000] TRACE perfrun.launcher <> - EXIT:  int runtool::ProcessCreator::wait()
25785 [46912594636000] INFO perfrun.launcher <> - Launcher: the profiled application was terminated  with exit code = 0
25785 [46912594636000] TRACE perfrun.launcher <> - ENTER: void runtool::Launcher::waitForSlaves(const std::basic_string<char, std::char_traits<char>, std::allocator<char>> &)
25785 [46912594636000] TRACE perfrun.sdk <> - ENTER: void runtool::sdk::getFilesFromDirectoryByExt(const std::basic_string<char, std::char_traits<char>, std::allocator<char>> &, const std::basic_string<char, std::char_traits<char>, std::allocator<char>> &, std::list<std::basic_string<char, std::char_traits<char>, std::allocator<char>>, std::allocator<std::basic_string<char, std::char_traits<char>, std::allocator<char>>>> &)
25786 [46912594636000] TRACE perfrun.sdk <> - EXIT:  void runtool::sdk::getFilesFromDirectoryByExt(const std::basic_string<char, std::char_traits<char>, std::allocator<char>> &, const std::basic_string<char, std::char_traits<char>, std::allocator<char>> &, std::list<std::basic_string<char, std::char_traits<char>, std::allocator<char>>, std::allocator<std::basic_string<char, std::char_traits<char>, std::allocator<char>>>> &)
25786 [46912594636000] TRACE perfrun.launcher <> - EXIT:  void runtool::Launcher::waitForSlaves(const std::basic_string<char, std::char_traits<char>, std::allocator<char>> &)
25786 [46912603141888] TRACE perfrun.system <> - ENTER: void runtool::system::Controller::onEvent(runtool::sdk::collection_state_t)
25786 [46912603141888] TRACE perfrun.system <> - EXIT:  void runtool::system::Controller::onEvent(runtool::sdk::collection_state_t)
25786 [46912603141888] TRACE perfrun.system <> - ENTER: bool runtool::system::Controller::stop()
25788 [46912603141888] TRACE perfrun.system <> - EXIT:  bool runtool::system::Controller::stop()
25788 [46912603141888] TRACE perfrun.tpss <> - ENTER: bool runtool::tpss::Controller::stop()
25788 [46912603141888] INFO perfrun.tpss <> - stop tpss controller
25789 [46912603141888] TRACE perfrun.tpss <> - EXIT:  bool runtool::tpss::Controller::stop()
25789 [46912603141888] TRACE perfrun.system <> - ENTER: void runtool::system::Controller::onEvent(runtool::sdk::collection_state_t)
25789 [46912603141888] TRACE perfrun.sdk <> - ENTER: void runtool::sdk::TraceFile::close(boost::system::error_code &)
25789 [46912603141888] INFO perfrun.sdk <> - De-allocating TMU: /tmp/advixe-tmp-an16228/advixe-res-87666-112336956719105864/data.0/systemcollector-87666-node44-010.sc
25789 [46912603141888] TRACE perfrun.sdk <> - EXIT:  void runtool::sdk::TraceFile::close(boost::system::error_code &)
25789 [46912603141888] INFO perfrun.system <> - closed the system trace file: /tmp/advixe-tmp-an16228/advixe-res-87666-112336956719105864/data.0/systemcollector-87666-node44-010.sc
25789 [46912603141888] TRACE perfrun.system <> - EXIT:  void runtool::system::Controller::onEvent(runtool::sdk::collection_state_t)
25789 [46912594636000] TRACE perfrun.launcher <> - ENTER: void runtool::ProcessSetMonitor<T>::stop() [with T = unsigned int]
25789 [46912594636000] TRACE perfrun.launcher <> - EXIT:  void runtool::ProcessSetMonitor<T>::stop() [with T = unsigned int]
25789 [46912594636000] TRACE perfrun.launcher <> - ENTER: void runtool::ProcessCreator::stop()
25789 [46912594636000] TRACE perfrun.launcher <> - EXIT:  void runtool::ProcessCreator::stop()
25789 [46912594636000] INFO perfrun.launcher <> - Launcher: all plugins were stopped.
25789 [46912594636000] TRACE perfrun.launcher <> - ENTER: void runtool::Launcher::resetDurationCallback()
25789 [46912594636000] TRACE perfrun.launcher <> - EXIT:  void runtool::Launcher::resetDurationCallback()
25789 [46912594636000] TRACE perfrun.launcher <> - ENTER: void runtool::Launcher::resetResumeAfterCallback()
25789 [46912594636000] TRACE perfrun.launcher <> - EXIT:  void runtool::Launcher::resetResumeAfterCallback()
25789 [46912594636000] TRACE perfrun.launcher <> - ENTER: void runtool::Launcher::resetHardStopCallbacks()
25789 [46912594636000] INFO perfrun.launcher <> - DeadlineTimer is going to be destroyed
25789 [46912594636000] INFO perfrun.launcher <> - DirectoryMonitor object was destroyed
25789 [46912594636000] TRACE perfrun.launcher <> - EXIT:  void runtool::Launcher::resetHardStopCallbacks()
25789 [46912594636000] WARN perfrun.launcher <> - Stop command is ignored because it is received when collection is already stopped, at file: vcs/perfrun1/launcher/src/command_handler.cpp:212
25789 [46912594636000] TRACE perfrun.launcher <> - ENTER: void runtool::Launcher::shutdownLaunch()
25789 [46912594636000] TRACE perfrun.launcher <> - ENTER: void runtool::Launcher::resetDurationCallback()
25789 [46912594636000] TRACE perfrun.launcher <> - EXIT:  void runtool::Launcher::resetDurationCallback()
25789 [46912594636000] TRACE perfrun.launcher <> - ENTER: void runtool::Launcher::resetResumeAfterCallback()
25789 [46912594636000] TRACE perfrun.launcher <> - EXIT:  void runtool::Launcher::resetResumeAfterCallback()
25789 [46912594636000] TRACE perfrun.launcher <> - ENTER: void runtool::Launcher::resetHardStopCallbacks()
25789 [46912594636000] TRACE perfrun.launcher <> - EXIT:  void runtool::Launcher::resetHardStopCallbacks()
25847 [46912594636000] TRACE perfrun.launcher <> - ENTER: void runtool::Launcher::waitForSlaves(const std::basic_string<char, std::char_traits<char>, std::allocator<char>> &)
25847 [46912594636000] TRACE perfrun.sdk <> - ENTER: void runtool::sdk::getFilesFromDirectoryByExt(const std::basic_string<char, std::char_traits<char>, std::allocator<char>> &, const std::basic_string<char, std::char_traits<char>, std::allocator<char>> &, std::list<std::basic_string<char, std::char_traits<char>, std::allocator<char>>, std::allocator<std::basic_string<char, std::char_traits<char>, std::allocator<char>>>> &)
25848 [46912594636000] TRACE perfrun.sdk <> - EXIT:  void runtool::sdk::getFilesFromDirectoryByExt(const std::basic_string<char, std::char_traits<char>, std::allocator<char>> &, const std::basic_string<char, std::char_traits<char>, std::allocator<char>> &, std::list<std::basic_string<char, std::char_traits<char>, std::allocator<char>>, std::allocator<std::basic_string<char, std::char_traits<char>, std::allocator<char>>>> &)
25848 [46912594636000] TRACE perfrun.launcher <> - EXIT:  void runtool::Launcher::waitForSlaves(const std::basic_string<char, std::char_traits<char>, std::allocator<char>> &)
25848 [46912594636000] TRACE perfrun.launcher <> - EXIT:  void runtool::Launcher::shutdownLaunch()
25848 [46912594636000] TRACE perfrun.launcher <> - EXIT:  int runtool::Launcher::doStart()
25848 [46912594636000] TRACE perfrun.launcher <> - IMessenger: send collection state with state = 3
25848 [46912594636000] INFO perfrun.launcher <> - Application exit code: 0
25848 [46912594636000] INFO perfrun.launcher <> - Exit code: 0
25848 [46912594636000] TRACE perfrun.launcher <> - ENTER: void runtool::RpcServer::stop()
25848 [46912594636000] TRACE perfrun.launcher <> - ENTER: Send RPC request
25848 [46912626743040] TRACE perfrun.launcher <> - ENTER: Receive RPC request
25848 [46912594636000] TRACE perfrun.launcher <> - request was sent: size = 43; message = 22 serialization::archive 10 0 0 10 0 0 0 0
25849 [46912594636000] TRACE perfrun.launcher <> - EXIT:  Send RPC request
25849 [46912626743040] TRACE perfrun.launcher <> - request was received: size = 43; message = 22 serialization::archive 10 0 0 10 0 0 0 0
25849 [46912626743040] TRACE perfrun.launcher <> - EXIT:  Receive RPC request
25849 [46912626743040] TRACE perfrun.launcher <> - EXIT:  RpcServer: the main loop handles RPC requests  from clients
25849 [46912594636000] TRACE perfrun.launcher <> - EXIT:  void runtool::RpcServer::stop()
25849 [46912594636000] TRACE perfrun.launcher <> - EXIT:  Start the collection
25849 [46912594636000] TRACE perfrun.launcher <> - ENTER: Destroy the launcher...
25849 [46912594636000] TRACE perfrun.launcher <> - EXIT:  Destroy the launcher...
25849 [46912594636000] TRACE perfrun.launcher <> - ENTER: runtool::RpcServer::~RpcServer()
25849 [46912594636000] TRACE perfrun.launcher <> - ENTER: void runtool::RpcServer::stop()
25849 [46912594636000] TRACE perfrun.launcher <> - EXIT:  void runtool::RpcServer::stop()
25849 [46912594636000] TRACE perfrun.launcher <> - EXIT:  runtool::RpcServer::~RpcServer()
25849 [46912594636000] TRACE perfrun.launcher <> - ENTER: runtool::ProcessCreator::~ProcessCreator()
25849 [46912594636000] TRACE perfrun.launcher <> - ENTER: void runtool::ProcessCreator::stop()
25849 [46912594636000] TRACE perfrun.launcher <> - EXIT:  void runtool::ProcessCreator::stop()
25849 [46912594636000] TRACE perfrun.launcher <> - EXIT:  runtool::ProcessCreator::~ProcessCreator()
25849 [46912594636000] TRACE perfrun.launcher <> - PluginManagerProxy::doOperation thread was terminated.
25853 [46912594636000] TRACE perfrun.launcher <> - EXIT:  int main(int, char **)
