Running on host: node31-035
Time is: Thu Feb  7 15:45:31 GMT 2019
Directory is: /panfs/panasas01/cosc/an16228/myfiles/HPC/openmp
PBS job ID is: 8081266.master.cm.cluster
This jobs runs on the following machines: node31-035

128 x 128
==done==
Reynolds number:		9.751927375793E+00
Elapsed time:			58.835254 (s)
Elapsed user CPU time:		58.846054 (s)
Elapsed system CPU time:	0.001999 (s)

256 x 256
==done==
Reynolds number:		1.005141162872E+01
Elapsed time:			477.063476 (s)
Elapsed user CPU time:		477.144463 (s)
Elapsed system CPU time:	0.002999 (s)

1024 x 1024
==done==
Reynolds number:		3.375851392746E+00
Elapsed time:			2005.859128 (s)
Elapsed user CPU time:		2006.211009 (s)
Elapsed system CPU time:	0.023996 (s)
