<?xml version="1.0" encoding="utf-8" ?>
<!-- DO NOT EDIT THIS FILE -->

<log version='2.0' source='trc'>
	<msg id='1' display='false' source='trc'>
		<type>PROCESS_START</type>
		<severity>INFO</severity>
		<timestamp>Thu Feb 21 13:30:55 2019</timestamp>
		<arg name='process'>/panfs/panasas01/cosc/an16228/myfiles/HPC/openmp/lbm</arg>
		<arg name='pid'>4420</arg>
	</msg>
	<!-- Instrumentation filter's state:
    Patterns applicability:
        Generic loop pattern.....................: disabled
        Generic loop pattern (with dynamic jumps): disabled
        Known trip value loop pattern............: disabled
        Runtime final value loop pattern.........: disabled
        No initial IV loop pattern...............: disabled
        IV step only loop pattern................: disabled
        No entry loop pattern....................: disabled
    Clustered memory model (CMM) applicability:
        Generic loop pattern.....................: enabled
        Generic loop pattern (with dynamic jumps): enabled
        Known trip value loop pattern............: enabled
        Runtime final value loop pattern.........: enabled
        No initial IV loop pattern...............: enabled
        IV step only loop pattern................: enabled
        No entry loop pattern....................: disabled
 -->
	<!-- Callstack mode:
    filter modules.........: true
    filter routines........: true
    count loops............: false
    count flops............: false
    trace..................: false
    extended trace.........: false
    omp trace..............: false
    failures trace.........: false
    dump raw...............: false
    dump final.............: false
    dump all...............: false
    stack stitching........: true
    stl profiling..........: false
    aggressive frame switch: true
    unwind frame exit......: true
 -->
	<msg id='2' display='false' source='trc'>
		<type>PROCESS_ANALYSIS_MODE</type>
		<severity>INFO</severity>
		<timestamp>Thu Feb 21 13:30:55 2019</timestamp>
		<arg name='mode'>full</arg>
	</msg>
	<msg id='3' display='false' source='trc'>
		<type>LOAD_MODULE</type>
		<severity>INFO</severity>
		<timestamp>Thu Feb 21 13:30:55 2019</timestamp>
		<arg name='module'>/panfs/panasas01/cosc/an16228/myfiles/HPC/openmp/lbm</arg>
		<arg name='basement'>0x400000</arg>
		<arg name='ceiling'>0x6129df</arg>
	</msg>
	<!-- Instrumenting image: id = 1, name = /panfs/panasas01/cosc/an16228/myfiles/HPC/openmp/lbm -->
	<!-- skipping routine "__svml_irem4", reason cannot build control-flow graph (HasDynamicJumps) -->
	<msg id='4' display='false' source='trc'>
		<type>LOAD_MODULE</type>
		<severity>INFO</severity>
		<timestamp>Thu Feb 21 13:30:55 2019</timestamp>
		<arg name='module'>/lib64/ld-linux-x86-64.so.2</arg>
		<arg name='basement'>0x2aaaaaaab000</arg>
		<arg name='ceiling'>0x2aaaaaccc187</arg>
	</msg>
	<!-- Instrumentation of /lib64/ld-linux-x86-64.so.2 image skipped because of filter conditions [cs-mode]. -->
	<msg id='5' display='false' source='trc'>
		<type>LOAD_MODULE</type>
		<severity>INFO</severity>
		<timestamp>Thu Feb 21 13:30:55 2019</timestamp>
		<arg name='module'>[vdso]</arg>
		<arg name='basement'>0x2aaaaaacb000</arg>
		<arg name='ceiling'>0x2aaaaaacbaaf</arg>
	</msg>
	<!-- Instrumentation of [vdso] image skipped because of filter conditions [cs-mode]. -->
	<msg id='6' display='false' source='trc'>
		<type>LOAD_MODULE</type>
		<severity>INFO</severity>
		<timestamp>Thu Feb 21 13:30:55 2019</timestamp>
		<arg name='module'>/lib64/libm.so.6</arg>
		<arg name='basement'>0x2aaabfb43000</arg>
		<arg name='ceiling'>0x2aaabfdc60b7</arg>
	</msg>
	<!-- Instrumentation of /lib64/libm.so.6 image skipped because of filter conditions [cs-mode]. -->
	<msg id='7' display='false' source='trc'>
		<type>LOAD_MODULE</type>
		<severity>INFO</severity>
		<timestamp>Thu Feb 21 13:30:55 2019</timestamp>
		<arg name='module'>/cm/shared/languages/Intel-Compiler-XE-16-U2/compilers_and_libraries_2016.2.181/linux/compiler/lib/intel64/libiomp5.so</arg>
		<arg name='basement'>0x2aaabfe04000</arg>
		<arg name='ceiling'>0x2aaac014445f</arg>
	</msg>
	<!-- Instrumenting image: id = 5, name = /cm/shared/languages/Intel-Compiler-XE-16-U2/compilers_and_libraries_2016.2.181/linux/compiler/lib/intel64/libiomp5.so -->
	<!-- skipping routine "__kmpc_fork_call", reason cannot build control-flow graph (HasDynamicJumps) -->
	<!-- skipping routine "__kmp_acquire_ticket_lock", reason cannot build control-flow graph (HasDynamicJumps) -->
	<msg id='8' display='false' source='trc'>
		<type>LOAD_MODULE</type>
		<severity>INFO</severity>
		<timestamp>Thu Feb 21 13:30:55 2019</timestamp>
		<arg name='module'>/cm/shared/languages/GCC-4.8.4/lib64/libgcc_s.so.1</arg>
		<arg name='basement'>0x2aaac015c000</arg>
		<arg name='ceiling'>0x2aaac037161f</arg>
	</msg>
	<!-- Instrumentation of /cm/shared/languages/GCC-4.8.4/lib64/libgcc_s.so.1 image skipped because of filter conditions [cs-mode]. -->
	<msg id='9' display='false' source='trc'>
		<type>LOAD_MODULE</type>
		<severity>INFO</severity>
		<timestamp>Thu Feb 21 13:30:55 2019</timestamp>
		<arg name='module'>/lib64/libpthread.so.0</arg>
		<arg name='basement'>0x2aaac03ad000</arg>
		<arg name='ceiling'>0x2aaac05c93ef</arg>
	</msg>
	<!-- Instrumentation of /lib64/libpthread.so.0 image skipped because of filter conditions [cs-mode]. -->
	<msg id='10' display='false' source='trc'>
		<type>LOAD_MODULE</type>
		<severity>INFO</severity>
		<timestamp>Thu Feb 21 13:30:55 2019</timestamp>
		<arg name='module'>/lib64/libc.so.6</arg>
		<arg name='basement'>0x2aaac05ca000</arg>
		<arg name='ceiling'>0x2aaac095d907</arg>
	</msg>
	<!-- Instrumentation of /lib64/libc.so.6 image skipped because of filter conditions [cs-mode]. -->
	<msg id='11' display='false' source='trc'>
		<type>LOAD_MODULE</type>
		<severity>INFO</severity>
		<timestamp>Thu Feb 21 13:30:55 2019</timestamp>
		<arg name='module'>/lib64/libdl.so.2</arg>
		<arg name='basement'>0x2aaac095e000</arg>
		<arg name='ceiling'>0x2aaac0b610ff</arg>
	</msg>
	<!-- Instrumentation of /lib64/libdl.so.2 image skipped because of filter conditions [cs-mode]. -->
	<msg id='12' display='false' source='trc'>
		<type>LOAD_MODULE</type>
		<severity>INFO</severity>
		<timestamp>Thu Feb 21 13:30:55 2019</timestamp>
		<arg name='module'>/panfs/panasas01/cosc/an16228/intel/advisor_2019.2.0.588361/lib64/runtime/libittnotify.so</arg>
		<arg name='basement'>0x2aaac16f4000</arg>
		<arg name='ceiling'>0x2aaac18ff63f</arg>
	</msg>
	<!-- __itt_pause was instrumented -->
	<!-- __itt_resume was instrumented -->
	<!-- Instrumentation of /panfs/panasas01/cosc/an16228/intel/advisor_2019.2.0.588361/lib64/runtime/libittnotify.so image skipped because of filter conditions [cs-mode]. -->
	<msg id='13' display='false' source='trc'>
		<type>UNLOAD_MODULE</type>
		<severity>INFO</severity>
		<timestamp>Thu Feb 21 13:31:00 2019</timestamp>
		<arg name='module'>/panfs/panasas01/cosc/an16228/myfiles/HPC/openmp/lbm</arg>
	</msg>
	<msg id='14' display='false' source='trc'>
		<type>UNLOAD_MODULE</type>
		<severity>INFO</severity>
		<timestamp>Thu Feb 21 13:31:00 2019</timestamp>
		<arg name='module'>/lib64/ld-linux-x86-64.so.2</arg>
	</msg>
	<msg id='15' display='false' source='trc'>
		<type>UNLOAD_MODULE</type>
		<severity>INFO</severity>
		<timestamp>Thu Feb 21 13:31:00 2019</timestamp>
		<arg name='module'>[vdso]</arg>
	</msg>
	<msg id='16' display='false' source='trc'>
		<type>UNLOAD_MODULE</type>
		<severity>INFO</severity>
		<timestamp>Thu Feb 21 13:31:00 2019</timestamp>
		<arg name='module'>/lib64/libm.so.6</arg>
	</msg>
	<msg id='17' display='false' source='trc'>
		<type>UNLOAD_MODULE</type>
		<severity>INFO</severity>
		<timestamp>Thu Feb 21 13:31:00 2019</timestamp>
		<arg name='module'>/cm/shared/languages/Intel-Compiler-XE-16-U2/compilers_and_libraries_2016.2.181/linux/compiler/lib/intel64/libiomp5.so</arg>
	</msg>
	<msg id='18' display='false' source='trc'>
		<type>UNLOAD_MODULE</type>
		<severity>INFO</severity>
		<timestamp>Thu Feb 21 13:31:00 2019</timestamp>
		<arg name='module'>/cm/shared/languages/GCC-4.8.4/lib64/libgcc_s.so.1</arg>
	</msg>
	<msg id='19' display='false' source='trc'>
		<type>UNLOAD_MODULE</type>
		<severity>INFO</severity>
		<timestamp>Thu Feb 21 13:31:00 2019</timestamp>
		<arg name='module'>/lib64/libpthread.so.0</arg>
	</msg>
	<msg id='20' display='false' source='trc'>
		<type>UNLOAD_MODULE</type>
		<severity>INFO</severity>
		<timestamp>Thu Feb 21 13:31:00 2019</timestamp>
		<arg name='module'>/lib64/libc.so.6</arg>
	</msg>
	<msg id='21' display='false' source='trc'>
		<type>UNLOAD_MODULE</type>
		<severity>INFO</severity>
		<timestamp>Thu Feb 21 13:31:00 2019</timestamp>
		<arg name='module'>/lib64/libdl.so.2</arg>
	</msg>
	<msg id='22' display='false' source='trc'>
		<type>UNLOAD_MODULE</type>
		<severity>INFO</severity>
		<timestamp>Thu Feb 21 13:31:00 2019</timestamp>
		<arg name='module'>/panfs/panasas01/cosc/an16228/intel/advisor_2019.2.0.588361/lib64/runtime/libittnotify.so</arg>
	</msg>
	<msg id='23' display='false' source='trc'>
		<type>PROCESS_FINISH</type>
		<severity>INFO</severity>
		<timestamp>Thu Feb 21 13:31:00 2019</timestamp>
		<arg name='process'>/panfs/panasas01/cosc/an16228/myfiles/HPC/openmp/lbm</arg>
		<arg name='pid'>4420</arg>
		<arg name='exitcode'>0x0</arg>
	</msg>
	<!-- Application exited with code 0 -->
</log>