17 [46912594636000] TRACE perfrun.launcher <> - ENTER: int main(int, char **)
18 [46912594636000] INFO perfrun.launcher <> - Launcher main begin
60 [46912594636000] INFO perfrun.launcher <> - MessageCatalogInit finished
60 [46912594636000] INFO perfrun.launcher <> - Launcher instance created
60 [46912594636000] TRACE perfrun.launcher <> - ENTER: Start the collection
60 [46912594636000] INFO perfrun.launcher <> - argc = 7; cmdline = /panfs/panasas01/cosc/an16228/intel/advisor_2019.2.0.588361/bin64/advixe-runss --ui-output-format xml --ui-output-fd 6 --option-file /panfs/panasas01/cosc/an16228/myfiles/HPC/openmp/roof-16-128/e000/hs000/config/runss.options 
60 [46912594636000] TRACE perfrun.launcher <> - ENTER: Initialize the launcher
75 [46912594636000] TRACE perfrun.launcher <> - ENTER: void runtool::CmdLineParser::declareOptions()
85 [46912594636000] TRACE perfrun.launcher <> - EXIT:  void runtool::CmdLineParser::declareOptions()
85 [46912594636000] INFO perfrun.launcher <> - plugin remoteplug has been added successfully
85 [46912594636000] TRACE perfrun.system <> - ENTER: static runtool::system::IController *runtool::system::IController::create()
85 [46912594636000] TRACE perfrun.system <> - ENTER: runtool::system::Controller::Controller()
85 [46912594636000] TRACE perfrun.system <> - EXIT:  runtool::system::Controller::Controller()
85 [46912594636000] TRACE perfrun.system <> - EXIT:  static runtool::system::IController *runtool::system::IController::create()
85 [46912594636000] INFO perfrun.launcher <> - plugin system has been added successfully
85 [46912594636000] INFO perfrun.launcher <> - plugin  has been added successfully
85 [46912594636000] INFO perfrun.launcher <> - plugin  has been added successfully
85 [46912594636000] INFO perfrun.launcher <> - plugin  has been added successfully
85 [46912594636000] INFO perfrun.launcher <> - plugin  has been added successfully
85 [46912594636000] INFO perfrun.launcher <> - plugin  has been added successfully
85 [46912594636000] INFO perfrun.launcher <> - plugin  has been added successfully
85 [46912594636000] INFO perfrun.launcher <> - plugin mrte has been added successfully
85 [46912594636000] INFO perfrun.launcher <> - plugin  has been added successfully
85 [46912594636000] INFO perfrun.launcher <> - plugin  has been added successfully
85 [46912594636000] INFO perfrun.launcher <> - plugin  has been added successfully
86 [46912594636000] INFO perfrun.launcher <> - plugin  has been added successfully
86 [46912594636000] INFO perfrun.launcher <> - plugin  has been added successfully
86 [46912594636000] INFO perfrun.launcher <> - plugin  has been added successfully
86 [46912594636000] TRACE perfrun.tpss <> - ENTER: static runtool::sdk::IController *runtool::tpss::IController::create()
86 [46912594636000] TRACE perfrun.tpss <> - ENTER: create tpss controller
86 [46912594636000] TRACE perfrun.tpss <> - EXIT:  create tpss controller
86 [46912594636000] TRACE perfrun.tpss <> - EXIT:  static runtool::sdk::IController *runtool::tpss::IController::create()
86 [46912594636000] INFO perfrun.launcher <> - plugin tpss has been added successfully
86 [46912594636000] INFO perfrun.launcher <> - plugin  has been added successfully
86 [46912594636000] INFO perfrun.launcher <> - plugin  has been added successfully
86 [46912594636000] INFO perfrun.launcher <> - plugin  has been added successfully
86 [46912594636000] INFO perfrun.launcher <> - plugin  has been added successfully
87 [46912594636000] INFO perfrun.launcher <> - plugin  has been added successfully
87 [46912594636000] INFO perfrun.launcher <> - the option was added --interval: Specify an interval of data collection (for example, sampling) in milliseconds.
87 [46912594636000] INFO perfrun.launcher <> - the option was added --follow-child: Profile process with or without children.
87 [46912594636000] INFO perfrun.launcher <> - the option was added --gelding: BADMSG: perfrun1.launcher.plugin_manager::gelding
87 [46912594636000] INFO perfrun.launcher <> - the option was added --time-source: Specify time source for measurement. Possible values: sys - wall clock time; tsc - time stamp counter; ext - time from an external source; auto - auto select accurate time source.
87 [46912594636000] INFO perfrun.launcher <> - the option was added --stack: Enable or disable collection of stacks.
87 [46912594636000] INFO perfrun.launcher <> - the option was added --stack-stitching: Enable or disable the stack stitching algorithm for Intel TBB-based applications.
87 [46912594636000] INFO perfrun.launcher <> - the option was added --type: Specify type of data to be collected. For example, --type cpu:counters,waiting:nostack,io.
88 [46912594636000] INFO perfrun.launcher <> - the option was added --mrte-mode: Specify Java/.NET/other managed runtime collection mode. Possible values: native - collect information only for native code; managed - collect information only for managed code; mixed - collect information for both managed and native code; auto - choose the mode based on binary type.
88 [46912594636000] INFO perfrun.launcher <> - the option was added --mrte-mode-list: List supported Java/.NET/other managed runtime collection modes.
88 [46912594636000] INFO perfrun.launcher <> - the option was added --mrte-type: Specify which managed runtimes to collect. Possible values: java - collect information for Java; dotnet - collect information for .NET; python - collect information for CPython. You can specify several values separated by comma.
88 [46912594636000] INFO perfrun.launcher <> - the option was added --mrte-type-list: List supported Java/.NET/other managed runtime types.
88 [46912594636000] INFO perfrun.launcher <> - the option was added --trace-strategy: Specify how to profile a process tree. <string> can be "<process>:trace:notrace" - profile the process but do not profile its children. Shorthand parameters: t - trace, nt - notrace. For example, "vtunedemo.exe:t:t".
88 [46912594636000] INFO perfrun.launcher <> - the option was added --collector: BADMSG: perfrun1.launcher.plugin_manager::collector
88 [46912594636000] INFO perfrun.launcher <> - the option was added --system-wide: Enable system-wide profiling. This mode may require additional permissions.
88 [46912594636000] INFO perfrun.launcher <> - the option was added --kvm-guest: Enable KVM guest OS profiling.
88 [46912594636000] INFO perfrun.launcher <> - the option was added --kvm-guest-kallsyms: Specify a local path to the /proc/kallsyms file copied from the guest OS for proper symbol resolution.
88 [46912594636000] INFO perfrun.launcher <> - the option was added --kvm-guest-modules: Specify a local path to the /proc/modules file copied from the guest OS for proper symbol resolution.
88 [46912594636000] INFO perfrun.launcher <> - the option was added --dump-vdso: Dump [vdso] to result directory
88 [46912594636000] INFO perfrun.launcher <> - the option was added --bandwidth-limits: Measure bandwidth limits
88 [46912594636000] INFO perfrun.launcher <> - the option was added --bandwidth-strategy: Bandwidth limits determination specific properties (example: --bandwidth-strategy array-size=0,duration=500).
88 [46912594636000] INFO perfrun.launcher <> - the option was added --bandwidth-config: List of benchmarks to run.
88 [46912594636000] INFO perfrun.launcher <> - the option was added --system-collector-config: Specify subcollectors. Possible values: all, vdso, container, device-info, none.
88 [46912594636000] INFO perfrun.launcher <> - the option was added --stackwalk: Specify stack unwinding method. Possible values: online - unwind stacks during collection; offline - unwind stacks after collection is finished.
88 [46912594636000] INFO perfrun.launcher <> - the option was added --filter-include: Filter data during collection. Possible values: contended=<on|off> - filter out uncontended events; contended_nostack=<time> - filter out stacks for contended events that take less than <time> microseconds; wait=<time> - ignore transitions and blocks with wait time less than <time> microseconds; wait_nostack=<time> - filter out stacks for waits that take less than <time> microseconds.
88 [46912594636000] INFO perfrun.launcher <> - the option was added --debug-pin: Debug PIN tool and runtime.
88 [46912594636000] INFO perfrun.launcher <> - the option was added --debug-exception: Disallow the application to set own abnormal termination handler.
88 [46912594636000] INFO perfrun.launcher <> - the option was added --trace-type: Specify the trace file granularity. Possible values: per-thread - per-thread trace file generation; per-process - per-process trace file generation.
88 [46912594636000] INFO perfrun.launcher <> - the option was added --instrumentation-type: Specify type of instrumentation.
88 [46912594636000] INFO perfrun.launcher <> - the option was added --altstack: Enable or disable usage of altstacks for profiling signal handlers.
88 [46912594636000] INFO perfrun.launcher <> - the option was added --profiling-signal: Alternate profiling signal.
88 [46912594636000] INFO perfrun.launcher <> - the option was added --memory-strategy: Specify a minimal memory object size to be traced and a hash table size for faster objects search; for example: --memory-strategy obj-size-min=1024,hash-table-size=4096.
88 [46912594636000] TRACE perfrun.launcher <> - Update configuration: tmp directory = /tmp/advixe-tmp-an16228
88 [46912594636000] TRACE perfrun.launcher <> - EXIT:  Initialize the launcher
89 [46912594636000] TRACE perfrun.launcher <> - ENTER: void runtool::CmdLineParser::parseOptionFile(const std::basic_string<char, std::char_traits<char>, std::allocator<char>> &)
90 [46912594636000] TRACE perfrun.launcher <> - EXIT:  void runtool::CmdLineParser::parseOptionFile(const std::basic_string<char, std::char_traits<char>, std::allocator<char>> &)
90 [46912594636000] INFO perfrun.launcher <> - create msngr2::ICliToolContext
90 [46912594636000] TRACE perfrun.launcher <> - ENTER: void runtool::CmdLineParser::validateParseResult() const
90 [46912594636000] TRACE perfrun.launcher <> - EXIT:  void runtool::CmdLineParser::validateParseResult() const
90 [46912594636000] TRACE perfrun.launcher <> - ENTER: void runtool::CmdLineParser::populate(runtool::IConfiguration *) const
90 [46912594636000] TRACE perfrun.launcher <> - Update configuration: action = start
90 [46912594636000] TRACE perfrun.launcher <> - Update configuration: collection type = launcher
90 [46912594636000] TRACE perfrun.launcher <> - Update configuration: quiet mode is enabled
90 [46912594636000] TRACE perfrun.launcher <> - Update configuration: compression level = 2
90 [46912594636000] TRACE perfrun.launcher <> - Update configuration: duration = 0 sec
90 [46912594636000] TRACE perfrun.launcher <> - Update configuration: host ports = 4000,
90 [46912594636000] TRACE perfrun.launcher <> - Update configuration: target ports = 4001,9321,
90 [46912594636000] TRACE perfrun.launcher <> - Update configuration: data limit = 524288000 bytes
90 [46912594636000] TRACE perfrun.launcher <> - Update configuration: disc space limit = 0 bytes
90 [46912594636000] TRACE perfrun.launcher <> - Update configuration: return-app-exitcode = false
90 [46912594636000] TRACE perfrun.launcher <> - Update configuration: result directory = /panfs/panasas01/cosc/an16228/myfiles/HPC/openmp/roof-16-128/e000/hs000
90 [46912594636000] TRACE perfrun.launcher <> - Update configuration: application = ./lbm
91 [46912594636000] TRACE perfrun.launcher <> - Update configuration: application argument = input_128x128.params
91 [46912594636000] TRACE perfrun.launcher <> - Update configuration: application argument = obstacles_128x128.dat
91 [46912594636000] TRACE perfrun.launcher <> - [IN] option = interval; value = 10 !u32_t
91 [46912594636000] TRACE perfrun.launcher <> - [IN] option = follow-child; value = true !bool
91 [46912594636000] TRACE perfrun.launcher <> - [IN] option = gelding; value = false !bool
91 [46912594636000] TRACE perfrun.launcher <> - [IN] option = time-source; value = auto !ustring
91 [46912594636000] TRACE perfrun.launcher <> - [IN] option = stack; value = true !bool
91 [46912594636000] TRACE perfrun.launcher <> - [IN] option = stack-stitching; value = true !bool
91 [46912594636000] TRACE perfrun.launcher <> - [IN] option = type; value = cpu:stack !ustring
91 [46912594636000] TRACE perfrun.launcher <> - [IN] option = mrte-mode; value = auto !ustring
91 [46912594636000] TRACE perfrun.launcher <> - [IN] option = mrte-type; value = java !ustring
91 [46912594636000] TRACE perfrun.launcher <> - [IN] option = mrte-type; value = python !ustring
91 [46912594636000] TRACE perfrun.launcher <> - [IN] option = trace-strategy; value = ld-linux.so.2:notrace:notrace !ustring
91 [46912594636000] TRACE perfrun.launcher <> - [IN] option = trace-strategy; value = ld-linux-x86-64.so.2:notrace:notrace !ustring
91 [46912594636000] TRACE perfrun.launcher <> - [IN] option = collector; value = sep !ustring
91 [46912594636000] TRACE perfrun.launcher <> - [IN] option = system-wide; value = false !bool
91 [46912594636000] TRACE perfrun.launcher <> - [IN] option = kvm-guest; value = false !bool
91 [46912594636000] TRACE perfrun.launcher <> - [IN] option = bandwidth-limits; value = false !bool
91 [46912594636000] TRACE perfrun.launcher <> - [IN] option = system-collector-config; value = all !ustring
91 [46912594636000] TRACE perfrun.launcher <> - [IN] option = stackwalk; value = offline !ustring
91 [46912594636000] TRACE perfrun.launcher <> - [IN] option = trace-type; value = per-thread !ustring
91 [46912594636000] TRACE perfrun.launcher <> - [IN] option = instrumentation-type; value = pin !ustring
91 [46912594636000] TRACE perfrun.launcher <> - [IN] option = altstack; value = true !bool
91 [46912594636000] TRACE perfrun.launcher <> - EXIT:  void runtool::CmdLineParser::populate(runtool::IConfiguration *) const
91 [46912603141888] TRACE perfrun.tpss <> - ENTER: void runtool::tpss::Controller::setMessageChannel(runtool::sdk::IMessageChannel *)
91 [46912603141888] TRACE perfrun.tpss <> - EXIT:  void runtool::tpss::Controller::setMessageChannel(runtool::sdk::IMessageChannel *)
91 [46912594636000] INFO perfrun.launcher <> - create file finder object
91 [46912603141888] TRACE perfrun.tpss <> - ENTER: void runtool::tpss::Controller::setRequestHandler(runtool::sdk::IRequestHandler *)
91 [46912603141888] TRACE perfrun.tpss <> - EXIT:  void runtool::tpss::Controller::setRequestHandler(runtool::sdk::IRequestHandler *)
91 [46912594636000] TRACE perfrun.launcher <> - Handle the user request: action = 0
91 [46912594636000] TRACE perfrun.launcher <> - ENTER: int runtool::Launcher::doStart()
91 [46912594636000] TRACE perfrun.launcher <> - ENTER: void runtool::Launcher::prepareLaunch()
91 [46912594636000] TRACE perfrun.launcher <> - ENTER: void runtool::Launcher::prepareResultDirectory()
91 [46912594636000] INFO perfrun.launcher <> - create a result directory: pattern = /panfs/panasas01/cosc/an16228/myfiles/HPC/openmp/roof-16-128/e000/hs000 pid = 4294967295
97 [46912594636000] TRACE perfrun.sdk <> - ENTER: bool runtool::sdk::DirectoryInfo::isLocal() const
97 [46912594636000] INFO perfrun.sdk <> - checked that the directory /panfs/panasas01/cosc/an16228/myfiles/HPC/openmp/roof-16-128/e000/hs000 is a local directory
97 [46912594636000] INFO perfrun.sdk <> - the directory /panfs/panasas01/cosc/an16228/myfiles/HPC/openmp/roof-16-128/e000/hs000 is located on a share or its FS ID is unknown 2866260714
97 [46912594636000] TRACE perfrun.sdk <> - EXIT:  bool runtool::sdk::DirectoryInfo::isLocal() const
97 [46912594636000] TRACE perfrun.sdk <> - ENTER: bool runtool::sdk::DirectoryInfo::isLocal() const
97 [46912594636000] INFO perfrun.sdk <> - checked that the directory /tmp/advixe-tmp-an16228 is a local directory
97 [46912594636000] INFO perfrun.sdk <> - the directory /tmp/advixe-tmp-an16228 is a local directory with FS type ID 61267
97 [46912594636000] TRACE perfrun.sdk <> - EXIT:  bool runtool::sdk::DirectoryInfo::isLocal() const
99 [46912594636000] INFO perfrun.launcher <> - Create a local result directory /tmp/advixe-tmp-an16228/advixe-res-3328-112113735629165163 due to the user result path /panfs/panasas01/cosc/an16228/myfiles/HPC/openmp/roof-16-128/e000/hs000 is located on a share
99 [46912594636000] TRACE perfrun.launcher <> - Update configuration: result directory = /tmp/advixe-tmp-an16228/advixe-res-3328-112113735629165163
99 [46912594636000] INFO perfrun.launcher <> - create data directory = /tmp/advixe-tmp-an16228/advixe-res-3328-112113735629165163/data.0
103 [46912594636000] INFO perfrun.launcher <> - create data directory = /panfs/panasas01/cosc/an16228/myfiles/HPC/openmp/roof-16-128/e000/hs000/data.0
109 [46912594636000] TRACE perfrun.launcher <> - Update configuration: data directory = /tmp/advixe-tmp-an16228/advixe-res-3328-112113735629165163/data.0
109 [46912594636000] TRACE perfrun.launcher <> - EXIT:  void runtool::Launcher::prepareResultDirectory()
109 [46912594636000] INFO perfrun.launcher <> - Creating the master collection flag
122 [46912594636000] INFO perfrun.launcher <> - Done creating the master collection flag
122 [46912594636000] TRACE perfrun.launcher <> - IMessenger: send collection state with state = 11
122 [46912603141888] TRACE perfrun.launcher <> - Update configuration: follow child = 1
123 [46912603141888] TRACE perfrun.launcher <> - Update configuration: time source = 0
123 [46912603141888] TRACE perfrun.launcher <> - Update configuration: stack = 1
123 [46912603141888] TRACE perfrun.launcher <> - Update configuration: gelding = 0
123 [46912603141888] TRACE perfrun.launcher <> - Update configuration: stack stitching = 1
123 [46912603141888] INFO perfrun.launcher <> - plugin [remoteplug] was disabled because it doesn't support the given collection type.
123 [46912603141888] TRACE perfrun.system <> - ENTER: int runtool::system::Controller::initialize(runtool::sdk::IConfiguration *)
123 [46912603141888] TRACE perfrun.system <> - ENTER: int runtool::system::TraceWriter::initialize(runtool::sdk::IConfiguration *, runtool::system::TraceWriter::Settings *)
123 [46912603141888] DEBUG perfrun.sdk <> - DataDirectory set: /tmp/advixe-tmp-an16228/advixe-res-3328-112113735629165163/data.0
123 [46912603141888] TRACE perfrun.sdk <> - 0x7e29602
125 [46912603141888] TRACE perfrun.sdk <> - ENTER: runtool::sdk::TraceFile::TraceFile(tpss_tmu_creator *, unsigned int, const std::basic_string<char, std::char_traits<char>, std::allocator<char>> &, bool)
125 [46912603141888] INFO perfrun.sdk <> - Allocating TMU :/tmp/advixe-tmp-an16228/advixe-res-3328-112113735629165163/data.0/systemcollector-3328-node47-007.sc
125 [46912603141888] TRACE perfrun.sdk <> - EXIT:  runtool::sdk::TraceFile::TraceFile(tpss_tmu_creator *, unsigned int, const std::basic_string<char, std::char_traits<char>, std::allocator<char>> &, bool)
125 [46912603141888] TRACE perfrun.system <> - EXIT:  int runtool::system::TraceWriter::initialize(runtool::sdk::IConfiguration *, runtool::system::TraceWriter::Settings *)
125 [46912603141888] TRACE perfrun.system <> - EXIT:  int runtool::system::Controller::initialize(runtool::sdk::IConfiguration *)
125 [46912603141888] INFO perfrun.launcher <> - plugin [] was disabled because it doesn't support the given collection type.
125 [46912603141888] INFO perfrun.launcher <> - plugin [] was disabled because it doesn't support the given collection type.
125 [46912603141888] INFO perfrun.launcher <> - plugin [] was disabled because it doesn't support the given collection type.
125 [46912603141888] INFO perfrun.launcher <> - plugin [] was disabled because it doesn't support the given collection type.
125 [46912603141888] INFO perfrun.launcher <> - plugin [] was disabled because it doesn't support the given collection type.
125 [46912603141888] INFO perfrun.launcher <> - plugin [] was disabled because it doesn't support the given collection type.
125 [46912603141888] TRACE perfrun.mrte <> - ENTER: int runtool::mrte::Controller::initialize(runtool::sdk::IConfiguration *)
125 [46912603141888] TRACE perfrun.mrte <> - EXIT:  int runtool::mrte::Controller::initialize(runtool::sdk::IConfiguration *)
125 [46912603141888] INFO perfrun.launcher <> - plugin [mrte] was disabled because it doesn't support the given collection type.
125 [46912603141888] INFO perfrun.launcher <> - plugin [] was disabled because it doesn't support the given collection type.
125 [46912603141888] INFO perfrun.launcher <> - plugin [] was disabled because it doesn't support the given collection type.
125 [46912603141888] INFO perfrun.launcher <> - plugin [] was disabled because it doesn't support the given collection type.
125 [46912603141888] INFO perfrun.launcher <> - plugin [] was disabled because it doesn't support the given collection type.
125 [46912603141888] INFO perfrun.launcher <> - plugin [] was disabled because it doesn't support the given collection type.
125 [46912603141888] INFO perfrun.launcher <> - plugin [] was disabled because it doesn't support the given collection type.
125 [46912603141888] TRACE perfrun.tpss <> - ENTER: int runtool::tpss::Controller::initialize(runtool::sdk::IConfiguration *)
125 [46912603141888] INFO perfrun.tpss <> - initialize tpss controller
125 [46912603141888] TRACE perfrun.tpss <> - ENTER: bool runtool::tpss::Controller::configureCollectionMode(const std::basic_string<char, std::char_traits<char>, std::allocator<char>> &)
125 [46912603141888] INFO perfrun.tpss <> - configure collection mode: value = cpu:stack
125 [46912603141888] TRACE perfrun.tpss <> - EXIT:  bool runtool::tpss::Controller::configureCollectionMode(const std::basic_string<char, std::char_traits<char>, std::allocator<char>> &)
125 [46912603141888] TRACE perfrun.tpss <> - ENTER: tpss::trace_file_t runtool::tpss::castTraceFileType(const gen_helpers2::variant_t &)
125 [46912603141888] TRACE perfrun.tpss <> - EXIT:  tpss::trace_file_t runtool::tpss::castTraceFileType(const gen_helpers2::variant_t &)
125 [46912603141888] INFO perfrun.tpss <> - default obj-size-min=1024
125 [46912603141888] INFO perfrun.tpss <> - default hash-table-size=0
126 [46912603141888] TRACE perfrun.tpss <> - EXIT:  int runtool::tpss::Controller::initialize(runtool::sdk::IConfiguration *)
126 [46912603141888] INFO perfrun.launcher <> - plugin [] was disabled because it doesn't support the given collection type.
126 [46912603141888] INFO perfrun.launcher <> - plugin [] was disabled because it doesn't support the given collection type.
126 [46912603141888] INFO perfrun.launcher <> - plugin [] was disabled because it doesn't support the given collection type.
126 [46912603141888] INFO perfrun.launcher <> - plugin [] was disabled because it doesn't support the given collection type.
126 [46912603141888] INFO perfrun.launcher <> - plugin [] was disabled because it doesn't support the given collection type.
126 [46912594636000] TRACE perfrun.launcher <> - RpcServer was created
126 [46912594636000] TRACE perfrun.launcher <> - RpcServer: setup all handlers at once
126 [46912594636000] TRACE perfrun.launcher <> - RpcServer: setup a handler for ICancelRequest
126 [46912594636000] TRACE perfrun.launcher <> - RpcServer: setup a handler for IPauseRequest
126 [46912594636000] TRACE perfrun.launcher <> - RpcServer: setup a handler for IResumeRequest
126 [46912594636000] TRACE perfrun.launcher <> - RpcServer: setup a handler for IStopRequest
126 [46912594636000] TRACE perfrun.launcher <> - RpcServer: setup a handler for IStatusRequest
126 [46912594636000] TRACE perfrun.launcher <> - RpcServer: setup a handler for IDetachRequest
126 [46912594636000] TRACE perfrun.launcher <> - RpcServer: setup a handler for IMarkRequest
126 [46912594636000] TRACE perfrun.launcher <> - RpcServer: setup a handler for IConfigureRequest
126 [46912594636000] TRACE perfrun.launcher <> - RpcServer: setup a handler for ICommunicateRequest
126 [46912594636000] TRACE perfrun.launcher <> - RpcServer: setup a handler for IPluginEventRequest
126 [46912594636000] INFO perfrun.launcher <> - RpcServer: run RPC server to handle requests
126 [46912626743040] TRACE perfrun.launcher <> - ENTER: RpcServer: the main loop handles RPC requests  from clients
130 [46912594636000] DEBUG perfrun.launcher <> - RpcServer: wrote information about the RPC server into the IPC file
132 [46912594636000] TRACE perfrun.launcher <> - EXIT:  void runtool::Launcher::prepareLaunch()
132 [46912594636000] INFO perfrun.launcher <> - Launcher: command line to start before modification = ./lbm input_128x128.params obstacles_128x128.dat
132 [46912603141888] TRACE perfrun.tpss <> - ENTER: void runtool::tpss::Controller::modifyCommandLine(std::basic_string<char, std::char_traits<char>, std::allocator<char>> &) const
136 [46912603141888] TRACE perfrun.tpss <> - EXIT:  void runtool::tpss::Controller::modifyCommandLine(std::basic_string<char, std::char_traits<char>, std::allocator<char>> &) const
136 [46912594636000] INFO perfrun.launcher <> - Launcher: command line to start after modification = /panfs/panasas01/cosc/an16228/intel/advisor_2019.2.0.588361/bin64/pin -error_file /tmp/advixe-tmp-an16228/advixe-res-3328-112113735629165163/data.0/pinerr.tpsslog -detach_reattach -follow_execv -tool_load_option deepbind -t64 /panfs/panasas01/cosc/an16228/intel/advisor_2019.2.0.588361/lib64/libtpsstool.so -t /panfs/panasas01/cosc/an16228/intel/advisor_2019.2.0.588361/lib32/libtpsstool.so -server_name tpss_ipc.3328 -prd_dir /panfs/panasas01/cosc/an16228/intel/advisor_2019.2.0.588361 -- ./lbm input_128x128.params obstacles_128x128.dat
136 [46912594636000] INFO perfrun.launcher <> - ProcessCreator object was created
136 [46912594636000] TRACE perfrun.launcher <> - ENTER: unsigned int runtool::ProcessCreator::start(bool)
137 [46912594636000] TRACE perfrun.launcher <> - EXIT:  unsigned int runtool::ProcessCreator::start(bool)
137 [46912594636000] INFO perfrun.launcher <> - Launcher: the process was started in suspend mode
137 [46912603141888] TRACE perfrun.system <> - ENTER: void runtool::system::Controller::onEvent(runtool::sdk::collection_state_t)
137 [46912603141888] TRACE perfrun.system <> - EXIT:  void runtool::system::Controller::onEvent(runtool::sdk::collection_state_t)
137 [46912603141888] TRACE perfrun.system <> - ENTER: bool runtool::system::Controller::start(unsigned int)
1173 [46912603141888] INFO perfrun.system <> - Helper runtool '/panfs/panasas01/cosc/an16228/intel/advisor_2019.2.0.588361/bin32/advixe-runss -dump-vdso -r /tmp/advixe-tmp-an16228/advixe-res-3328-112113735629165163 --tmp-dir /tmp/advixe-tmp-an16228' returned 0
1246 [46912603141888] INFO perfrun.system <> - Helper runtool '/panfs/panasas01/cosc/an16228/intel/advisor_2019.2.0.588361/bin64/advixe-runss -dump-vdso -r /tmp/advixe-tmp-an16228/advixe-res-3328-112113735629165163 --tmp-dir /tmp/advixe-tmp-an16228' returned 0
1247 [46912603141888] TRACE perfrun.system <> - ENTER: bool runtool::system::getVideoAdapters(std::vector<runtool::system::gpu_adapter_t, std::allocator<runtool::system::gpu_adapter_t>> &)
1297 [46912603141888] TRACE perfrun.system <> - EXIT:  bool runtool::system::getVideoAdapters(std::vector<runtool::system::gpu_adapter_t, std::allocator<runtool::system::gpu_adapter_t>> &)
1297 [46912603141888] WARN perfrun.system <> - Folder "/sys/kernel/debug/kvm"doesn't exist, at file: vcs/perfrun1/plugins/system/src/trace_writer.cpp:681
1297 [46912603141888] WARN perfrun.system <> - Folder "/var/run/libvirt/qemu/"doesn't exist, at file: vcs/perfrun1/plugins/system/src/trace_writer.cpp:761
1298 [46912603141888] TRACE perfrun.sdk <> - ENTER: bool runtool::sdk::runSystemCmd(const std::basic_string<char, std::char_traits<char>, std::allocator<char>> &, std::basic_string<char, std::char_traits<char>, std::allocator<char>> *, bool, const std::basic_string<char, std::char_traits<char>, std::allocator<char>> &)
1298 [46912603141888] WARN perfrun.sdk <> - Failed to find xl binary on any of the system paths: /bin, /sbin, /usr/bin, /usr/sbin., at file: vcs/perfrun1/sdk/src/utils.cpp:451
1298 [46912603141888] TRACE perfrun.sdk <> - EXIT:  bool runtool::sdk::runSystemCmd(const std::basic_string<char, std::char_traits<char>, std::allocator<char>> &, std::basic_string<char, std::char_traits<char>, std::allocator<char>> *, bool, const std::basic_string<char, std::char_traits<char>, std::allocator<char>> &)
1303 [46912603141888] TRACE perfrun.system <> - EXIT:  bool runtool::system::Controller::start(unsigned int)
1303 [46912603141888] TRACE perfrun.tpss <> - ENTER: bool runtool::tpss::Controller::start(unsigned int)
1303 [46912603141888] INFO perfrun.tpss <> - start tpss controller for pid #3333
1353 [46912603141888] TRACE perfrun.tpss <> - EXIT:  bool runtool::tpss::Controller::start(unsigned int)
1354 [46912603141888] TRACE perfrun.system <> - ENTER: void runtool::system::Controller::onEvent(runtool::sdk::collection_state_t)
1354 [46912603141888] TRACE perfrun.system <> - EXIT:  void runtool::system::Controller::onEvent(runtool::sdk::collection_state_t)
1354 [46912594636000] INFO perfrun.launcher <> - Launcher: all plugins were started
1354 [46912594636000] TRACE perfrun.launcher <> - IMessenger: send collection state with state = 1
1354 [46912594636000] TRACE perfrun.launcher <> - ENTER: void runtool::Launcher::setupResumeAfterCallback()
1354 [46912594636000] TRACE perfrun.launcher <> - EXIT:  void runtool::Launcher::setupResumeAfterCallback()
1354 [46912594636000] TRACE perfrun.launcher <> - ENTER: void runtool::Launcher::setupHardStopCallbacks()
1354 [46912594636000] INFO perfrun.launcher <> - DirectoryMonitor object was created
1354 [46912594636000] INFO perfrun.launcher <> - DirectoryMonitor: a callback was added
1354 [46912594636000] INFO perfrun.launcher <> - DirectoryMonitor was started with pingTime = 1000
1354 [46912594636000] INFO perfrun.launcher <> - DeadlineTimer is going to be constructed
1354 [46912594636000] INFO perfrun.launcher <> - DeadlineTimer: a callback was added
1354 [46912594636000] TRACE perfrun.launcher <> - EXIT:  void runtool::Launcher::setupHardStopCallbacks()
1354 [46912594636000] TRACE perfrun.launcher <> - ENTER: void runtool::Launcher::setupDurationCallback(bool)
1354 [46912594636000] TRACE perfrun.launcher <> - EXIT:  void runtool::Launcher::setupDurationCallback(bool)
1372 [46912594636000] TRACE perfrun.launcher <> - ENTER: void runtool::ProcessCreator::resume()
1372 [46912594636000] DEBUG perfrun.launcher <> - ProcessCreator: the process with pid = 3333 is resumed
1374 [46912594636000] TRACE perfrun.launcher <> - EXIT:  void runtool::ProcessCreator::resume()
1374 [46912594636000] INFO perfrun.launcher <> - Launcher: resume the profiled application and  wait its termination or stop command
1374 [46912594636000] TRACE perfrun.launcher <> - ENTER: int runtool::ProcessCreator::wait()
1374 [46912594636000] TRACE perfrun.launcher <> - ENTER: int runtool::ProcessCreator::waitPid()
2355 [46912791123712] TRACE perfrun.launcher <> - ENTER: void runtool::DeadlineTimer::notify(const boost::system::error_code &)
2355 [46912791123712] TRACE perfrun.launcher <> - ENTER: void runtool::DirectoryMonitor::notifyAll()
2355 [46912791123712] TRACE perfrun.sdk <> - ENTER: void runtool::sdk::getFilesFromDirectoryByExt(const std::basic_string<char, std::char_traits<char>, std::allocator<char>> &, const std::basic_string<char, std::char_traits<char>, std::allocator<char>> &, std::list<std::basic_string<char, std::char_traits<char>, std::allocator<char>>, std::allocator<std::basic_string<char, std::char_traits<char>, std::allocator<char>>>> &)
2356 [46912791123712] TRACE perfrun.sdk <> - EXIT:  void runtool::sdk::getFilesFromDirectoryByExt(const std::basic_string<char, std::char_traits<char>, std::allocator<char>> &, const std::basic_string<char, std::char_traits<char>, std::allocator<char>> &, std::list<std::basic_string<char, std::char_traits<char>, std::allocator<char>>, std::allocator<std::basic_string<char, std::char_traits<char>, std::allocator<char>>>> &)
2356 [46912791123712] DEBUG perfrun.launcher <> - DirectoryInfo: total size of monitored paths is 220170 bytes
2356 [46912791123712] TRACE perfrun.launcher <> - EXIT:  void runtool::DirectoryMonitor::notifyAll()
2356 [46912791123712] TRACE perfrun.launcher <> - EXIT:  void runtool::DeadlineTimer::notify(const boost::system::error_code &)
3357 [46912791123712] TRACE perfrun.launcher <> - ENTER: void runtool::DeadlineTimer::notify(const boost::system::error_code &)
3357 [46912791123712] TRACE perfrun.launcher <> - ENTER: void runtool::DirectoryMonitor::notifyAll()
3357 [46912791123712] TRACE perfrun.sdk <> - ENTER: void runtool::sdk::getFilesFromDirectoryByExt(const std::basic_string<char, std::char_traits<char>, std::allocator<char>> &, const std::basic_string<char, std::char_traits<char>, std::allocator<char>> &, std::list<std::basic_string<char, std::char_traits<char>, std::allocator<char>>, std::allocator<std::basic_string<char, std::char_traits<char>, std::allocator<char>>>> &)
3358 [46912791123712] TRACE perfrun.sdk <> - EXIT:  void runtool::sdk::getFilesFromDirectoryByExt(const std::basic_string<char, std::char_traits<char>, std::allocator<char>> &, const std::basic_string<char, std::char_traits<char>, std::allocator<char>> &, std::list<std::basic_string<char, std::char_traits<char>, std::allocator<char>>, std::allocator<std::basic_string<char, std::char_traits<char>, std::allocator<char>>>> &)
3358 [46912791123712] DEBUG perfrun.launcher <> - DirectoryInfo: total size of monitored paths is 880658 bytes
3358 [46912791123712] TRACE perfrun.launcher <> - EXIT:  void runtool::DirectoryMonitor::notifyAll()
3358 [46912791123712] TRACE perfrun.launcher <> - EXIT:  void runtool::DeadlineTimer::notify(const boost::system::error_code &)
4358 [46912791123712] TRACE perfrun.launcher <> - ENTER: void runtool::DeadlineTimer::notify(const boost::system::error_code &)
4358 [46912791123712] TRACE perfrun.launcher <> - ENTER: void runtool::DirectoryMonitor::notifyAll()
4358 [46912791123712] TRACE perfrun.sdk <> - ENTER: void runtool::sdk::getFilesFromDirectoryByExt(const std::basic_string<char, std::char_traits<char>, std::allocator<char>> &, const std::basic_string<char, std::char_traits<char>, std::allocator<char>> &, std::list<std::basic_string<char, std::char_traits<char>, std::allocator<char>>, std::allocator<std::basic_string<char, std::char_traits<char>, std::allocator<char>>>> &)
4359 [46912791123712] TRACE perfrun.sdk <> - EXIT:  void runtool::sdk::getFilesFromDirectoryByExt(const std::basic_string<char, std::char_traits<char>, std::allocator<char>> &, const std::basic_string<char, std::char_traits<char>, std::allocator<char>> &, std::list<std::basic_string<char, std::char_traits<char>, std::allocator<char>>, std::allocator<std::basic_string<char, std::char_traits<char>, std::allocator<char>>>> &)
4359 [46912791123712] DEBUG perfrun.launcher <> - DirectoryInfo: total size of monitored paths is 1537853 bytes
4359 [46912791123712] TRACE perfrun.launcher <> - EXIT:  void runtool::DirectoryMonitor::notifyAll()
4359 [46912791123712] TRACE perfrun.launcher <> - EXIT:  void runtool::DeadlineTimer::notify(const boost::system::error_code &)
5359 [46912791123712] TRACE perfrun.launcher <> - ENTER: void runtool::DeadlineTimer::notify(const boost::system::error_code &)
5359 [46912791123712] TRACE perfrun.launcher <> - ENTER: void runtool::DirectoryMonitor::notifyAll()
5359 [46912791123712] TRACE perfrun.sdk <> - ENTER: void runtool::sdk::getFilesFromDirectoryByExt(const std::basic_string<char, std::char_traits<char>, std::allocator<char>> &, const std::basic_string<char, std::char_traits<char>, std::allocator<char>> &, std::list<std::basic_string<char, std::char_traits<char>, std::allocator<char>>, std::allocator<std::basic_string<char, std::char_traits<char>, std::allocator<char>>>> &)
5360 [46912791123712] TRACE perfrun.sdk <> - EXIT:  void runtool::sdk::getFilesFromDirectoryByExt(const std::basic_string<char, std::char_traits<char>, std::allocator<char>> &, const std::basic_string<char, std::char_traits<char>, std::allocator<char>> &, std::list<std::basic_string<char, std::char_traits<char>, std::allocator<char>>, std::allocator<std::basic_string<char, std::char_traits<char>, std::allocator<char>>>> &)
5360 [46912791123712] DEBUG perfrun.launcher <> - DirectoryInfo: total size of monitored paths is 2193676 bytes
5360 [46912791123712] TRACE perfrun.launcher <> - EXIT:  void runtool::DirectoryMonitor::notifyAll()
5360 [46912791123712] TRACE perfrun.launcher <> - EXIT:  void runtool::DeadlineTimer::notify(const boost::system::error_code &)
6339 [46912594636000] TRACE perfrun.launcher <> - EXIT:  int runtool::ProcessCreator::waitPid()
6339 [46912594636000] TRACE perfrun.launcher <> - EXIT:  int runtool::ProcessCreator::wait()
6339 [46912594636000] INFO perfrun.launcher <> - Launcher: the profiled application was terminated  with exit code = 0
6339 [46912594636000] TRACE perfrun.launcher <> - ENTER: void runtool::Launcher::waitForSlaves(const std::basic_string<char, std::char_traits<char>, std::allocator<char>> &)
6339 [46912594636000] TRACE perfrun.sdk <> - ENTER: void runtool::sdk::getFilesFromDirectoryByExt(const std::basic_string<char, std::char_traits<char>, std::allocator<char>> &, const std::basic_string<char, std::char_traits<char>, std::allocator<char>> &, std::list<std::basic_string<char, std::char_traits<char>, std::allocator<char>>, std::allocator<std::basic_string<char, std::char_traits<char>, std::allocator<char>>>> &)
6340 [46912594636000] TRACE perfrun.sdk <> - EXIT:  void runtool::sdk::getFilesFromDirectoryByExt(const std::basic_string<char, std::char_traits<char>, std::allocator<char>> &, const std::basic_string<char, std::char_traits<char>, std::allocator<char>> &, std::list<std::basic_string<char, std::char_traits<char>, std::allocator<char>>, std::allocator<std::basic_string<char, std::char_traits<char>, std::allocator<char>>>> &)
6340 [46912594636000] TRACE perfrun.launcher <> - EXIT:  void runtool::Launcher::waitForSlaves(const std::basic_string<char, std::char_traits<char>, std::allocator<char>> &)
6340 [46912603141888] TRACE perfrun.system <> - ENTER: void runtool::system::Controller::onEvent(runtool::sdk::collection_state_t)
6340 [46912603141888] TRACE perfrun.system <> - EXIT:  void runtool::system::Controller::onEvent(runtool::sdk::collection_state_t)
6340 [46912603141888] TRACE perfrun.system <> - ENTER: bool runtool::system::Controller::stop()
6346 [46912603141888] TRACE perfrun.system <> - EXIT:  bool runtool::system::Controller::stop()
6346 [46912603141888] TRACE perfrun.tpss <> - ENTER: bool runtool::tpss::Controller::stop()
6346 [46912603141888] INFO perfrun.tpss <> - stop tpss controller
6346 [46912603141888] TRACE perfrun.tpss <> - EXIT:  bool runtool::tpss::Controller::stop()
6346 [46912603141888] TRACE perfrun.system <> - ENTER: void runtool::system::Controller::onEvent(runtool::sdk::collection_state_t)
6346 [46912603141888] TRACE perfrun.sdk <> - ENTER: void runtool::sdk::TraceFile::close(boost::system::error_code &)
6346 [46912603141888] INFO perfrun.sdk <> - De-allocating TMU: /tmp/advixe-tmp-an16228/advixe-res-3328-112113735629165163/data.0/systemcollector-3328-node47-007.sc
6346 [46912603141888] TRACE perfrun.sdk <> - EXIT:  void runtool::sdk::TraceFile::close(boost::system::error_code &)
6346 [46912603141888] INFO perfrun.system <> - closed the system trace file: /tmp/advixe-tmp-an16228/advixe-res-3328-112113735629165163/data.0/systemcollector-3328-node47-007.sc
6346 [46912603141888] TRACE perfrun.system <> - EXIT:  void runtool::system::Controller::onEvent(runtool::sdk::collection_state_t)
6346 [46912594636000] TRACE perfrun.launcher <> - ENTER: void runtool::ProcessSetMonitor<T>::stop() [with T = unsigned int]
6346 [46912594636000] TRACE perfrun.launcher <> - EXIT:  void runtool::ProcessSetMonitor<T>::stop() [with T = unsigned int]
6346 [46912594636000] TRACE perfrun.launcher <> - ENTER: void runtool::ProcessCreator::stop()
6346 [46912594636000] TRACE perfrun.launcher <> - EXIT:  void runtool::ProcessCreator::stop()
6346 [46912594636000] INFO perfrun.launcher <> - Launcher: all plugins were stopped.
6346 [46912594636000] TRACE perfrun.launcher <> - ENTER: void runtool::Launcher::resetDurationCallback()
6346 [46912594636000] TRACE perfrun.launcher <> - EXIT:  void runtool::Launcher::resetDurationCallback()
6346 [46912594636000] TRACE perfrun.launcher <> - ENTER: void runtool::Launcher::resetResumeAfterCallback()
6346 [46912594636000] TRACE perfrun.launcher <> - EXIT:  void runtool::Launcher::resetResumeAfterCallback()
6346 [46912594636000] TRACE perfrun.launcher <> - ENTER: void runtool::Launcher::resetHardStopCallbacks()
6346 [46912594636000] INFO perfrun.launcher <> - DeadlineTimer is going to be destroyed
6346 [46912594636000] INFO perfrun.launcher <> - DirectoryMonitor object was destroyed
6346 [46912594636000] TRACE perfrun.launcher <> - EXIT:  void runtool::Launcher::resetHardStopCallbacks()
6346 [46912594636000] WARN perfrun.launcher <> - Stop command is ignored because it is received when collection is already stopped, at file: vcs/perfrun1/launcher/src/command_handler.cpp:212
6346 [46912594636000] TRACE perfrun.launcher <> - ENTER: void runtool::Launcher::shutdownLaunch()
6346 [46912594636000] TRACE perfrun.launcher <> - ENTER: void runtool::Launcher::resetDurationCallback()
6346 [46912594636000] TRACE perfrun.launcher <> - EXIT:  void runtool::Launcher::resetDurationCallback()
6346 [46912594636000] TRACE perfrun.launcher <> - ENTER: void runtool::Launcher::resetResumeAfterCallback()
6346 [46912594636000] TRACE perfrun.launcher <> - EXIT:  void runtool::Launcher::resetResumeAfterCallback()
6346 [46912594636000] TRACE perfrun.launcher <> - ENTER: void runtool::Launcher::resetHardStopCallbacks()
6346 [46912594636000] TRACE perfrun.launcher <> - EXIT:  void runtool::Launcher::resetHardStopCallbacks()
6667 [46912594636000] TRACE perfrun.launcher <> - ENTER: void runtool::Launcher::waitForSlaves(const std::basic_string<char, std::char_traits<char>, std::allocator<char>> &)
6667 [46912594636000] TRACE perfrun.sdk <> - ENTER: void runtool::sdk::getFilesFromDirectoryByExt(const std::basic_string<char, std::char_traits<char>, std::allocator<char>> &, const std::basic_string<char, std::char_traits<char>, std::allocator<char>> &, std::list<std::basic_string<char, std::char_traits<char>, std::allocator<char>>, std::allocator<std::basic_string<char, std::char_traits<char>, std::allocator<char>>>> &)
6668 [46912594636000] TRACE perfrun.sdk <> - EXIT:  void runtool::sdk::getFilesFromDirectoryByExt(const std::basic_string<char, std::char_traits<char>, std::allocator<char>> &, const std::basic_string<char, std::char_traits<char>, std::allocator<char>> &, std::list<std::basic_string<char, std::char_traits<char>, std::allocator<char>>, std::allocator<std::basic_string<char, std::char_traits<char>, std::allocator<char>>>> &)
6668 [46912594636000] TRACE perfrun.launcher <> - EXIT:  void runtool::Launcher::waitForSlaves(const std::basic_string<char, std::char_traits<char>, std::allocator<char>> &)
6668 [46912594636000] TRACE perfrun.launcher <> - EXIT:  void runtool::Launcher::shutdownLaunch()
6668 [46912594636000] TRACE perfrun.launcher <> - EXIT:  int runtool::Launcher::doStart()
6668 [46912594636000] TRACE perfrun.launcher <> - IMessenger: send collection state with state = 3
6668 [46912594636000] INFO perfrun.launcher <> - Application exit code: 0
6668 [46912594636000] INFO perfrun.launcher <> - Exit code: 0
6668 [46912594636000] TRACE perfrun.launcher <> - ENTER: void runtool::RpcServer::stop()
6669 [46912594636000] TRACE perfrun.launcher <> - ENTER: Send RPC request
6669 [46912626743040] TRACE perfrun.launcher <> - ENTER: Receive RPC request
6669 [46912594636000] TRACE perfrun.launcher <> - request was sent: size = 43; message = 22 serialization::archive 10 0 0 10 0 0 0 0
6669 [46912626743040] TRACE perfrun.launcher <> - request was received: size = 43; message = 22 serialization::archive 10 0 0 10 0 0 0 0
6669 [46912594636000] TRACE perfrun.launcher <> - EXIT:  Send RPC request
6669 [46912626743040] TRACE perfrun.launcher <> - EXIT:  Receive RPC request
6669 [46912626743040] TRACE perfrun.launcher <> - EXIT:  RpcServer: the main loop handles RPC requests  from clients
6669 [46912594636000] TRACE perfrun.launcher <> - EXIT:  void runtool::RpcServer::stop()
6669 [46912594636000] TRACE perfrun.launcher <> - EXIT:  Start the collection
6669 [46912594636000] TRACE perfrun.launcher <> - ENTER: Destroy the launcher...
6669 [46912594636000] TRACE perfrun.launcher <> - EXIT:  Destroy the launcher...
6669 [46912594636000] TRACE perfrun.launcher <> - ENTER: runtool::RpcServer::~RpcServer()
6669 [46912594636000] TRACE perfrun.launcher <> - ENTER: void runtool::RpcServer::stop()
6669 [46912594636000] TRACE perfrun.launcher <> - EXIT:  void runtool::RpcServer::stop()
6669 [46912594636000] TRACE perfrun.launcher <> - EXIT:  runtool::RpcServer::~RpcServer()
6669 [46912594636000] TRACE perfrun.launcher <> - ENTER: runtool::ProcessCreator::~ProcessCreator()
6669 [46912594636000] TRACE perfrun.launcher <> - ENTER: void runtool::ProcessCreator::stop()
6669 [46912594636000] TRACE perfrun.launcher <> - EXIT:  void runtool::ProcessCreator::stop()
6669 [46912594636000] TRACE perfrun.launcher <> - EXIT:  runtool::ProcessCreator::~ProcessCreator()
6669 [46912594636000] TRACE perfrun.launcher <> - PluginManagerProxy::doOperation thread was terminated.
6676 [46912594636000] TRACE perfrun.launcher <> - EXIT:  int main(int, char **)
