17 [46912594637344] TRACE perfrun.launcher <> - ENTER: int main(int, char **)
18 [46912594637344] INFO perfrun.launcher <> - Launcher main begin
23 [46912594637344] INFO perfrun.launcher <> - MessageCatalogInit finished
23 [46912594637344] INFO perfrun.launcher <> - Launcher instance created
23 [46912594637344] TRACE perfrun.launcher <> - ENTER: Start the collection
23 [46912594637344] INFO perfrun.launcher <> - argc = 6; cmdline = /panfs/panasas01/cosc/an16228/intel/advisor_2019.2.0.588361/bin64/advixe-runss -dump-vdso -r /tmp/advixe-tmp-an16228/advixe-res-3328-112113735629165163 --tmp-dir /tmp/advixe-tmp-an16228 
23 [46912594637344] TRACE perfrun.launcher <> - ENTER: Initialize the launcher
30 [46912594637344] TRACE perfrun.launcher <> - ENTER: void runtool::CmdLineParser::declareOptions()
40 [46912594637344] TRACE perfrun.launcher <> - EXIT:  void runtool::CmdLineParser::declareOptions()
40 [46912594637344] INFO perfrun.launcher <> - plugin remoteplug has been added successfully
40 [46912594637344] TRACE perfrun.system <> - ENTER: static runtool::system::IController *runtool::system::IController::create()
40 [46912594637344] TRACE perfrun.system <> - ENTER: runtool::system::Controller::Controller()
40 [46912594637344] TRACE perfrun.system <> - EXIT:  runtool::system::Controller::Controller()
40 [46912594637344] TRACE perfrun.system <> - EXIT:  static runtool::system::IController *runtool::system::IController::create()
40 [46912594637344] INFO perfrun.launcher <> - plugin system has been added successfully
40 [46912594637344] INFO perfrun.launcher <> - plugin  has been added successfully
40 [46912594637344] INFO perfrun.launcher <> - plugin  has been added successfully
40 [46912594637344] INFO perfrun.launcher <> - plugin  has been added successfully
40 [46912594637344] INFO perfrun.launcher <> - plugin  has been added successfully
40 [46912594637344] INFO perfrun.launcher <> - plugin  has been added successfully
40 [46912594637344] INFO perfrun.launcher <> - plugin  has been added successfully
40 [46912594637344] INFO perfrun.launcher <> - plugin mrte has been added successfully
40 [46912594637344] INFO perfrun.launcher <> - plugin  has been added successfully
40 [46912594637344] INFO perfrun.launcher <> - plugin  has been added successfully
40 [46912594637344] INFO perfrun.launcher <> - plugin  has been added successfully
41 [46912594637344] INFO perfrun.launcher <> - plugin  has been added successfully
41 [46912594637344] INFO perfrun.launcher <> - plugin  has been added successfully
41 [46912594637344] INFO perfrun.launcher <> - plugin  has been added successfully
41 [46912594637344] TRACE perfrun.tpss <> - ENTER: static runtool::sdk::IController *runtool::tpss::IController::create()
41 [46912594637344] TRACE perfrun.tpss <> - ENTER: create tpss controller
42 [46912594637344] TRACE perfrun.tpss <> - EXIT:  create tpss controller
42 [46912594637344] TRACE perfrun.tpss <> - EXIT:  static runtool::sdk::IController *runtool::tpss::IController::create()
42 [46912594637344] INFO perfrun.launcher <> - plugin tpss has been added successfully
42 [46912594637344] INFO perfrun.launcher <> - plugin  has been added successfully
42 [46912594637344] INFO perfrun.launcher <> - plugin  has been added successfully
42 [46912594637344] INFO perfrun.launcher <> - plugin  has been added successfully
42 [46912594637344] INFO perfrun.launcher <> - plugin  has been added successfully
42 [46912594637344] INFO perfrun.launcher <> - plugin  has been added successfully
42 [46912594637344] INFO perfrun.launcher <> - the option was added --interval: Specify an interval of data collection (for example, sampling) in milliseconds.
42 [46912594637344] INFO perfrun.launcher <> - the option was added --follow-child: Profile process with or without children.
42 [46912594637344] INFO perfrun.launcher <> - the option was added --gelding: BADMSG: perfrun1.launcher.plugin_manager::gelding
42 [46912594637344] INFO perfrun.launcher <> - the option was added --time-source: Specify time source for measurement. Possible values: sys - wall clock time; tsc - time stamp counter; ext - time from an external source; auto - auto select accurate time source.
42 [46912594637344] INFO perfrun.launcher <> - the option was added --stack: Enable or disable collection of stacks.
42 [46912594637344] INFO perfrun.launcher <> - the option was added --stack-stitching: Enable or disable the stack stitching algorithm for Intel TBB-based applications.
42 [46912594637344] INFO perfrun.launcher <> - the option was added --type: Specify type of data to be collected. For example, --type cpu:counters,waiting:nostack,io.
42 [46912594637344] INFO perfrun.launcher <> - the option was added --mrte-mode: Specify Java/.NET/other managed runtime collection mode. Possible values: native - collect information only for native code; managed - collect information only for managed code; mixed - collect information for both managed and native code; auto - choose the mode based on binary type.
42 [46912594637344] INFO perfrun.launcher <> - the option was added --mrte-mode-list: List supported Java/.NET/other managed runtime collection modes.
42 [46912594637344] INFO perfrun.launcher <> - the option was added --mrte-type: Specify which managed runtimes to collect. Possible values: java - collect information for Java; dotnet - collect information for .NET; python - collect information for CPython. You can specify several values separated by comma.
42 [46912594637344] INFO perfrun.launcher <> - the option was added --mrte-type-list: List supported Java/.NET/other managed runtime types.
43 [46912594637344] INFO perfrun.launcher <> - the option was added --trace-strategy: Specify how to profile a process tree. <string> can be "<process>:trace:notrace" - profile the process but do not profile its children. Shorthand parameters: t - trace, nt - notrace. For example, "vtunedemo.exe:t:t".
43 [46912594637344] INFO perfrun.launcher <> - the option was added --collector: BADMSG: perfrun1.launcher.plugin_manager::collector
43 [46912594637344] INFO perfrun.launcher <> - the option was added --system-wide: Enable system-wide profiling. This mode may require additional permissions.
43 [46912594637344] INFO perfrun.launcher <> - the option was added --kvm-guest: Enable KVM guest OS profiling.
43 [46912594637344] INFO perfrun.launcher <> - the option was added --kvm-guest-kallsyms: Specify a local path to the /proc/kallsyms file copied from the guest OS for proper symbol resolution.
43 [46912594637344] INFO perfrun.launcher <> - the option was added --kvm-guest-modules: Specify a local path to the /proc/modules file copied from the guest OS for proper symbol resolution.
43 [46912594637344] INFO perfrun.launcher <> - the option was added --dump-vdso: Dump [vdso] to result directory
43 [46912594637344] INFO perfrun.launcher <> - the option was added --bandwidth-limits: Measure bandwidth limits
43 [46912594637344] INFO perfrun.launcher <> - the option was added --bandwidth-strategy: Bandwidth limits determination specific properties (example: --bandwidth-strategy array-size=0,duration=500).
43 [46912594637344] INFO perfrun.launcher <> - the option was added --bandwidth-config: List of benchmarks to run.
43 [46912594637344] INFO perfrun.launcher <> - the option was added --system-collector-config: Specify subcollectors. Possible values: all, vdso, container, device-info, none.
43 [46912594637344] INFO perfrun.launcher <> - the option was added --stackwalk: Specify stack unwinding method. Possible values: online - unwind stacks during collection; offline - unwind stacks after collection is finished.
43 [46912594637344] INFO perfrun.launcher <> - the option was added --filter-include: Filter data during collection. Possible values: contended=<on|off> - filter out uncontended events; contended_nostack=<time> - filter out stacks for contended events that take less than <time> microseconds; wait=<time> - ignore transitions and blocks with wait time less than <time> microseconds; wait_nostack=<time> - filter out stacks for waits that take less than <time> microseconds.
43 [46912594637344] INFO perfrun.launcher <> - the option was added --debug-pin: Debug PIN tool and runtime.
43 [46912594637344] INFO perfrun.launcher <> - the option was added --debug-exception: Disallow the application to set own abnormal termination handler.
43 [46912594637344] INFO perfrun.launcher <> - the option was added --trace-type: Specify the trace file granularity. Possible values: per-thread - per-thread trace file generation; per-process - per-process trace file generation.
43 [46912594637344] INFO perfrun.launcher <> - the option was added --instrumentation-type: Specify type of instrumentation.
43 [46912594637344] INFO perfrun.launcher <> - the option was added --altstack: Enable or disable usage of altstacks for profiling signal handlers.
43 [46912594637344] INFO perfrun.launcher <> - the option was added --profiling-signal: Alternate profiling signal.
43 [46912594637344] INFO perfrun.launcher <> - the option was added --memory-strategy: Specify a minimal memory object size to be traced and a hash table size for faster objects search; for example: --memory-strategy obj-size-min=1024,hash-table-size=4096.
43 [46912594637344] TRACE perfrun.launcher <> - Update configuration: tmp directory = /tmp/advixe-tmp-an16228
43 [46912594637344] TRACE perfrun.launcher <> - EXIT:  Initialize the launcher
44 [46912594637344] INFO perfrun.launcher <> - create msngr2::ICliToolContext
44 [46912594637344] TRACE perfrun.launcher <> - ENTER: void runtool::CmdLineParser::validateParseResult() const
44 [46912594637344] TRACE perfrun.launcher <> - EXIT:  void runtool::CmdLineParser::validateParseResult() const
44 [46912594637344] TRACE perfrun.launcher <> - ENTER: void runtool::CmdLineParser::populate(runtool::IConfiguration *) const
44 [46912594637344] WARN perfrun.launcher <> - action #14 cannot be translated to string and will be unknown, at file: vcs/perfrun1/launcher/src/configuration.cpp:103
44 [46912594637344] TRACE perfrun.launcher <> - Update configuration: action = unknown
44 [46912594637344] TRACE perfrun.launcher <> - Update configuration: collection type = system-wide
44 [46912594637344] TRACE perfrun.launcher <> - Update configuration: compression level = 2
44 [46912594637344] TRACE perfrun.launcher <> - Update configuration: duration = 0 sec
44 [46912594637344] TRACE perfrun.launcher <> - Update configuration: host ports = 4000,
44 [46912594637344] TRACE perfrun.launcher <> - Update configuration: target ports = 4001,9321,
44 [46912594637344] TRACE perfrun.launcher <> - Update configuration: data limit = 0 bytes
44 [46912594637344] TRACE perfrun.launcher <> - Update configuration: disc space limit = 0 bytes
44 [46912594637344] TRACE perfrun.launcher <> - Update configuration: return-app-exitcode = false
44 [46912594637344] TRACE perfrun.launcher <> - Update configuration: tmp directory = /tmp/advixe-tmp-an16228
44 [46912594637344] TRACE perfrun.launcher <> - Update configuration: result directory = /tmp/advixe-tmp-an16228/advixe-res-3328-112113735629165163
44 [46912594637344] TRACE perfrun.launcher <> - [IN] option = follow-child; value = true !bool
44 [46912594637344] TRACE perfrun.launcher <> - [IN] option = gelding; value = false !bool
44 [46912594637344] TRACE perfrun.launcher <> - [IN] option = time-source; value = auto !ustring
44 [46912594637344] TRACE perfrun.launcher <> - [IN] option = stack; value = true !bool
44 [46912594637344] TRACE perfrun.launcher <> - [IN] option = stack-stitching; value = false !bool
44 [46912594637344] TRACE perfrun.launcher <> - [IN] option = mrte-mode; value = native !ustring
44 [46912594637344] TRACE perfrun.launcher <> - [IN] option = collector; value = sep !ustring
44 [46912594637344] TRACE perfrun.launcher <> - [IN] option = system-wide; value = false !bool
44 [46912594637344] TRACE perfrun.launcher <> - [IN] option = kvm-guest; value = false !bool
44 [46912594637344] TRACE perfrun.launcher <> - [IN] option = dump-vdso; value = null
44 [46912594637344] TRACE perfrun.launcher <> - [IN] option = bandwidth-limits; value = false !bool
44 [46912594637344] TRACE perfrun.launcher <> - [IN] option = system-collector-config; value = all !ustring
44 [46912594637344] TRACE perfrun.launcher <> - [IN] option = trace-type; value = per-thread !ustring
44 [46912594637344] TRACE perfrun.launcher <> - [IN] option = instrumentation-type; value = pin !ustring
44 [46912594637344] TRACE perfrun.launcher <> - [IN] option = altstack; value = true !bool
44 [46912594637344] TRACE perfrun.launcher <> - EXIT:  void runtool::CmdLineParser::populate(runtool::IConfiguration *) const
45 [46912603141888] TRACE perfrun.tpss <> - ENTER: void runtool::tpss::Controller::setMessageChannel(runtool::sdk::IMessageChannel *)
45 [46912603141888] TRACE perfrun.tpss <> - EXIT:  void runtool::tpss::Controller::setMessageChannel(runtool::sdk::IMessageChannel *)
45 [46912594637344] INFO perfrun.launcher <> - create file finder object
45 [46912603141888] TRACE perfrun.tpss <> - ENTER: void runtool::tpss::Controller::setRequestHandler(runtool::sdk::IRequestHandler *)
45 [46912603141888] TRACE perfrun.tpss <> - EXIT:  void runtool::tpss::Controller::setRequestHandler(runtool::sdk::IRequestHandler *)
45 [46912594637344] TRACE perfrun.launcher <> - Handle the user request: action = 14
45 [46912594637344] TRACE perfrun.launcher <> - Do external action
45 [46912603141888] TRACE perfrun.launcher <> - Update configuration: follow child = 1
46 [46912603141888] TRACE perfrun.launcher <> - Update configuration: time source = 0
46 [46912603141888] TRACE perfrun.launcher <> - Update configuration: stack = 1
46 [46912603141888] TRACE perfrun.launcher <> - Update configuration: gelding = 0
46 [46912603141888] TRACE perfrun.launcher <> - Update configuration: stack stitching = 0
46 [46912603141888] INFO perfrun.launcher <> - plugin [remoteplug] was disabled because it doesn't support the given collection type.
46 [46912603141888] INFO perfrun.system <> - dumping [vdso] pseudomodule
47 [46912603141888] INFO perfrun.launcher <> - plugin [] was disabled because it doesn't support the given collection type.
47 [46912603141888] INFO perfrun.launcher <> - plugin [] was disabled because it doesn't support the given collection type.
47 [46912603141888] INFO perfrun.launcher <> - plugin [] was disabled because it doesn't support the given collection type.
47 [46912603141888] INFO perfrun.launcher <> - plugin [] was disabled because it doesn't support the given collection type.
47 [46912603141888] INFO perfrun.launcher <> - plugin [] was disabled because it doesn't support the given collection type.
47 [46912603141888] INFO perfrun.launcher <> - plugin [] was disabled because it doesn't support the given collection type.
47 [46912603141888] INFO perfrun.launcher <> - plugin [mrte] was disabled because it doesn't support the given collection type.
47 [46912603141888] INFO perfrun.launcher <> - plugin [] was disabled because it doesn't support the given collection type.
47 [46912603141888] INFO perfrun.launcher <> - plugin [] was disabled because it doesn't support the given collection type.
47 [46912603141888] INFO perfrun.launcher <> - plugin [] was disabled because it doesn't support the given collection type.
47 [46912603141888] INFO perfrun.launcher <> - plugin [] was disabled because it doesn't support the given collection type.
47 [46912603141888] INFO perfrun.launcher <> - plugin [] was disabled because it doesn't support the given collection type.
47 [46912603141888] INFO perfrun.launcher <> - plugin [] was disabled because it doesn't support the given collection type.
47 [46912603141888] INFO perfrun.launcher <> - plugin [tpss] was disabled because it doesn't support the given collection type.
47 [46912603141888] INFO perfrun.launcher <> - plugin [] was disabled because it doesn't support the given collection type.
47 [46912603141888] INFO perfrun.launcher <> - plugin [] was disabled because it doesn't support the given collection type.
47 [46912603141888] INFO perfrun.launcher <> - plugin [] was disabled because it doesn't support the given collection type.
47 [46912603141888] INFO perfrun.launcher <> - plugin [] was disabled because it doesn't support the given collection type.
47 [46912603141888] INFO perfrun.launcher <> - plugin [] was disabled because it doesn't support the given collection type.
47 [46912594637344] TRACE perfrun.launcher <> - IMessenger: send collection state with state = 3
47 [46912594637344] INFO perfrun.launcher <> - Application exit code: 0
47 [46912594637344] INFO perfrun.launcher <> - Exit code: 0
47 [46912594637344] TRACE perfrun.launcher <> - EXIT:  Start the collection
47 [46912594637344] TRACE perfrun.launcher <> - ENTER: Destroy the launcher...
47 [46912594637344] TRACE perfrun.launcher <> - EXIT:  Destroy the launcher...
48 [46912594637344] TRACE perfrun.launcher <> - PluginManagerProxy::doOperation thread was terminated.
48 [46912594637344] TRACE perfrun.launcher <> - EXIT:  int main(int, char **)
